{"/Users/laiszacarias/casaemordem/server/middleware/auth.js": {"path":"/Users/laiszacarias/casaemordem/server/middleware/auth.js","statementMap":{"0":{"start":{"line":1,"column":16},"end":{"line":1,"column":39}},"1":{"start":{"line":3,"column":23},"end":{"line":22,"column":1}},"2":{"start":{"line":4,"column":21},"end":{"line":4,"column":46}},"3":{"start":{"line":6,"column":2},"end":{"line":8,"column":3}},"4":{"start":{"line":7,"column":4},"end":{"line":7,"column":62}},"5":{"start":{"line":10,"column":16},"end":{"line":10,"column":58}},"6":{"start":{"line":11,"column":2},"end":{"line":13,"column":3}},"7":{"start":{"line":12,"column":4},"end":{"line":12,"column":61}},"8":{"start":{"line":15,"column":18},"end":{"line":15,"column":44}},"9":{"start":{"line":16,"column":2},"end":{"line":18,"column":3}},"10":{"start":{"line":17,"column":4},"end":{"line":17,"column":73}},"11":{"start":{"line":20,"column":2},"end":{"line":20,"column":21}},"12":{"start":{"line":21,"column":2},"end":{"line":21,"column":9}},"13":{"start":{"line":24,"column":0},"end":{"line":24,"column":32}}},"fnMap":{"0":{"name":"(anonymous_0)","decl":{"start":{"line":3,"column":23},"end":{"line":3,"column":24}},"loc":{"start":{"line":3,"column":43},"end":{"line":22,"column":1}},"line":3}},"branchMap":{"0":{"loc":{"start":{"line":6,"column":2},"end":{"line":8,"column":3}},"type":"if","locations":[{"start":{"line":6,"column":2},"end":{"line":8,"column":3}},{"start":{},"end":{}}],"line":6},"1":{"loc":{"start":{"line":11,"column":2},"end":{"line":13,"column":3}},"type":"if","locations":[{"start":{"line":11,"column":2},"end":{"line":13,"column":3}},{"start":{},"end":{}}],"line":11},"2":{"loc":{"start":{"line":16,"column":2},"end":{"line":18,"column":3}},"type":"if","locations":[{"start":{"line":16,"column":2},"end":{"line":18,"column":3}},{"start":{},"end":{}}],"line":16}},"s":{"0":0,"1":0,"2":0,"3":0,"4":0,"5":0,"6":0,"7":0,"8":0,"9":0,"10":0,"11":0,"12":0,"13":0},"f":{"0":0},"b":{"0":[0,0],"1":[0,0],"2":[0,0]}}
,"/Users/laiszacarias/casaemordem/server/models/Household.js": {"path":"/Users/laiszacarias/casaemordem/server/models/Household.js","statementMap":{"0":{"start":{"line":1,"column":11},"end":{"line":1,"column":40}},"1":{"start":{"line":5,"column":18},"end":{"line":5,"column":56}},"2":{"start":{"line":6,"column":15},"end":{"line":6,"column":17}},"3":{"start":{"line":7,"column":4},"end":{"line":9,"column":5}},"4":{"start":{"line":7,"column":17},"end":{"line":7,"column":18}},"5":{"start":{"line":8,"column":6},"end":{"line":8,"column":69}},"6":{"start":{"line":10,"column":4},"end":{"line":10,"column":16}},"7":{"start":{"line":14,"column":4},"end":{"line":43,"column":7}},"8":{"start":{"line":15,"column":25},"end":{"line":15,"column":50}},"9":{"start":{"line":17,"column":6},"end":{"line":42,"column":8}},"10":{"start":{"line":21,"column":10},"end":{"line":21,"column":38}},"11":{"start":{"line":21,"column":19},"end":{"line":21,"column":38}},"12":{"start":{"line":23,"column":30},"end":{"line":23,"column":41}},"13":{"start":{"line":25,"column":10},"end":{"line":40,"column":12}},"14":{"start":{"line":29,"column":14},"end":{"line":29,"column":44}},"15":{"start":{"line":29,"column":24},"end":{"line":29,"column":44}},"16":{"start":{"line":31,"column":14},"end":{"line":38,"column":16}},"17":{"start":{"line":35,"column":18},"end":{"line":35,"column":48}},"18":{"start":{"line":35,"column":28},"end":{"line":35,"column":48}},"19":{"start":{"line":36,"column":18},"end":{"line":36,"column":97}},"20":{"start":{"line":47,"column":4},"end":{"line":53,"column":7}},"21":{"start":{"line":48,"column":18},"end":{"line":48,"column":66}},"22":{"start":{"line":49,"column":6},"end":{"line":52,"column":9}},"23":{"start":{"line":50,"column":8},"end":{"line":51,"column":26}},"24":{"start":{"line":50,"column":17},"end":{"line":50,"column":29}},"25":{"start":{"line":51,"column":13},"end":{"line":51,"column":26}},"26":{"start":{"line":57,"column":4},"end":{"line":63,"column":7}},"27":{"start":{"line":58,"column":18},"end":{"line":58,"column":57}},"28":{"start":{"line":59,"column":6},"end":{"line":62,"column":9}},"29":{"start":{"line":60,"column":8},"end":{"line":61,"column":26}},"30":{"start":{"line":60,"column":17},"end":{"line":60,"column":29}},"31":{"start":{"line":61,"column":13},"end":{"line":61,"column":26}},"32":{"start":{"line":67,"column":4},"end":{"line":84,"column":7}},"33":{"start":{"line":68,"column":6},"end":{"line":83,"column":8}},"34":{"start":{"line":72,"column":10},"end":{"line":72,"column":38}},"35":{"start":{"line":72,"column":19},"end":{"line":72,"column":38}},"36":{"start":{"line":74,"column":10},"end":{"line":81,"column":12}},"37":{"start":{"line":78,"column":14},"end":{"line":78,"column":44}},"38":{"start":{"line":78,"column":24},"end":{"line":78,"column":44}},"39":{"start":{"line":79,"column":14},"end":{"line":79,"column":70}},"40":{"start":{"line":88,"column":4},"end":{"line":99,"column":7}},"41":{"start":{"line":89,"column":18},"end":{"line":94,"column":7}},"42":{"start":{"line":95,"column":6},"end":{"line":98,"column":9}},"43":{"start":{"line":96,"column":8},"end":{"line":97,"column":27}},"44":{"start":{"line":96,"column":17},"end":{"line":96,"column":29}},"45":{"start":{"line":97,"column":13},"end":{"line":97,"column":27}},"46":{"start":{"line":103,"column":4},"end":{"line":113,"column":7}},"47":{"start":{"line":104,"column":22},"end":{"line":104,"column":47}},"48":{"start":{"line":105,"column":6},"end":{"line":112,"column":8}},"49":{"start":{"line":109,"column":10},"end":{"line":109,"column":38}},"50":{"start":{"line":109,"column":19},"end":{"line":109,"column":38}},"51":{"start":{"line":110,"column":10},"end":{"line":110,"column":44}},"52":{"start":{"line":117,"column":4},"end":{"line":123,"column":7}},"53":{"start":{"line":118,"column":18},"end":{"line":118,"column":101}},"54":{"start":{"line":119,"column":6},"end":{"line":122,"column":9}},"55":{"start":{"line":120,"column":8},"end":{"line":121,"column":26}},"56":{"start":{"line":120,"column":17},"end":{"line":120,"column":29}},"57":{"start":{"line":121,"column":13},"end":{"line":121,"column":26}},"58":{"start":{"line":127,"column":0},"end":{"line":127,"column":27}}},"fnMap":{"0":{"name":"(anonymous_0)","decl":{"start":{"line":4,"column":2},"end":{"line":4,"column":3}},"loc":{"start":{"line":4,"column":30},"end":{"line":11,"column":3}},"line":4},"1":{"name":"(anonymous_1)","decl":{"start":{"line":13,"column":2},"end":{"line":13,"column":3}},"loc":{"start":{"line":13,"column":38},"end":{"line":44,"column":3}},"line":13},"2":{"name":"(anonymous_2)","decl":{"start":{"line":14,"column":23},"end":{"line":14,"column":24}},"loc":{"start":{"line":14,"column":44},"end":{"line":43,"column":5}},"line":14},"3":{"name":"(anonymous_3)","decl":{"start":{"line":20,"column":8},"end":{"line":20,"column":9}},"loc":{"start":{"line":20,"column":22},"end":{"line":41,"column":9}},"line":20},"4":{"name":"(anonymous_4)","decl":{"start":{"line":28,"column":12},"end":{"line":28,"column":13}},"loc":{"start":{"line":28,"column":27},"end":{"line":39,"column":13}},"line":28},"5":{"name":"(anonymous_5)","decl":{"start":{"line":34,"column":16},"end":{"line":34,"column":17}},"loc":{"start":{"line":34,"column":31},"end":{"line":37,"column":17}},"line":34},"6":{"name":"(anonymous_6)","decl":{"start":{"line":46,"column":2},"end":{"line":46,"column":3}},"loc":{"start":{"line":46,"column":32},"end":{"line":54,"column":3}},"line":46},"7":{"name":"(anonymous_7)","decl":{"start":{"line":47,"column":23},"end":{"line":47,"column":24}},"loc":{"start":{"line":47,"column":44},"end":{"line":53,"column":5}},"line":47},"8":{"name":"(anonymous_8)","decl":{"start":{"line":49,"column":26},"end":{"line":49,"column":27}},"loc":{"start":{"line":49,"column":40},"end":{"line":52,"column":7}},"line":49},"9":{"name":"(anonymous_9)","decl":{"start":{"line":56,"column":2},"end":{"line":56,"column":3}},"loc":{"start":{"line":56,"column":22},"end":{"line":64,"column":3}},"line":56},"10":{"name":"(anonymous_10)","decl":{"start":{"line":57,"column":23},"end":{"line":57,"column":24}},"loc":{"start":{"line":57,"column":44},"end":{"line":63,"column":5}},"line":57},"11":{"name":"(anonymous_11)","decl":{"start":{"line":59,"column":24},"end":{"line":59,"column":25}},"loc":{"start":{"line":59,"column":38},"end":{"line":62,"column":7}},"line":59},"12":{"name":"(anonymous_12)","decl":{"start":{"line":66,"column":2},"end":{"line":66,"column":3}},"loc":{"start":{"line":66,"column":35},"end":{"line":85,"column":3}},"line":66},"13":{"name":"(anonymous_13)","decl":{"start":{"line":67,"column":23},"end":{"line":67,"column":24}},"loc":{"start":{"line":67,"column":44},"end":{"line":84,"column":5}},"line":67},"14":{"name":"(anonymous_14)","decl":{"start":{"line":71,"column":8},"end":{"line":71,"column":9}},"loc":{"start":{"line":71,"column":22},"end":{"line":82,"column":9}},"line":71},"15":{"name":"(anonymous_15)","decl":{"start":{"line":77,"column":12},"end":{"line":77,"column":13}},"loc":{"start":{"line":77,"column":27},"end":{"line":80,"column":13}},"line":77},"16":{"name":"(anonymous_16)","decl":{"start":{"line":87,"column":2},"end":{"line":87,"column":3}},"loc":{"start":{"line":87,"column":33},"end":{"line":100,"column":3}},"line":87},"17":{"name":"(anonymous_17)","decl":{"start":{"line":88,"column":23},"end":{"line":88,"column":24}},"loc":{"start":{"line":88,"column":44},"end":{"line":99,"column":5}},"line":88},"18":{"name":"(anonymous_18)","decl":{"start":{"line":95,"column":33},"end":{"line":95,"column":34}},"loc":{"start":{"line":95,"column":48},"end":{"line":98,"column":7}},"line":95},"19":{"name":"(anonymous_19)","decl":{"start":{"line":102,"column":2},"end":{"line":102,"column":3}},"loc":{"start":{"line":102,"column":37},"end":{"line":114,"column":3}},"line":102},"20":{"name":"(anonymous_20)","decl":{"start":{"line":103,"column":23},"end":{"line":103,"column":24}},"loc":{"start":{"line":103,"column":44},"end":{"line":113,"column":5}},"line":103},"21":{"name":"(anonymous_21)","decl":{"start":{"line":108,"column":8},"end":{"line":108,"column":9}},"loc":{"start":{"line":108,"column":22},"end":{"line":111,"column":9}},"line":108},"22":{"name":"(anonymous_22)","decl":{"start":{"line":116,"column":2},"end":{"line":116,"column":3}},"loc":{"start":{"line":116,"column":30},"end":{"line":124,"column":3}},"line":116},"23":{"name":"(anonymous_23)","decl":{"start":{"line":117,"column":23},"end":{"line":117,"column":24}},"loc":{"start":{"line":117,"column":44},"end":{"line":123,"column":5}},"line":117},"24":{"name":"(anonymous_24)","decl":{"start":{"line":119,"column":28},"end":{"line":119,"column":29}},"loc":{"start":{"line":119,"column":42},"end":{"line":122,"column":7}},"line":119}},"branchMap":{"0":{"loc":{"start":{"line":13,"column":25},"end":{"line":13,"column":36}},"type":"default-arg","locations":[{"start":{"line":13,"column":32},"end":{"line":13,"column":36}}],"line":13},"1":{"loc":{"start":{"line":21,"column":10},"end":{"line":21,"column":38}},"type":"if","locations":[{"start":{"line":21,"column":10},"end":{"line":21,"column":38}},{"start":{},"end":{}}],"line":21},"2":{"loc":{"start":{"line":29,"column":14},"end":{"line":29,"column":44}},"type":"if","locations":[{"start":{"line":29,"column":14},"end":{"line":29,"column":44}},{"start":{},"end":{}}],"line":29},"3":{"loc":{"start":{"line":35,"column":18},"end":{"line":35,"column":48}},"type":"if","locations":[{"start":{"line":35,"column":18},"end":{"line":35,"column":48}},{"start":{},"end":{}}],"line":35},"4":{"loc":{"start":{"line":50,"column":8},"end":{"line":51,"column":26}},"type":"if","locations":[{"start":{"line":50,"column":8},"end":{"line":51,"column":26}},{"start":{"line":51,"column":13},"end":{"line":51,"column":26}}],"line":50},"5":{"loc":{"start":{"line":60,"column":8},"end":{"line":61,"column":26}},"type":"if","locations":[{"start":{"line":60,"column":8},"end":{"line":61,"column":26}},{"start":{"line":61,"column":13},"end":{"line":61,"column":26}}],"line":60},"6":{"loc":{"start":{"line":72,"column":10},"end":{"line":72,"column":38}},"type":"if","locations":[{"start":{"line":72,"column":10},"end":{"line":72,"column":38}},{"start":{},"end":{}}],"line":72},"7":{"loc":{"start":{"line":78,"column":14},"end":{"line":78,"column":44}},"type":"if","locations":[{"start":{"line":78,"column":14},"end":{"line":78,"column":44}},{"start":{},"end":{}}],"line":78},"8":{"loc":{"start":{"line":96,"column":8},"end":{"line":97,"column":27}},"type":"if","locations":[{"start":{"line":96,"column":8},"end":{"line":97,"column":27}},{"start":{"line":97,"column":13},"end":{"line":97,"column":27}}],"line":96},"9":{"loc":{"start":{"line":109,"column":10},"end":{"line":109,"column":38}},"type":"if","locations":[{"start":{"line":109,"column":10},"end":{"line":109,"column":38}},{"start":{},"end":{}}],"line":109},"10":{"loc":{"start":{"line":120,"column":8},"end":{"line":121,"column":26}},"type":"if","locations":[{"start":{"line":120,"column":8},"end":{"line":121,"column":26}},{"start":{"line":121,"column":13},"end":{"line":121,"column":26}}],"line":120}},"s":{"0":0,"1":0,"2":0,"3":0,"4":0,"5":0,"6":0,"7":0,"8":0,"9":0,"10":0,"11":0,"12":0,"13":0,"14":0,"15":0,"16":0,"17":0,"18":0,"19":0,"20":0,"21":0,"22":0,"23":0,"24":0,"25":0,"26":0,"27":0,"28":0,"29":0,"30":0,"31":0,"32":0,"33":0,"34":0,"35":0,"36":0,"37":0,"38":0,"39":0,"40":0,"41":0,"42":0,"43":0,"44":0,"45":0,"46":0,"47":0,"48":0,"49":0,"50":0,"51":0,"52":0,"53":0,"54":0,"55":0,"56":0,"57":0,"58":0},"f":{"0":0,"1":0,"2":0,"3":0,"4":0,"5":0,"6":0,"7":0,"8":0,"9":0,"10":0,"11":0,"12":0,"13":0,"14":0,"15":0,"16":0,"17":0,"18":0,"19":0,"20":0,"21":0,"22":0,"23":0,"24":0},"b":{"0":[0],"1":[0,0],"2":[0,0],"3":[0,0],"4":[0,0],"5":[0,0],"6":[0,0],"7":[0,0],"8":[0,0],"9":[0,0],"10":[0,0]}}
,"/Users/laiszacarias/casaemordem/server/models/Task.js": {"path":"/Users/laiszacarias/casaemordem/server/models/Task.js","statementMap":{"0":{"start":{"line":1,"column":11},"end":{"line":1,"column":40}},"1":{"start":{"line":2,"column":21},"end":{"line":2,"column":46}},"2":{"start":{"line":6,"column":4},"end":{"line":82,"column":7}},"3":{"start":{"line":7,"column":6},"end":{"line":81,"column":7}},"4":{"start":{"line":8,"column":26},"end":{"line":8,"column":73}},"5":{"start":{"line":10,"column":8},"end":{"line":12,"column":9}},"6":{"start":{"line":11,"column":10},"end":{"line":11,"column":82}},"7":{"start":{"line":14,"column":22},"end":{"line":14,"column":41}},"8":{"start":{"line":15,"column":20},"end":{"line":15,"column":37}},"9":{"start":{"line":16,"column":30},"end":{"line":16,"column":32}},"10":{"start":{"line":18,"column":8},"end":{"line":53,"column":9}},"11":{"start":{"line":18,"column":21},"end":{"line":18,"column":36}},"12":{"start":{"line":19,"column":30},"end":{"line":19,"column":59}},"13":{"start":{"line":20,"column":28},"end":{"line":20,"column":38}},"14":{"start":{"line":21,"column":29},"end":{"line":21,"column":40}},"15":{"start":{"line":22,"column":30},"end":{"line":22,"column":55}},"16":{"start":{"line":23,"column":30},"end":{"line":23,"column":46}},"17":{"start":{"line":25,"column":10},"end":{"line":52,"column":11}},"18":{"start":{"line":26,"column":33},"end":{"line":26,"column":38}},"19":{"start":{"line":28,"column":12},"end":{"line":39,"column":13}},"20":{"start":{"line":29,"column":14},"end":{"line":29,"column":36}},"21":{"start":{"line":30,"column":19},"end":{"line":39,"column":13}},"22":{"start":{"line":32,"column":34},"end":{"line":32,"column":52}},"23":{"start":{"line":33,"column":14},"end":{"line":33,"column":57}},"24":{"start":{"line":34,"column":19},"end":{"line":39,"column":13}},"25":{"start":{"line":35,"column":31},"end":{"line":35,"column":50}},"26":{"start":{"line":36,"column":14},"end":{"line":36,"column":63}},"27":{"start":{"line":37,"column":19},"end":{"line":39,"column":13}},"28":{"start":{"line":38,"column":14},"end":{"line":38,"column":65}},"29":{"start":{"line":41,"column":12},"end":{"line":51,"column":13}},"30":{"start":{"line":42,"column":14},"end":{"line":50,"column":17}},"31":{"start":{"line":55,"column":8},"end":{"line":57,"column":9}},"32":{"start":{"line":56,"column":10},"end":{"line":56,"column":92}},"33":{"start":{"line":59,"column":26},"end":{"line":62,"column":9}},"34":{"start":{"line":64,"column":24},"end":{"line":64,"column":25}},"35":{"start":{"line":65,"column":8},"end":{"line":76,"column":9}},"36":{"start":{"line":66,"column":10},"end":{"line":75,"column":13}},"37":{"start":{"line":67,"column":12},"end":{"line":74,"column":15}},"38":{"start":{"line":71,"column":14},"end":{"line":71,"column":39}},"39":{"start":{"line":71,"column":23},"end":{"line":71,"column":39}},"40":{"start":{"line":72,"column":14},"end":{"line":72,"column":26}},"41":{"start":{"line":73,"column":14},"end":{"line":73,"column":20}},"42":{"start":{"line":78,"column":8},"end":{"line":78,"column":72}},"43":{"start":{"line":80,"column":8},"end":{"line":80,"column":22}},"44":{"start":{"line":86,"column":4},"end":{"line":116,"column":7}},"45":{"start":{"line":87,"column":16},"end":{"line":87,"column":60}},"46":{"start":{"line":88,"column":21},"end":{"line":88,"column":34}},"47":{"start":{"line":90,"column":6},"end":{"line":93,"column":7}},"48":{"start":{"line":91,"column":8},"end":{"line":91,"column":35}},"49":{"start":{"line":92,"column":8},"end":{"line":92,"column":34}},"50":{"start":{"line":95,"column":6},"end":{"line":98,"column":7}},"51":{"start":{"line":96,"column":8},"end":{"line":96,"column":47}},"52":{"start":{"line":97,"column":8},"end":{"line":97,"column":56}},"53":{"start":{"line":100,"column":6},"end":{"line":103,"column":7}},"54":{"start":{"line":101,"column":8},"end":{"line":101,"column":36}},"55":{"start":{"line":102,"column":8},"end":{"line":102,"column":47}},"56":{"start":{"line":105,"column":6},"end":{"line":108,"column":7}},"57":{"start":{"line":106,"column":8},"end":{"line":106,"column":38}},"58":{"start":{"line":107,"column":8},"end":{"line":107,"column":40}},"59":{"start":{"line":110,"column":6},"end":{"line":110,"column":46}},"60":{"start":{"line":112,"column":6},"end":{"line":115,"column":9}},"61":{"start":{"line":113,"column":8},"end":{"line":114,"column":27}},"62":{"start":{"line":113,"column":17},"end":{"line":113,"column":29}},"63":{"start":{"line":114,"column":13},"end":{"line":114,"column":27}},"64":{"start":{"line":120,"column":4},"end":{"line":126,"column":7}},"65":{"start":{"line":121,"column":18},"end":{"line":121,"column":52}},"66":{"start":{"line":122,"column":6},"end":{"line":125,"column":9}},"67":{"start":{"line":123,"column":8},"end":{"line":124,"column":26}},"68":{"start":{"line":123,"column":17},"end":{"line":123,"column":29}},"69":{"start":{"line":124,"column":13},"end":{"line":124,"column":26}},"70":{"start":{"line":130,"column":4},"end":{"line":157,"column":7}},"71":{"start":{"line":131,"column":6},"end":{"line":156,"column":7}},"72":{"start":{"line":132,"column":21},"end":{"line":132,"column":44}},"73":{"start":{"line":133,"column":8},"end":{"line":135,"column":9}},"74":{"start":{"line":134,"column":10},"end":{"line":134,"column":60}},"75":{"start":{"line":137,"column":26},"end":{"line":137,"column":48}},"76":{"start":{"line":138,"column":28},"end":{"line":138,"column":71}},"77":{"start":{"line":140,"column":20},"end":{"line":144,"column":9}},"78":{"start":{"line":146,"column":8},"end":{"line":153,"column":11}},"79":{"start":{"line":147,"column":10},"end":{"line":147,"column":38}},"80":{"start":{"line":147,"column":19},"end":{"line":147,"column":38}},"81":{"start":{"line":148,"column":10},"end":{"line":152,"column":13}},"82":{"start":{"line":155,"column":8},"end":{"line":155,"column":22}},"83":{"start":{"line":161,"column":4},"end":{"line":171,"column":7}},"84":{"start":{"line":162,"column":18},"end":{"line":165,"column":7}},"85":{"start":{"line":167,"column":6},"end":{"line":170,"column":9}},"86":{"start":{"line":168,"column":8},"end":{"line":168,"column":36}},"87":{"start":{"line":168,"column":17},"end":{"line":168,"column":36}},"88":{"start":{"line":169,"column":8},"end":{"line":169,"column":43}},"89":{"start":{"line":175,"column":4},"end":{"line":181,"column":7}},"90":{"start":{"line":176,"column":18},"end":{"line":176,"column":60}},"91":{"start":{"line":177,"column":6},"end":{"line":180,"column":9}},"92":{"start":{"line":178,"column":8},"end":{"line":178,"column":36}},"93":{"start":{"line":178,"column":17},"end":{"line":178,"column":36}},"94":{"start":{"line":179,"column":8},"end":{"line":179,"column":43}},"95":{"start":{"line":185,"column":4},"end":{"line":191,"column":7}},"96":{"start":{"line":186,"column":18},"end":{"line":186,"column":50}},"97":{"start":{"line":187,"column":6},"end":{"line":190,"column":9}},"98":{"start":{"line":188,"column":8},"end":{"line":188,"column":36}},"99":{"start":{"line":188,"column":17},"end":{"line":188,"column":36}},"100":{"start":{"line":189,"column":8},"end":{"line":189,"column":43}},"101":{"start":{"line":195,"column":4},"end":{"line":209,"column":7}},"102":{"start":{"line":196,"column":18},"end":{"line":203,"column":7}},"103":{"start":{"line":205,"column":6},"end":{"line":208,"column":9}},"104":{"start":{"line":206,"column":8},"end":{"line":207,"column":26}},"105":{"start":{"line":206,"column":17},"end":{"line":206,"column":29}},"106":{"start":{"line":207,"column":13},"end":{"line":207,"column":26}},"107":{"start":{"line":213,"column":4},"end":{"line":231,"column":7}},"108":{"start":{"line":214,"column":26},"end":{"line":214,"column":42}},"109":{"start":{"line":215,"column":24},"end":{"line":215,"column":43}},"110":{"start":{"line":216,"column":22},"end":{"line":216,"column":54}},"111":{"start":{"line":217,"column":22},"end":{"line":217,"column":49}},"112":{"start":{"line":219,"column":18},"end":{"line":225,"column":7}},"113":{"start":{"line":227,"column":6},"end":{"line":230,"column":9}},"114":{"start":{"line":228,"column":8},"end":{"line":229,"column":27}},"115":{"start":{"line":228,"column":17},"end":{"line":228,"column":29}},"116":{"start":{"line":229,"column":13},"end":{"line":229,"column":27}},"117":{"start":{"line":235,"column":4},"end":{"line":293,"column":7}},"118":{"start":{"line":236,"column":6},"end":{"line":292,"column":7}},"119":{"start":{"line":237,"column":28},"end":{"line":240,"column":10}},"120":{"start":{"line":242,"column":8},"end":{"line":244,"column":9}},"121":{"start":{"line":243,"column":10},"end":{"line":243,"column":91}},"122":{"start":{"line":246,"column":27},"end":{"line":246,"column":29}},"123":{"start":{"line":247,"column":8},"end":{"line":251,"column":9}},"124":{"start":{"line":248,"column":28},"end":{"line":248,"column":60}},"125":{"start":{"line":249,"column":10},"end":{"line":249,"column":65}},"126":{"start":{"line":249,"column":38},"end":{"line":249,"column":65}},"127":{"start":{"line":250,"column":10},"end":{"line":250,"column":43}},"128":{"start":{"line":253,"column":27},"end":{"line":253,"column":29}},"129":{"start":{"line":254,"column":8},"end":{"line":259,"column":9}},"130":{"start":{"line":254,"column":21},"end":{"line":254,"column":42}},"131":{"start":{"line":255,"column":28},"end":{"line":255,"column":38}},"132":{"start":{"line":256,"column":26},"end":{"line":256,"column":55}},"133":{"start":{"line":257,"column":10},"end":{"line":257,"column":65}},"134":{"start":{"line":257,"column":38},"end":{"line":257,"column":65}},"135":{"start":{"line":258,"column":10},"end":{"line":258,"column":46}},"136":{"start":{"line":261,"column":24},"end":{"line":261,"column":25}},"137":{"start":{"line":262,"column":26},"end":{"line":265,"column":9}},"138":{"start":{"line":267,"column":8},"end":{"line":287,"column":9}},"139":{"start":{"line":268,"column":10},"end":{"line":268,"column":47}},"140":{"start":{"line":268,"column":38},"end":{"line":268,"column":47}},"141":{"start":{"line":270,"column":35},"end":{"line":270,"column":56}},"142":{"start":{"line":271,"column":35},"end":{"line":271,"column":56}},"143":{"start":{"line":273,"column":10},"end":{"line":286,"column":11}},"144":{"start":{"line":274,"column":12},"end":{"line":285,"column":13}},"145":{"start":{"line":275,"column":14},"end":{"line":284,"column":17}},"146":{"start":{"line":276,"column":16},"end":{"line":283,"column":19}},"147":{"start":{"line":280,"column":18},"end":{"line":280,"column":43}},"148":{"start":{"line":280,"column":27},"end":{"line":280,"column":43}},"149":{"start":{"line":281,"column":18},"end":{"line":281,"column":30}},"150":{"start":{"line":282,"column":18},"end":{"line":282,"column":24}},"151":{"start":{"line":289,"column":8},"end":{"line":289,"column":73}},"152":{"start":{"line":291,"column":8},"end":{"line":291,"column":22}},"153":{"start":{"line":297,"column":0},"end":{"line":297,"column":22}}},"fnMap":{"0":{"name":"(anonymous_0)","decl":{"start":{"line":5,"column":2},"end":{"line":5,"column":3}},"loc":{"start":{"line":5,"column":64},"end":{"line":83,"column":3}},"line":5},"1":{"name":"(anonymous_1)","decl":{"start":{"line":6,"column":23},"end":{"line":6,"column":24}},"loc":{"start":{"line":6,"column":50},"end":{"line":82,"column":5}},"line":6},"2":{"name":"(anonymous_2)","decl":{"start":{"line":66,"column":28},"end":{"line":66,"column":29}},"loc":{"start":{"line":66,"column":42},"end":{"line":75,"column":11}},"line":66},"3":{"name":"(anonymous_3)","decl":{"start":{"line":70,"column":15},"end":{"line":70,"column":16}},"loc":{"start":{"line":70,"column":29},"end":{"line":74,"column":13}},"line":70},"4":{"name":"(anonymous_4)","decl":{"start":{"line":85,"column":2},"end":{"line":85,"column":3}},"loc":{"start":{"line":85,"column":52},"end":{"line":117,"column":3}},"line":85},"5":{"name":"(anonymous_5)","decl":{"start":{"line":86,"column":23},"end":{"line":86,"column":24}},"loc":{"start":{"line":86,"column":44},"end":{"line":116,"column":5}},"line":86},"6":{"name":"(anonymous_6)","decl":{"start":{"line":112,"column":26},"end":{"line":112,"column":27}},"loc":{"start":{"line":112,"column":41},"end":{"line":115,"column":7}},"line":112},"7":{"name":"(anonymous_7)","decl":{"start":{"line":119,"column":2},"end":{"line":119,"column":3}},"loc":{"start":{"line":119,"column":22},"end":{"line":127,"column":3}},"line":119},"8":{"name":"(anonymous_8)","decl":{"start":{"line":120,"column":23},"end":{"line":120,"column":24}},"loc":{"start":{"line":120,"column":44},"end":{"line":126,"column":5}},"line":120},"9":{"name":"(anonymous_9)","decl":{"start":{"line":122,"column":24},"end":{"line":122,"column":25}},"loc":{"start":{"line":122,"column":38},"end":{"line":125,"column":7}},"line":122},"10":{"name":"(anonymous_10)","decl":{"start":{"line":129,"column":2},"end":{"line":129,"column":3}},"loc":{"start":{"line":129,"column":28},"end":{"line":158,"column":3}},"line":129},"11":{"name":"(anonymous_11)","decl":{"start":{"line":130,"column":23},"end":{"line":130,"column":24}},"loc":{"start":{"line":130,"column":50},"end":{"line":157,"column":5}},"line":130},"12":{"name":"(anonymous_12)","decl":{"start":{"line":146,"column":50},"end":{"line":146,"column":51}},"loc":{"start":{"line":146,"column":64},"end":{"line":153,"column":9}},"line":146},"13":{"name":"(anonymous_13)","decl":{"start":{"line":160,"column":2},"end":{"line":160,"column":3}},"loc":{"start":{"line":160,"column":57},"end":{"line":172,"column":3}},"line":160},"14":{"name":"(anonymous_14)","decl":{"start":{"line":161,"column":23},"end":{"line":161,"column":24}},"loc":{"start":{"line":161,"column":44},"end":{"line":171,"column":5}},"line":161},"15":{"name":"(anonymous_15)","decl":{"start":{"line":167,"column":53},"end":{"line":167,"column":54}},"loc":{"start":{"line":167,"column":67},"end":{"line":170,"column":7}},"line":167},"16":{"name":"(anonymous_16)","decl":{"start":{"line":174,"column":2},"end":{"line":174,"column":3}},"loc":{"start":{"line":174,"column":32},"end":{"line":182,"column":3}},"line":174},"17":{"name":"(anonymous_17)","decl":{"start":{"line":175,"column":23},"end":{"line":175,"column":24}},"loc":{"start":{"line":175,"column":44},"end":{"line":181,"column":5}},"line":175},"18":{"name":"(anonymous_18)","decl":{"start":{"line":177,"column":33},"end":{"line":177,"column":34}},"loc":{"start":{"line":177,"column":47},"end":{"line":180,"column":7}},"line":177},"19":{"name":"(anonymous_19)","decl":{"start":{"line":184,"column":2},"end":{"line":184,"column":3}},"loc":{"start":{"line":184,"column":20},"end":{"line":192,"column":3}},"line":184},"20":{"name":"(anonymous_20)","decl":{"start":{"line":185,"column":23},"end":{"line":185,"column":24}},"loc":{"start":{"line":185,"column":44},"end":{"line":191,"column":5}},"line":185},"21":{"name":"(anonymous_21)","decl":{"start":{"line":187,"column":24},"end":{"line":187,"column":25}},"loc":{"start":{"line":187,"column":38},"end":{"line":190,"column":7}},"line":187},"22":{"name":"(anonymous_22)","decl":{"start":{"line":194,"column":2},"end":{"line":194,"column":3}},"loc":{"start":{"line":194,"column":51},"end":{"line":210,"column":3}},"line":194},"23":{"name":"(anonymous_23)","decl":{"start":{"line":195,"column":23},"end":{"line":195,"column":24}},"loc":{"start":{"line":195,"column":44},"end":{"line":209,"column":5}},"line":195},"24":{"name":"(anonymous_24)","decl":{"start":{"line":205,"column":53},"end":{"line":205,"column":54}},"loc":{"start":{"line":205,"column":67},"end":{"line":208,"column":7}},"line":205},"25":{"name":"(anonymous_25)","decl":{"start":{"line":212,"column":2},"end":{"line":212,"column":3}},"loc":{"start":{"line":212,"column":40},"end":{"line":232,"column":3}},"line":212},"26":{"name":"(anonymous_26)","decl":{"start":{"line":213,"column":23},"end":{"line":213,"column":24}},"loc":{"start":{"line":213,"column":44},"end":{"line":231,"column":5}},"line":213},"27":{"name":"(anonymous_27)","decl":{"start":{"line":227,"column":53},"end":{"line":227,"column":54}},"loc":{"start":{"line":227,"column":68},"end":{"line":230,"column":7}},"line":227},"28":{"name":"(anonymous_28)","decl":{"start":{"line":234,"column":2},"end":{"line":234,"column":3}},"loc":{"start":{"line":234,"column":85},"end":{"line":294,"column":3}},"line":234},"29":{"name":"(anonymous_29)","decl":{"start":{"line":235,"column":23},"end":{"line":235,"column":24}},"loc":{"start":{"line":235,"column":50},"end":{"line":293,"column":5}},"line":235},"30":{"name":"(anonymous_30)","decl":{"start":{"line":275,"column":32},"end":{"line":275,"column":33}},"loc":{"start":{"line":275,"column":46},"end":{"line":284,"column":15}},"line":275},"31":{"name":"(anonymous_31)","decl":{"start":{"line":279,"column":19},"end":{"line":279,"column":20}},"loc":{"start":{"line":279,"column":33},"end":{"line":283,"column":17}},"line":279}},"branchMap":{"0":{"loc":{"start":{"line":10,"column":8},"end":{"line":12,"column":9}},"type":"if","locations":[{"start":{"line":10,"column":8},"end":{"line":12,"column":9}},{"start":{},"end":{}}],"line":10},"1":{"loc":{"start":{"line":28,"column":12},"end":{"line":39,"column":13}},"type":"if","locations":[{"start":{"line":28,"column":12},"end":{"line":39,"column":13}},{"start":{"line":30,"column":19},"end":{"line":39,"column":13}}],"line":28},"2":{"loc":{"start":{"line":30,"column":19},"end":{"line":39,"column":13}},"type":"if","locations":[{"start":{"line":30,"column":19},"end":{"line":39,"column":13}},{"start":{"line":34,"column":19},"end":{"line":39,"column":13}}],"line":30},"3":{"loc":{"start":{"line":34,"column":19},"end":{"line":39,"column":13}},"type":"if","locations":[{"start":{"line":34,"column":19},"end":{"line":39,"column":13}},{"start":{"line":37,"column":19},"end":{"line":39,"column":13}}],"line":34},"4":{"loc":{"start":{"line":35,"column":31},"end":{"line":35,"column":50}},"type":"cond-expr","locations":[{"start":{"line":35,"column":45},"end":{"line":35,"column":46}},{"start":{"line":35,"column":49},"end":{"line":35,"column":50}}],"line":35},"5":{"loc":{"start":{"line":37,"column":19},"end":{"line":39,"column":13}},"type":"if","locations":[{"start":{"line":37,"column":19},"end":{"line":39,"column":13}},{"start":{},"end":{}}],"line":37},"6":{"loc":{"start":{"line":41,"column":12},"end":{"line":51,"column":13}},"type":"if","locations":[{"start":{"line":41,"column":12},"end":{"line":51,"column":13}},{"start":{},"end":{}}],"line":41},"7":{"loc":{"start":{"line":46,"column":22},"end":{"line":46,"column":43}},"type":"binary-expr","locations":[{"start":{"line":46,"column":22},"end":{"line":46,"column":35}},{"start":{"line":46,"column":39},"end":{"line":46,"column":43}}],"line":46},"8":{"loc":{"start":{"line":55,"column":8},"end":{"line":57,"column":9}},"type":"if","locations":[{"start":{"line":55,"column":8},"end":{"line":57,"column":9}},{"start":{},"end":{}}],"line":55},"9":{"loc":{"start":{"line":71,"column":14},"end":{"line":71,"column":39}},"type":"if","locations":[{"start":{"line":71,"column":14},"end":{"line":71,"column":39}},{"start":{},"end":{}}],"line":71},"10":{"loc":{"start":{"line":85,"column":38},"end":{"line":85,"column":50}},"type":"default-arg","locations":[{"start":{"line":85,"column":48},"end":{"line":85,"column":50}}],"line":85},"11":{"loc":{"start":{"line":90,"column":6},"end":{"line":93,"column":7}},"type":"if","locations":[{"start":{"line":90,"column":6},"end":{"line":93,"column":7}},{"start":{},"end":{}}],"line":90},"12":{"loc":{"start":{"line":95,"column":6},"end":{"line":98,"column":7}},"type":"if","locations":[{"start":{"line":95,"column":6},"end":{"line":98,"column":7}},{"start":{},"end":{}}],"line":95},"13":{"loc":{"start":{"line":95,"column":10},"end":{"line":95,"column":46}},"type":"binary-expr","locations":[{"start":{"line":95,"column":10},"end":{"line":95,"column":27}},{"start":{"line":95,"column":31},"end":{"line":95,"column":46}}],"line":95},"14":{"loc":{"start":{"line":100,"column":6},"end":{"line":103,"column":7}},"type":"if","locations":[{"start":{"line":100,"column":6},"end":{"line":103,"column":7}},{"start":{},"end":{}}],"line":100},"15":{"loc":{"start":{"line":102,"column":20},"end":{"line":102,"column":45}},"type":"cond-expr","locations":[{"start":{"line":102,"column":40},"end":{"line":102,"column":41}},{"start":{"line":102,"column":44},"end":{"line":102,"column":45}}],"line":102},"16":{"loc":{"start":{"line":105,"column":6},"end":{"line":108,"column":7}},"type":"if","locations":[{"start":{"line":105,"column":6},"end":{"line":108,"column":7}},{"start":{},"end":{}}],"line":105},"17":{"loc":{"start":{"line":113,"column":8},"end":{"line":114,"column":27}},"type":"if","locations":[{"start":{"line":113,"column":8},"end":{"line":114,"column":27}},{"start":{"line":114,"column":13},"end":{"line":114,"column":27}}],"line":113},"18":{"loc":{"start":{"line":123,"column":8},"end":{"line":124,"column":26}},"type":"if","locations":[{"start":{"line":123,"column":8},"end":{"line":124,"column":26}},{"start":{"line":124,"column":13},"end":{"line":124,"column":26}}],"line":123},"19":{"loc":{"start":{"line":133,"column":8},"end":{"line":135,"column":9}},"type":"if","locations":[{"start":{"line":133,"column":8},"end":{"line":135,"column":9}},{"start":{},"end":{}}],"line":133},"20":{"loc":{"start":{"line":137,"column":26},"end":{"line":137,"column":48}},"type":"cond-expr","locations":[{"start":{"line":137,"column":43},"end":{"line":137,"column":44}},{"start":{"line":137,"column":47},"end":{"line":137,"column":48}}],"line":137},"21":{"loc":{"start":{"line":138,"column":28},"end":{"line":138,"column":71}},"type":"cond-expr","locations":[{"start":{"line":138,"column":40},"end":{"line":138,"column":64}},{"start":{"line":138,"column":67},"end":{"line":138,"column":71}}],"line":138},"22":{"loc":{"start":{"line":147,"column":10},"end":{"line":147,"column":38}},"type":"if","locations":[{"start":{"line":147,"column":10},"end":{"line":147,"column":38}},{"start":{},"end":{}}],"line":147},"23":{"loc":{"start":{"line":168,"column":8},"end":{"line":168,"column":36}},"type":"if","locations":[{"start":{"line":168,"column":8},"end":{"line":168,"column":36}},{"start":{},"end":{}}],"line":168},"24":{"loc":{"start":{"line":178,"column":8},"end":{"line":178,"column":36}},"type":"if","locations":[{"start":{"line":178,"column":8},"end":{"line":178,"column":36}},{"start":{},"end":{}}],"line":178},"25":{"loc":{"start":{"line":188,"column":8},"end":{"line":188,"column":36}},"type":"if","locations":[{"start":{"line":188,"column":8},"end":{"line":188,"column":36}},{"start":{},"end":{}}],"line":188},"26":{"loc":{"start":{"line":206,"column":8},"end":{"line":207,"column":26}},"type":"if","locations":[{"start":{"line":206,"column":8},"end":{"line":207,"column":26}},{"start":{"line":207,"column":13},"end":{"line":207,"column":26}}],"line":206},"27":{"loc":{"start":{"line":228,"column":8},"end":{"line":229,"column":27}},"type":"if","locations":[{"start":{"line":228,"column":8},"end":{"line":229,"column":27}},{"start":{"line":229,"column":13},"end":{"line":229,"column":27}}],"line":228},"28":{"loc":{"start":{"line":242,"column":8},"end":{"line":244,"column":9}},"type":"if","locations":[{"start":{"line":242,"column":8},"end":{"line":244,"column":9}},{"start":{},"end":{}}],"line":242},"29":{"loc":{"start":{"line":249,"column":10},"end":{"line":249,"column":65}},"type":"if","locations":[{"start":{"line":249,"column":10},"end":{"line":249,"column":65}},{"start":{},"end":{}}],"line":249},"30":{"loc":{"start":{"line":257,"column":10},"end":{"line":257,"column":65}},"type":"if","locations":[{"start":{"line":257,"column":10},"end":{"line":257,"column":65}},{"start":{},"end":{}}],"line":257},"31":{"loc":{"start":{"line":268,"column":10},"end":{"line":268,"column":47}},"type":"if","locations":[{"start":{"line":268,"column":10},"end":{"line":268,"column":47}},{"start":{},"end":{}}],"line":268},"32":{"loc":{"start":{"line":280,"column":18},"end":{"line":280,"column":43}},"type":"if","locations":[{"start":{"line":280,"column":18},"end":{"line":280,"column":43}},{"start":{},"end":{}}],"line":280}},"s":{"0":0,"1":0,"2":0,"3":0,"4":0,"5":0,"6":0,"7":0,"8":0,"9":0,"10":0,"11":0,"12":0,"13":0,"14":0,"15":0,"16":0,"17":0,"18":0,"19":0,"20":0,"21":0,"22":0,"23":0,"24":0,"25":0,"26":0,"27":0,"28":0,"29":0,"30":0,"31":0,"32":0,"33":0,"34":0,"35":0,"36":0,"37":0,"38":0,"39":0,"40":0,"41":0,"42":0,"43":0,"44":0,"45":0,"46":0,"47":0,"48":0,"49":0,"50":0,"51":0,"52":0,"53":0,"54":0,"55":0,"56":0,"57":0,"58":0,"59":0,"60":0,"61":0,"62":0,"63":0,"64":0,"65":0,"66":0,"67":0,"68":0,"69":0,"70":0,"71":0,"72":0,"73":0,"74":0,"75":0,"76":0,"77":0,"78":0,"79":0,"80":0,"81":0,"82":0,"83":0,"84":0,"85":0,"86":0,"87":0,"88":0,"89":0,"90":0,"91":0,"92":0,"93":0,"94":0,"95":0,"96":0,"97":0,"98":0,"99":0,"100":0,"101":0,"102":0,"103":0,"104":0,"105":0,"106":0,"107":0,"108":0,"109":0,"110":0,"111":0,"112":0,"113":0,"114":0,"115":0,"116":0,"117":0,"118":0,"119":0,"120":0,"121":0,"122":0,"123":0,"124":0,"125":0,"126":0,"127":0,"128":0,"129":0,"130":0,"131":0,"132":0,"133":0,"134":0,"135":0,"136":0,"137":0,"138":0,"139":0,"140":0,"141":0,"142":0,"143":0,"144":0,"145":0,"146":0,"147":0,"148":0,"149":0,"150":0,"151":0,"152":0,"153":0},"f":{"0":0,"1":0,"2":0,"3":0,"4":0,"5":0,"6":0,"7":0,"8":0,"9":0,"10":0,"11":0,"12":0,"13":0,"14":0,"15":0,"16":0,"17":0,"18":0,"19":0,"20":0,"21":0,"22":0,"23":0,"24":0,"25":0,"26":0,"27":0,"28":0,"29":0,"30":0,"31":0},"b":{"0":[0,0],"1":[0,0],"2":[0,0],"3":[0,0],"4":[0,0],"5":[0,0],"6":[0,0],"7":[0,0],"8":[0,0],"9":[0,0],"10":[0],"11":[0,0],"12":[0,0],"13":[0,0],"14":[0,0],"15":[0,0],"16":[0,0],"17":[0,0],"18":[0,0],"19":[0,0],"20":[0,0],"21":[0,0],"22":[0,0],"23":[0,0],"24":[0,0],"25":[0,0],"26":[0,0],"27":[0,0],"28":[0,0],"29":[0,0],"30":[0,0],"31":[0,0],"32":[0,0]}}
,"/Users/laiszacarias/casaemordem/server/models/TaskTemplate.js": {"path":"/Users/laiszacarias/casaemordem/server/models/TaskTemplate.js","statementMap":{"0":{"start":{"line":1,"column":11},"end":{"line":1,"column":40}},"1":{"start":{"line":5,"column":4},"end":{"line":27,"column":7}},"2":{"start":{"line":6,"column":71},"end":{"line":6,"column":75}},"3":{"start":{"line":7,"column":24},"end":{"line":7,"column":39}},"4":{"start":{"line":9,"column":18},"end":{"line":12,"column":7}},"5":{"start":{"line":14,"column":6},"end":{"line":26,"column":9}},"6":{"start":{"line":15,"column":8},"end":{"line":15,"column":36}},"7":{"start":{"line":15,"column":17},"end":{"line":15,"column":36}},"8":{"start":{"line":16,"column":8},"end":{"line":25,"column":11}},"9":{"start":{"line":31,"column":4},"end":{"line":41,"column":7}},"10":{"start":{"line":32,"column":18},"end":{"line":36,"column":7}},"11":{"start":{"line":37,"column":6},"end":{"line":40,"column":9}},"12":{"start":{"line":38,"column":8},"end":{"line":39,"column":27}},"13":{"start":{"line":38,"column":17},"end":{"line":38,"column":29}},"14":{"start":{"line":39,"column":13},"end":{"line":39,"column":27}},"15":{"start":{"line":45,"column":4},"end":{"line":51,"column":7}},"16":{"start":{"line":46,"column":18},"end":{"line":46,"column":61}},"17":{"start":{"line":47,"column":6},"end":{"line":50,"column":9}},"18":{"start":{"line":48,"column":8},"end":{"line":49,"column":26}},"19":{"start":{"line":48,"column":17},"end":{"line":48,"column":29}},"20":{"start":{"line":49,"column":13},"end":{"line":49,"column":26}},"21":{"start":{"line":55,"column":4},"end":{"line":72,"column":7}},"22":{"start":{"line":56,"column":76},"end":{"line":56,"column":80}},"23":{"start":{"line":58,"column":18},"end":{"line":66,"column":7}},"24":{"start":{"line":68,"column":6},"end":{"line":71,"column":9}},"25":{"start":{"line":69,"column":8},"end":{"line":69,"column":36}},"26":{"start":{"line":69,"column":17},"end":{"line":69,"column":36}},"27":{"start":{"line":70,"column":8},"end":{"line":70,"column":33}},"28":{"start":{"line":76,"column":4},"end":{"line":82,"column":7}},"29":{"start":{"line":77,"column":18},"end":{"line":77,"column":72}},"30":{"start":{"line":78,"column":6},"end":{"line":81,"column":9}},"31":{"start":{"line":79,"column":8},"end":{"line":79,"column":36}},"32":{"start":{"line":79,"column":17},"end":{"line":79,"column":36}},"33":{"start":{"line":80,"column":8},"end":{"line":80,"column":39}},"34":{"start":{"line":86,"column":4},"end":{"line":95,"column":7}},"35":{"start":{"line":87,"column":18},"end":{"line":90,"column":7}},"36":{"start":{"line":91,"column":6},"end":{"line":94,"column":9}},"37":{"start":{"line":92,"column":8},"end":{"line":93,"column":27}},"38":{"start":{"line":92,"column":17},"end":{"line":92,"column":29}},"39":{"start":{"line":93,"column":13},"end":{"line":93,"column":27}},"40":{"start":{"line":99,"column":0},"end":{"line":99,"column":30}}},"fnMap":{"0":{"name":"(anonymous_0)","decl":{"start":{"line":4,"column":2},"end":{"line":4,"column":3}},"loc":{"start":{"line":4,"column":35},"end":{"line":28,"column":3}},"line":4},"1":{"name":"(anonymous_1)","decl":{"start":{"line":5,"column":23},"end":{"line":5,"column":24}},"loc":{"start":{"line":5,"column":44},"end":{"line":27,"column":5}},"line":5},"2":{"name":"(anonymous_2)","decl":{"start":{"line":14,"column":116},"end":{"line":14,"column":117}},"loc":{"start":{"line":14,"column":130},"end":{"line":26,"column":7}},"line":14},"3":{"name":"(anonymous_3)","decl":{"start":{"line":30,"column":2},"end":{"line":30,"column":3}},"loc":{"start":{"line":30,"column":38},"end":{"line":42,"column":3}},"line":30},"4":{"name":"(anonymous_4)","decl":{"start":{"line":31,"column":23},"end":{"line":31,"column":24}},"loc":{"start":{"line":31,"column":44},"end":{"line":41,"column":5}},"line":31},"5":{"name":"(anonymous_5)","decl":{"start":{"line":37,"column":33},"end":{"line":37,"column":34}},"loc":{"start":{"line":37,"column":48},"end":{"line":40,"column":7}},"line":37},"6":{"name":"(anonymous_6)","decl":{"start":{"line":44,"column":2},"end":{"line":44,"column":3}},"loc":{"start":{"line":44,"column":22},"end":{"line":52,"column":3}},"line":44},"7":{"name":"(anonymous_7)","decl":{"start":{"line":45,"column":23},"end":{"line":45,"column":24}},"loc":{"start":{"line":45,"column":44},"end":{"line":51,"column":5}},"line":45},"8":{"name":"(anonymous_8)","decl":{"start":{"line":47,"column":24},"end":{"line":47,"column":25}},"loc":{"start":{"line":47,"column":38},"end":{"line":50,"column":7}},"line":47},"9":{"name":"(anonymous_9)","decl":{"start":{"line":54,"column":2},"end":{"line":54,"column":3}},"loc":{"start":{"line":54,"column":26},"end":{"line":73,"column":3}},"line":54},"10":{"name":"(anonymous_10)","decl":{"start":{"line":55,"column":23},"end":{"line":55,"column":24}},"loc":{"start":{"line":55,"column":44},"end":{"line":72,"column":5}},"line":55},"11":{"name":"(anonymous_11)","decl":{"start":{"line":68,"column":83},"end":{"line":68,"column":84}},"loc":{"start":{"line":68,"column":97},"end":{"line":71,"column":7}},"line":68},"12":{"name":"(anonymous_12)","decl":{"start":{"line":75,"column":2},"end":{"line":75,"column":3}},"loc":{"start":{"line":75,"column":20},"end":{"line":83,"column":3}},"line":75},"13":{"name":"(anonymous_13)","decl":{"start":{"line":76,"column":23},"end":{"line":76,"column":24}},"loc":{"start":{"line":76,"column":44},"end":{"line":82,"column":5}},"line":76},"14":{"name":"(anonymous_14)","decl":{"start":{"line":78,"column":24},"end":{"line":78,"column":25}},"loc":{"start":{"line":78,"column":38},"end":{"line":81,"column":7}},"line":78},"15":{"name":"(anonymous_15)","decl":{"start":{"line":85,"column":2},"end":{"line":85,"column":3}},"loc":{"start":{"line":85,"column":54},"end":{"line":96,"column":3}},"line":85},"16":{"name":"(anonymous_16)","decl":{"start":{"line":86,"column":23},"end":{"line":86,"column":24}},"loc":{"start":{"line":86,"column":44},"end":{"line":95,"column":5}},"line":86},"17":{"name":"(anonymous_17)","decl":{"start":{"line":91,"column":44},"end":{"line":91,"column":45}},"loc":{"start":{"line":91,"column":59},"end":{"line":94,"column":7}},"line":91}},"branchMap":{"0":{"loc":{"start":{"line":7,"column":24},"end":{"line":7,"column":39}},"type":"binary-expr","locations":[{"start":{"line":7,"column":24},"end":{"line":7,"column":28}},{"start":{"line":7,"column":32},"end":{"line":7,"column":39}}],"line":7},"1":{"loc":{"start":{"line":14,"column":45},"end":{"line":14,"column":64}},"type":"binary-expr","locations":[{"start":{"line":14,"column":45},"end":{"line":14,"column":56}},{"start":{"line":14,"column":60},"end":{"line":14,"column":64}}],"line":14},"2":{"loc":{"start":{"line":14,"column":66},"end":{"line":14,"column":86}},"type":"binary-expr","locations":[{"start":{"line":14,"column":66},"end":{"line":14,"column":75}},{"start":{"line":14,"column":79},"end":{"line":14,"column":86}}],"line":14},"3":{"loc":{"start":{"line":14,"column":88},"end":{"line":14,"column":102}},"type":"binary-expr","locations":[{"start":{"line":14,"column":88},"end":{"line":14,"column":97}},{"start":{"line":14,"column":101},"end":{"line":14,"column":102}}],"line":14},"4":{"loc":{"start":{"line":15,"column":8},"end":{"line":15,"column":36}},"type":"if","locations":[{"start":{"line":15,"column":8},"end":{"line":15,"column":36}},{"start":{},"end":{}}],"line":15},"5":{"loc":{"start":{"line":20,"column":16},"end":{"line":20,"column":31}},"type":"binary-expr","locations":[{"start":{"line":20,"column":16},"end":{"line":20,"column":20}},{"start":{"line":20,"column":24},"end":{"line":20,"column":31}}],"line":20},"6":{"loc":{"start":{"line":21,"column":23},"end":{"line":21,"column":42}},"type":"binary-expr","locations":[{"start":{"line":21,"column":23},"end":{"line":21,"column":34}},{"start":{"line":21,"column":38},"end":{"line":21,"column":42}}],"line":21},"7":{"loc":{"start":{"line":22,"column":21},"end":{"line":22,"column":41}},"type":"binary-expr","locations":[{"start":{"line":22,"column":21},"end":{"line":22,"column":30}},{"start":{"line":22,"column":34},"end":{"line":22,"column":41}}],"line":22},"8":{"loc":{"start":{"line":23,"column":21},"end":{"line":23,"column":35}},"type":"binary-expr","locations":[{"start":{"line":23,"column":21},"end":{"line":23,"column":30}},{"start":{"line":23,"column":34},"end":{"line":23,"column":35}}],"line":23},"9":{"loc":{"start":{"line":38,"column":8},"end":{"line":39,"column":27}},"type":"if","locations":[{"start":{"line":38,"column":8},"end":{"line":39,"column":27}},{"start":{"line":39,"column":13},"end":{"line":39,"column":27}}],"line":38},"10":{"loc":{"start":{"line":48,"column":8},"end":{"line":49,"column":26}},"type":"if","locations":[{"start":{"line":48,"column":8},"end":{"line":49,"column":26}},{"start":{"line":49,"column":13},"end":{"line":49,"column":26}}],"line":48},"11":{"loc":{"start":{"line":69,"column":8},"end":{"line":69,"column":36}},"type":"if","locations":[{"start":{"line":69,"column":8},"end":{"line":69,"column":36}},{"start":{},"end":{}}],"line":69},"12":{"loc":{"start":{"line":79,"column":8},"end":{"line":79,"column":36}},"type":"if","locations":[{"start":{"line":79,"column":8},"end":{"line":79,"column":36}},{"start":{},"end":{}}],"line":79},"13":{"loc":{"start":{"line":92,"column":8},"end":{"line":93,"column":27}},"type":"if","locations":[{"start":{"line":92,"column":8},"end":{"line":93,"column":27}},{"start":{"line":93,"column":13},"end":{"line":93,"column":27}}],"line":92}},"s":{"0":0,"1":0,"2":0,"3":0,"4":0,"5":0,"6":0,"7":0,"8":0,"9":0,"10":0,"11":0,"12":0,"13":0,"14":0,"15":0,"16":0,"17":0,"18":0,"19":0,"20":0,"21":0,"22":0,"23":0,"24":0,"25":0,"26":0,"27":0,"28":0,"29":0,"30":0,"31":0,"32":0,"33":0,"34":0,"35":0,"36":0,"37":0,"38":0,"39":0,"40":0},"f":{"0":0,"1":0,"2":0,"3":0,"4":0,"5":0,"6":0,"7":0,"8":0,"9":0,"10":0,"11":0,"12":0,"13":0,"14":0,"15":0,"16":0,"17":0},"b":{"0":[0,0],"1":[0,0],"2":[0,0],"3":[0,0],"4":[0,0],"5":[0,0],"6":[0,0],"7":[0,0],"8":[0,0],"9":[0,0],"10":[0,0],"11":[0,0],"12":[0,0],"13":[0,0]}}
,"/Users/laiszacarias/casaemordem/server/models/User.js": {"path":"/Users/laiszacarias/casaemordem/server/models/User.js","statementMap":{"0":{"start":{"line":1,"column":15},"end":{"line":1,"column":34}},"1":{"start":{"line":2,"column":11},"end":{"line":2,"column":40}},"2":{"start":{"line":5,"column":16},"end":{"line":5,"column":54}},"3":{"start":{"line":6,"column":13},"end":{"line":6,"column":15}},"4":{"start":{"line":7,"column":2},"end":{"line":9,"column":3}},"5":{"start":{"line":7,"column":15},"end":{"line":7,"column":16}},"6":{"start":{"line":8,"column":4},"end":{"line":8,"column":67}},"7":{"start":{"line":10,"column":2},"end":{"line":10,"column":14}},"8":{"start":{"line":16,"column":4},"end":{"line":64,"column":7}},"9":{"start":{"line":17,"column":25},"end":{"line":17,"column":27}},"10":{"start":{"line":18,"column":6},"end":{"line":63,"column":9}},"11":{"start":{"line":19,"column":8},"end":{"line":19,"column":36}},"12":{"start":{"line":19,"column":17},"end":{"line":19,"column":36}},"13":{"start":{"line":21,"column":20},"end":{"line":24,"column":9}},"14":{"start":{"line":26,"column":8},"end":{"line":62,"column":11}},"15":{"start":{"line":27,"column":10},"end":{"line":61,"column":11}},"16":{"start":{"line":28,"column":12},"end":{"line":32,"column":13}},"17":{"start":{"line":29,"column":14},"end":{"line":29,"column":63}},"18":{"start":{"line":31,"column":14},"end":{"line":31,"column":26}},"19":{"start":{"line":34,"column":27},"end":{"line":34,"column":38}},"20":{"start":{"line":36,"column":31},"end":{"line":36,"column":51}},"21":{"start":{"line":37,"column":34},"end":{"line":37,"column":54}},"22":{"start":{"line":38,"column":36},"end":{"line":41,"column":13}},"23":{"start":{"line":43,"column":12},"end":{"line":60,"column":15}},"24":{"start":{"line":44,"column":14},"end":{"line":59,"column":15}},"25":{"start":{"line":45,"column":16},"end":{"line":45,"column":63}},"26":{"start":{"line":46,"column":16},"end":{"line":46,"column":57}},"27":{"start":{"line":48,"column":36},"end":{"line":48,"column":47}},"28":{"start":{"line":50,"column":33},"end":{"line":52,"column":17}},"29":{"start":{"line":53,"column":16},"end":{"line":58,"column":19}},"30":{"start":{"line":54,"column":18},"end":{"line":56,"column":19}},"31":{"start":{"line":55,"column":20},"end":{"line":55,"column":81}},"32":{"start":{"line":57,"column":18},"end":{"line":57,"column":86}},"33":{"start":{"line":69,"column":4},"end":{"line":75,"column":7}},"34":{"start":{"line":70,"column":18},"end":{"line":70,"column":55}},"35":{"start":{"line":71,"column":6},"end":{"line":74,"column":9}},"36":{"start":{"line":72,"column":8},"end":{"line":73,"column":26}},"37":{"start":{"line":72,"column":17},"end":{"line":72,"column":29}},"38":{"start":{"line":73,"column":13},"end":{"line":73,"column":26}},"39":{"start":{"line":80,"column":4},"end":{"line":86,"column":7}},"40":{"start":{"line":81,"column":18},"end":{"line":81,"column":58}},"41":{"start":{"line":82,"column":6},"end":{"line":85,"column":9}},"42":{"start":{"line":83,"column":8},"end":{"line":84,"column":26}},"43":{"start":{"line":83,"column":17},"end":{"line":83,"column":29}},"44":{"start":{"line":84,"column":13},"end":{"line":84,"column":26}},"45":{"start":{"line":91,"column":4},"end":{"line":97,"column":7}},"46":{"start":{"line":92,"column":18},"end":{"line":92,"column":70}},"47":{"start":{"line":93,"column":6},"end":{"line":96,"column":9}},"48":{"start":{"line":94,"column":8},"end":{"line":95,"column":26}},"49":{"start":{"line":94,"column":17},"end":{"line":94,"column":29}},"50":{"start":{"line":95,"column":13},"end":{"line":95,"column":26}},"51":{"start":{"line":102,"column":4},"end":{"line":107,"column":7}},"52":{"start":{"line":103,"column":6},"end":{"line":106,"column":9}},"53":{"start":{"line":104,"column":8},"end":{"line":105,"column":30}},"54":{"start":{"line":104,"column":17},"end":{"line":104,"column":29}},"55":{"start":{"line":105,"column":13},"end":{"line":105,"column":30}},"56":{"start":{"line":111,"column":0},"end":{"line":111,"column":22}}},"fnMap":{"0":{"name":"generateInviteCode","decl":{"start":{"line":4,"column":9},"end":{"line":4,"column":27}},"loc":{"start":{"line":4,"column":30},"end":{"line":11,"column":1}},"line":4},"1":{"name":"(anonymous_1)","decl":{"start":{"line":15,"column":2},"end":{"line":15,"column":3}},"loc":{"start":{"line":15,"column":43},"end":{"line":65,"column":3}},"line":15},"2":{"name":"(anonymous_2)","decl":{"start":{"line":16,"column":23},"end":{"line":16,"column":24}},"loc":{"start":{"line":16,"column":44},"end":{"line":64,"column":5}},"line":16},"3":{"name":"(anonymous_3)","decl":{"start":{"line":18,"column":40},"end":{"line":18,"column":41}},"loc":{"start":{"line":18,"column":65},"end":{"line":63,"column":7}},"line":18},"4":{"name":"(anonymous_4)","decl":{"start":{"line":26,"column":55},"end":{"line":26,"column":56}},"loc":{"start":{"line":26,"column":69},"end":{"line":62,"column":9}},"line":26},"5":{"name":"(anonymous_5)","decl":{"start":{"line":43,"column":73},"end":{"line":43,"column":74}},"loc":{"start":{"line":43,"column":87},"end":{"line":60,"column":13}},"line":43},"6":{"name":"(anonymous_6)","decl":{"start":{"line":53,"column":56},"end":{"line":53,"column":57}},"loc":{"start":{"line":53,"column":65},"end":{"line":58,"column":17}},"line":53},"7":{"name":"(anonymous_7)","decl":{"start":{"line":68,"column":2},"end":{"line":68,"column":3}},"loc":{"start":{"line":68,"column":28},"end":{"line":76,"column":3}},"line":68},"8":{"name":"(anonymous_8)","decl":{"start":{"line":69,"column":23},"end":{"line":69,"column":24}},"loc":{"start":{"line":69,"column":44},"end":{"line":75,"column":5}},"line":69},"9":{"name":"(anonymous_9)","decl":{"start":{"line":71,"column":27},"end":{"line":71,"column":28}},"loc":{"start":{"line":71,"column":41},"end":{"line":74,"column":7}},"line":71},"10":{"name":"(anonymous_10)","decl":{"start":{"line":79,"column":2},"end":{"line":79,"column":3}},"loc":{"start":{"line":79,"column":34},"end":{"line":87,"column":3}},"line":79},"11":{"name":"(anonymous_11)","decl":{"start":{"line":80,"column":23},"end":{"line":80,"column":24}},"loc":{"start":{"line":80,"column":44},"end":{"line":86,"column":5}},"line":80},"12":{"name":"(anonymous_12)","decl":{"start":{"line":82,"column":30},"end":{"line":82,"column":31}},"loc":{"start":{"line":82,"column":44},"end":{"line":85,"column":7}},"line":82},"13":{"name":"(anonymous_13)","decl":{"start":{"line":90,"column":2},"end":{"line":90,"column":3}},"loc":{"start":{"line":90,"column":22},"end":{"line":98,"column":3}},"line":90},"14":{"name":"(anonymous_14)","decl":{"start":{"line":91,"column":23},"end":{"line":91,"column":24}},"loc":{"start":{"line":91,"column":44},"end":{"line":97,"column":5}},"line":91},"15":{"name":"(anonymous_15)","decl":{"start":{"line":93,"column":24},"end":{"line":93,"column":25}},"loc":{"start":{"line":93,"column":38},"end":{"line":96,"column":7}},"line":93},"16":{"name":"(anonymous_16)","decl":{"start":{"line":101,"column":2},"end":{"line":101,"column":3}},"loc":{"start":{"line":101,"column":50},"end":{"line":108,"column":3}},"line":101},"17":{"name":"(anonymous_17)","decl":{"start":{"line":102,"column":23},"end":{"line":102,"column":24}},"loc":{"start":{"line":102,"column":44},"end":{"line":107,"column":5}},"line":102},"18":{"name":"(anonymous_18)","decl":{"start":{"line":103,"column":47},"end":{"line":103,"column":48}},"loc":{"start":{"line":103,"column":65},"end":{"line":106,"column":7}},"line":103}},"branchMap":{"0":{"loc":{"start":{"line":19,"column":8},"end":{"line":19,"column":36}},"type":"if","locations":[{"start":{"line":19,"column":8},"end":{"line":19,"column":36}},{"start":{},"end":{}}],"line":19},"1":{"loc":{"start":{"line":27,"column":10},"end":{"line":61,"column":11}},"type":"if","locations":[{"start":{"line":27,"column":10},"end":{"line":61,"column":11}},{"start":{"line":33,"column":17},"end":{"line":61,"column":11}}],"line":27},"2":{"loc":{"start":{"line":28,"column":12},"end":{"line":32,"column":13}},"type":"if","locations":[{"start":{"line":28,"column":12},"end":{"line":32,"column":13}},{"start":{"line":30,"column":19},"end":{"line":32,"column":13}}],"line":28},"3":{"loc":{"start":{"line":44,"column":14},"end":{"line":59,"column":15}},"type":"if","locations":[{"start":{"line":44,"column":14},"end":{"line":59,"column":15}},{"start":{"line":47,"column":21},"end":{"line":59,"column":15}}],"line":44},"4":{"loc":{"start":{"line":54,"column":18},"end":{"line":56,"column":19}},"type":"if","locations":[{"start":{"line":54,"column":18},"end":{"line":56,"column":19}},{"start":{},"end":{}}],"line":54},"5":{"loc":{"start":{"line":72,"column":8},"end":{"line":73,"column":26}},"type":"if","locations":[{"start":{"line":72,"column":8},"end":{"line":73,"column":26}},{"start":{"line":73,"column":13},"end":{"line":73,"column":26}}],"line":72},"6":{"loc":{"start":{"line":83,"column":8},"end":{"line":84,"column":26}},"type":"if","locations":[{"start":{"line":83,"column":8},"end":{"line":84,"column":26}},{"start":{"line":84,"column":13},"end":{"line":84,"column":26}}],"line":83},"7":{"loc":{"start":{"line":94,"column":8},"end":{"line":95,"column":26}},"type":"if","locations":[{"start":{"line":94,"column":8},"end":{"line":95,"column":26}},{"start":{"line":95,"column":13},"end":{"line":95,"column":26}}],"line":94},"8":{"loc":{"start":{"line":104,"column":8},"end":{"line":105,"column":30}},"type":"if","locations":[{"start":{"line":104,"column":8},"end":{"line":105,"column":30}},{"start":{"line":105,"column":13},"end":{"line":105,"column":30}}],"line":104}},"s":{"0":0,"1":0,"2":0,"3":0,"4":0,"5":0,"6":0,"7":0,"8":0,"9":0,"10":0,"11":0,"12":0,"13":0,"14":0,"15":0,"16":0,"17":0,"18":0,"19":0,"20":0,"21":0,"22":0,"23":0,"24":0,"25":0,"26":0,"27":0,"28":0,"29":0,"30":0,"31":0,"32":0,"33":0,"34":0,"35":0,"36":0,"37":0,"38":0,"39":0,"40":0,"41":0,"42":0,"43":0,"44":0,"45":0,"46":0,"47":0,"48":0,"49":0,"50":0,"51":0,"52":0,"53":0,"54":0,"55":0,"56":0},"f":{"0":0,"1":0,"2":0,"3":0,"4":0,"5":0,"6":0,"7":0,"8":0,"9":0,"10":0,"11":0,"12":0,"13":0,"14":0,"15":0,"16":0,"17":0,"18":0},"b":{"0":[0,0],"1":[0,0],"2":[0,0],"3":[0,0],"4":[0,0],"5":[0,0],"6":[0,0],"7":[0,0],"8":[0,0]}}
,"/Users/laiszacarias/casaemordem/server/routes/auth.js": {"path":"/Users/laiszacarias/casaemordem/server/routes/auth.js","statementMap":{"0":{"start":{"line":1,"column":16},"end":{"line":1,"column":34}},"1":{"start":{"line":2,"column":15},"end":{"line":2,"column":31}},"2":{"start":{"line":3,"column":13},"end":{"line":3,"column":38}},"3":{"start":{"line":4,"column":16},"end":{"line":4,"column":39}},"4":{"start":{"line":7,"column":0},"end":{"line":34,"column":3}},"5":{"start":{"line":8,"column":2},"end":{"line":33,"column":3}},"6":{"start":{"line":9,"column":42},"end":{"line":9,"column":50}},"7":{"start":{"line":12,"column":4},"end":{"line":14,"column":5}},"8":{"start":{"line":13,"column":6},"end":{"line":13,"column":92}},"9":{"start":{"line":16,"column":4},"end":{"line":18,"column":5}},"10":{"start":{"line":17,"column":6},"end":{"line":17,"column":86}},"11":{"start":{"line":21,"column":20},"end":{"line":21,"column":64}},"12":{"start":{"line":24,"column":18},"end":{"line":24,"column":69}},"13":{"start":{"line":26,"column":4},"end":{"line":30,"column":7}},"14":{"start":{"line":32,"column":4},"end":{"line":32,"column":51}},"15":{"start":{"line":37,"column":0},"end":{"line":68,"column":3}},"16":{"start":{"line":38,"column":2},"end":{"line":67,"column":3}},"17":{"start":{"line":39,"column":32},"end":{"line":39,"column":40}},"18":{"start":{"line":41,"column":4},"end":{"line":43,"column":5}},"19":{"start":{"line":42,"column":6},"end":{"line":42,"column":82}},"20":{"start":{"line":46,"column":17},"end":{"line":46,"column":46}},"21":{"start":{"line":47,"column":4},"end":{"line":49,"column":5}},"22":{"start":{"line":48,"column":6},"end":{"line":48,"column":74}},"23":{"start":{"line":52,"column":28},"end":{"line":52,"column":83}},"24":{"start":{"line":53,"column":4},"end":{"line":55,"column":5}},"25":{"start":{"line":54,"column":6},"end":{"line":54,"column":74}},"26":{"start":{"line":58,"column":18},"end":{"line":58,"column":63}},"27":{"start":{"line":60,"column":4},"end":{"line":64,"column":7}},"28":{"start":{"line":66,"column":4},"end":{"line":66,"column":51}},"29":{"start":{"line":71,"column":0},"end":{"line":73,"column":3}},"30":{"start":{"line":72,"column":2},"end":{"line":72,"column":77}},"31":{"start":{"line":76,"column":0},"end":{"line":95,"column":3}},"32":{"start":{"line":77,"column":21},"end":{"line":77,"column":46}},"33":{"start":{"line":78,"column":2},"end":{"line":80,"column":3}},"34":{"start":{"line":79,"column":4},"end":{"line":79,"column":56}},"35":{"start":{"line":82,"column":16},"end":{"line":82,"column":58}},"36":{"start":{"line":83,"column":2},"end":{"line":85,"column":3}},"37":{"start":{"line":84,"column":4},"end":{"line":84,"column":61}},"38":{"start":{"line":87,"column":18},"end":{"line":87,"column":44}},"39":{"start":{"line":88,"column":2},"end":{"line":90,"column":3}},"40":{"start":{"line":89,"column":4},"end":{"line":89,"column":61}},"41":{"start":{"line":92,"column":2},"end":{"line":94,"column":5}},"42":{"start":{"line":97,"column":0},"end":{"line":97,"column":24}}},"fnMap":{"0":{"name":"(anonymous_0)","decl":{"start":{"line":7,"column":25},"end":{"line":7,"column":26}},"loc":{"start":{"line":7,"column":45},"end":{"line":34,"column":1}},"line":7},"1":{"name":"(anonymous_1)","decl":{"start":{"line":37,"column":22},"end":{"line":37,"column":23}},"loc":{"start":{"line":37,"column":42},"end":{"line":68,"column":1}},"line":37},"2":{"name":"(anonymous_2)","decl":{"start":{"line":71,"column":23},"end":{"line":71,"column":24}},"loc":{"start":{"line":71,"column":37},"end":{"line":73,"column":1}},"line":71},"3":{"name":"(anonymous_3)","decl":{"start":{"line":76,"column":18},"end":{"line":76,"column":19}},"loc":{"start":{"line":76,"column":32},"end":{"line":95,"column":1}},"line":76}},"branchMap":{"0":{"loc":{"start":{"line":12,"column":4},"end":{"line":14,"column":5}},"type":"if","locations":[{"start":{"line":12,"column":4},"end":{"line":14,"column":5}},{"start":{},"end":{}}],"line":12},"1":{"loc":{"start":{"line":12,"column":8},"end":{"line":12,"column":40}},"type":"binary-expr","locations":[{"start":{"line":12,"column":8},"end":{"line":12,"column":17}},{"start":{"line":12,"column":21},"end":{"line":12,"column":27}},{"start":{"line":12,"column":31},"end":{"line":12,"column":40}}],"line":12},"2":{"loc":{"start":{"line":16,"column":4},"end":{"line":18,"column":5}},"type":"if","locations":[{"start":{"line":16,"column":4},"end":{"line":18,"column":5}},{"start":{},"end":{}}],"line":16},"3":{"loc":{"start":{"line":41,"column":4},"end":{"line":43,"column":5}},"type":"if","locations":[{"start":{"line":41,"column":4},"end":{"line":43,"column":5}},{"start":{},"end":{}}],"line":41},"4":{"loc":{"start":{"line":41,"column":8},"end":{"line":41,"column":27}},"type":"binary-expr","locations":[{"start":{"line":41,"column":8},"end":{"line":41,"column":14}},{"start":{"line":41,"column":18},"end":{"line":41,"column":27}}],"line":41},"5":{"loc":{"start":{"line":47,"column":4},"end":{"line":49,"column":5}},"type":"if","locations":[{"start":{"line":47,"column":4},"end":{"line":49,"column":5}},{"start":{},"end":{}}],"line":47},"6":{"loc":{"start":{"line":53,"column":4},"end":{"line":55,"column":5}},"type":"if","locations":[{"start":{"line":53,"column":4},"end":{"line":55,"column":5}},{"start":{},"end":{}}],"line":53},"7":{"loc":{"start":{"line":78,"column":2},"end":{"line":80,"column":3}},"type":"if","locations":[{"start":{"line":78,"column":2},"end":{"line":80,"column":3}},{"start":{},"end":{}}],"line":78},"8":{"loc":{"start":{"line":83,"column":2},"end":{"line":85,"column":3}},"type":"if","locations":[{"start":{"line":83,"column":2},"end":{"line":85,"column":3}},{"start":{},"end":{}}],"line":83},"9":{"loc":{"start":{"line":88,"column":2},"end":{"line":90,"column":3}},"type":"if","locations":[{"start":{"line":88,"column":2},"end":{"line":90,"column":3}},{"start":{},"end":{}}],"line":88}},"s":{"0":0,"1":0,"2":0,"3":0,"4":0,"5":0,"6":0,"7":0,"8":0,"9":0,"10":0,"11":0,"12":0,"13":0,"14":0,"15":0,"16":0,"17":0,"18":0,"19":0,"20":0,"21":0,"22":0,"23":0,"24":0,"25":0,"26":0,"27":0,"28":0,"29":0,"30":0,"31":0,"32":0,"33":0,"34":0,"35":0,"36":0,"37":0,"38":0,"39":0,"40":0,"41":0,"42":0},"f":{"0":0,"1":0,"2":0,"3":0},"b":{"0":[0,0],"1":[0,0,0],"2":[0,0],"3":[0,0],"4":[0,0],"5":[0,0],"6":[0,0],"7":[0,0],"8":[0,0],"9":[0,0]}}
,"/Users/laiszacarias/casaemordem/server/routes/households.js": {"path":"/Users/laiszacarias/casaemordem/server/routes/households.js","statementMap":{"0":{"start":{"line":1,"column":16},"end":{"line":1,"column":34}},"1":{"start":{"line":2,"column":15},"end":{"line":2,"column":31}},"2":{"start":{"line":3,"column":18},"end":{"line":3,"column":48}},"3":{"start":{"line":4,"column":23},"end":{"line":4,"column":52}},"4":{"start":{"line":7,"column":0},"end":{"line":37,"column":3}},"5":{"start":{"line":8,"column":2},"end":{"line":36,"column":3}},"6":{"start":{"line":9,"column":22},"end":{"line":9,"column":67}},"7":{"start":{"line":11,"column":4},"end":{"line":13,"column":5}},"8":{"start":{"line":12,"column":6},"end":{"line":12,"column":47}},"9":{"start":{"line":15,"column":20},"end":{"line":15,"column":60}},"10":{"start":{"line":17,"column":4},"end":{"line":33,"column":7}},"11":{"start":{"line":26,"column":33},"end":{"line":31,"column":7}},"12":{"start":{"line":35,"column":4},"end":{"line":35,"column":51}},"13":{"start":{"line":40,"column":0},"end":{"line":62,"column":3}},"14":{"start":{"line":41,"column":2},"end":{"line":61,"column":3}},"15":{"start":{"line":42,"column":21},"end":{"line":42,"column":66}},"16":{"start":{"line":44,"column":4},"end":{"line":46,"column":5}},"17":{"start":{"line":45,"column":6},"end":{"line":45,"column":76}},"18":{"start":{"line":48,"column":21},"end":{"line":48,"column":29}},"19":{"start":{"line":49,"column":22},"end":{"line":49,"column":75}},"20":{"start":{"line":51,"column":4},"end":{"line":58,"column":7}},"21":{"start":{"line":60,"column":4},"end":{"line":60,"column":51}},"22":{"start":{"line":65,"column":0},"end":{"line":86,"column":3}},"23":{"start":{"line":66,"column":2},"end":{"line":85,"column":3}},"24":{"start":{"line":67,"column":22},"end":{"line":67,"column":67}},"25":{"start":{"line":69,"column":4},"end":{"line":71,"column":5}},"26":{"start":{"line":70,"column":6},"end":{"line":70,"column":70}},"27":{"start":{"line":73,"column":4},"end":{"line":75,"column":5}},"28":{"start":{"line":74,"column":6},"end":{"line":74,"column":89}},"29":{"start":{"line":77,"column":19},"end":{"line":77,"column":63}},"30":{"start":{"line":79,"column":4},"end":{"line":82,"column":7}},"31":{"start":{"line":84,"column":4},"end":{"line":84,"column":51}},"32":{"start":{"line":89,"column":0},"end":{"line":129,"column":3}},"33":{"start":{"line":90,"column":2},"end":{"line":128,"column":3}},"34":{"start":{"line":91,"column":28},"end":{"line":91,"column":36}},"35":{"start":{"line":93,"column":4},"end":{"line":95,"column":5}},"36":{"start":{"line":94,"column":6},"end":{"line":94,"column":80}},"37":{"start":{"line":97,"column":21},"end":{"line":97,"column":66}},"38":{"start":{"line":99,"column":4},"end":{"line":101,"column":5}},"39":{"start":{"line":100,"column":6},"end":{"line":100,"column":76}},"40":{"start":{"line":103,"column":22},"end":{"line":103,"column":81}},"41":{"start":{"line":105,"column":4},"end":{"line":107,"column":5}},"42":{"start":{"line":106,"column":6},"end":{"line":106,"column":75}},"43":{"start":{"line":109,"column":4},"end":{"line":109,"column":56}},"44":{"start":{"line":111,"column":20},"end":{"line":111,"column":60}},"45":{"start":{"line":113,"column":4},"end":{"line":125,"column":7}},"46":{"start":{"line":120,"column":33},"end":{"line":124,"column":7}},"47":{"start":{"line":127,"column":4},"end":{"line":127,"column":51}},"48":{"start":{"line":131,"column":0},"end":{"line":131,"column":24}}},"fnMap":{"0":{"name":"(anonymous_0)","decl":{"start":{"line":7,"column":32},"end":{"line":7,"column":33}},"loc":{"start":{"line":7,"column":52},"end":{"line":37,"column":1}},"line":7},"1":{"name":"(anonymous_1)","decl":{"start":{"line":26,"column":27},"end":{"line":26,"column":28}},"loc":{"start":{"line":26,"column":33},"end":{"line":31,"column":7}},"line":26},"2":{"name":"(anonymous_2)","decl":{"start":{"line":40,"column":33},"end":{"line":40,"column":34}},"loc":{"start":{"line":40,"column":53},"end":{"line":62,"column":1}},"line":40},"3":{"name":"(anonymous_3)","decl":{"start":{"line":65,"column":46},"end":{"line":65,"column":47}},"loc":{"start":{"line":65,"column":66},"end":{"line":86,"column":1}},"line":65},"4":{"name":"(anonymous_4)","decl":{"start":{"line":89,"column":37},"end":{"line":89,"column":38}},"loc":{"start":{"line":89,"column":57},"end":{"line":129,"column":1}},"line":89},"5":{"name":"(anonymous_5)","decl":{"start":{"line":120,"column":27},"end":{"line":120,"column":28}},"loc":{"start":{"line":120,"column":33},"end":{"line":124,"column":7}},"line":120}},"branchMap":{"0":{"loc":{"start":{"line":11,"column":4},"end":{"line":13,"column":5}},"type":"if","locations":[{"start":{"line":11,"column":4},"end":{"line":13,"column":5}},{"start":{},"end":{}}],"line":11},"1":{"loc":{"start":{"line":44,"column":4},"end":{"line":46,"column":5}},"type":"if","locations":[{"start":{"line":44,"column":4},"end":{"line":46,"column":5}},{"start":{},"end":{}}],"line":44},"2":{"loc":{"start":{"line":49,"column":62},"end":{"line":49,"column":74}},"type":"binary-expr","locations":[{"start":{"line":49,"column":62},"end":{"line":49,"column":66}},{"start":{"line":49,"column":70},"end":{"line":49,"column":74}}],"line":49},"3":{"loc":{"start":{"line":69,"column":4},"end":{"line":71,"column":5}},"type":"if","locations":[{"start":{"line":69,"column":4},"end":{"line":71,"column":5}},{"start":{},"end":{}}],"line":69},"4":{"loc":{"start":{"line":73,"column":4},"end":{"line":75,"column":5}},"type":"if","locations":[{"start":{"line":73,"column":4},"end":{"line":75,"column":5}},{"start":{},"end":{}}],"line":73},"5":{"loc":{"start":{"line":93,"column":4},"end":{"line":95,"column":5}},"type":"if","locations":[{"start":{"line":93,"column":4},"end":{"line":95,"column":5}},{"start":{},"end":{}}],"line":93},"6":{"loc":{"start":{"line":99,"column":4},"end":{"line":101,"column":5}},"type":"if","locations":[{"start":{"line":99,"column":4},"end":{"line":101,"column":5}},{"start":{},"end":{}}],"line":99},"7":{"loc":{"start":{"line":105,"column":4},"end":{"line":107,"column":5}},"type":"if","locations":[{"start":{"line":105,"column":4},"end":{"line":107,"column":5}},{"start":{},"end":{}}],"line":105}},"s":{"0":0,"1":0,"2":0,"3":0,"4":0,"5":0,"6":0,"7":0,"8":0,"9":0,"10":0,"11":0,"12":0,"13":0,"14":0,"15":0,"16":0,"17":0,"18":0,"19":0,"20":0,"21":0,"22":0,"23":0,"24":0,"25":0,"26":0,"27":0,"28":0,"29":0,"30":0,"31":0,"32":0,"33":0,"34":0,"35":0,"36":0,"37":0,"38":0,"39":0,"40":0,"41":0,"42":0,"43":0,"44":0,"45":0,"46":0,"47":0,"48":0},"f":{"0":0,"1":0,"2":0,"3":0,"4":0,"5":0},"b":{"0":[0,0],"1":[0,0],"2":[0,0],"3":[0,0],"4":[0,0],"5":[0,0],"6":[0,0],"7":[0,0]}}
,"/Users/laiszacarias/casaemordem/server/routes/notifications.js": {"path":"/Users/laiszacarias/casaemordem/server/routes/notifications.js","statementMap":{"0":{"start":{"line":1,"column":16},"end":{"line":1,"column":34}},"1":{"start":{"line":2,"column":15},"end":{"line":2,"column":31}},"2":{"start":{"line":3,"column":28},"end":{"line":3,"column":63}},"3":{"start":{"line":4,"column":18},"end":{"line":4,"column":48}},"4":{"start":{"line":5,"column":13},"end":{"line":5,"column":38}},"5":{"start":{"line":6,"column":23},"end":{"line":6,"column":52}},"6":{"start":{"line":8,"column":21},"end":{"line":15,"column":1}},"7":{"start":{"line":9,"column":20},"end":{"line":9,"column":65}},"8":{"start":{"line":10,"column":2},"end":{"line":12,"column":3}},"9":{"start":{"line":11,"column":4},"end":{"line":11,"column":68}},"10":{"start":{"line":13,"column":2},"end":{"line":13,"column":33}},"11":{"start":{"line":14,"column":2},"end":{"line":14,"column":9}},"12":{"start":{"line":18,"column":0},"end":{"line":28,"column":3}},"13":{"start":{"line":19,"column":2},"end":{"line":27,"column":3}},"14":{"start":{"line":20,"column":18},"end":{"line":20,"column":76}},"15":{"start":{"line":21,"column":4},"end":{"line":24,"column":7}},"16":{"start":{"line":26,"column":4},"end":{"line":26,"column":51}},"17":{"start":{"line":31,"column":0},"end":{"line":38,"column":3}},"18":{"start":{"line":32,"column":2},"end":{"line":37,"column":3}},"19":{"start":{"line":33,"column":19},"end":{"line":33,"column":76}},"20":{"start":{"line":34,"column":4},"end":{"line":34,"column":21}},"21":{"start":{"line":36,"column":4},"end":{"line":36,"column":51}},"22":{"start":{"line":41,"column":0},"end":{"line":66,"column":3}},"23":{"start":{"line":42,"column":2},"end":{"line":65,"column":3}},"24":{"start":{"line":43,"column":15},"end":{"line":43,"column":44}},"25":{"start":{"line":44,"column":16},"end":{"line":44,"column":76}},"26":{"start":{"line":45,"column":21},"end":{"line":50,"column":6}},"27":{"start":{"line":46,"column":6},"end":{"line":49,"column":9}},"28":{"start":{"line":47,"column":8},"end":{"line":48,"column":26}},"29":{"start":{"line":47,"column":17},"end":{"line":47,"column":29}},"30":{"start":{"line":48,"column":13},"end":{"line":48,"column":26}},"31":{"start":{"line":52,"column":4},"end":{"line":57,"column":5}},"32":{"start":{"line":53,"column":6},"end":{"line":56,"column":9}},"33":{"start":{"line":59,"column":4},"end":{"line":62,"column":7}},"34":{"start":{"line":64,"column":4},"end":{"line":64,"column":51}},"35":{"start":{"line":69,"column":0},"end":{"line":90,"column":3}},"36":{"start":{"line":70,"column":2},"end":{"line":89,"column":3}},"37":{"start":{"line":71,"column":45},"end":{"line":71,"column":53}},"38":{"start":{"line":72,"column":15},"end":{"line":72,"column":44}},"39":{"start":{"line":74,"column":16},"end":{"line":77,"column":5}},"40":{"start":{"line":79,"column":4},"end":{"line":84,"column":7}},"41":{"start":{"line":80,"column":6},"end":{"line":83,"column":9}},"42":{"start":{"line":81,"column":8},"end":{"line":82,"column":23}},"43":{"start":{"line":81,"column":17},"end":{"line":81,"column":29}},"44":{"start":{"line":82,"column":13},"end":{"line":82,"column":23}},"45":{"start":{"line":86,"column":4},"end":{"line":86,"column":50}},"46":{"start":{"line":88,"column":4},"end":{"line":88,"column":51}},"47":{"start":{"line":92,"column":0},"end":{"line":92,"column":24}}},"fnMap":{"0":{"name":"(anonymous_0)","decl":{"start":{"line":8,"column":21},"end":{"line":8,"column":22}},"loc":{"start":{"line":8,"column":47},"end":{"line":15,"column":1}},"line":8},"1":{"name":"(anonymous_1)","decl":{"start":{"line":18,"column":53},"end":{"line":18,"column":54}},"loc":{"start":{"line":18,"column":73},"end":{"line":28,"column":1}},"line":18},"2":{"name":"(anonymous_2)","decl":{"start":{"line":31,"column":56},"end":{"line":31,"column":57}},"loc":{"start":{"line":31,"column":76},"end":{"line":38,"column":1}},"line":31},"3":{"name":"(anonymous_3)","decl":{"start":{"line":41,"column":54},"end":{"line":41,"column":55}},"loc":{"start":{"line":41,"column":74},"end":{"line":66,"column":1}},"line":41},"4":{"name":"(anonymous_4)","decl":{"start":{"line":45,"column":39},"end":{"line":45,"column":40}},"loc":{"start":{"line":45,"column":60},"end":{"line":50,"column":5}},"line":45},"5":{"name":"(anonymous_5)","decl":{"start":{"line":46,"column":37},"end":{"line":46,"column":38}},"loc":{"start":{"line":46,"column":51},"end":{"line":49,"column":7}},"line":46},"6":{"name":"(anonymous_6)","decl":{"start":{"line":69,"column":54},"end":{"line":69,"column":55}},"loc":{"start":{"line":69,"column":74},"end":{"line":90,"column":1}},"line":69},"7":{"name":"(anonymous_7)","decl":{"start":{"line":79,"column":22},"end":{"line":79,"column":23}},"loc":{"start":{"line":79,"column":43},"end":{"line":84,"column":5}},"line":79},"8":{"name":"(anonymous_8)","decl":{"start":{"line":80,"column":86},"end":{"line":80,"column":87}},"loc":{"start":{"line":80,"column":95},"end":{"line":83,"column":7}},"line":80}},"branchMap":{"0":{"loc":{"start":{"line":10,"column":2},"end":{"line":12,"column":3}},"type":"if","locations":[{"start":{"line":10,"column":2},"end":{"line":12,"column":3}},{"start":{},"end":{}}],"line":10},"1":{"loc":{"start":{"line":47,"column":8},"end":{"line":48,"column":26}},"type":"if","locations":[{"start":{"line":47,"column":8},"end":{"line":48,"column":26}},{"start":{"line":48,"column":13},"end":{"line":48,"column":26}}],"line":47},"2":{"loc":{"start":{"line":52,"column":4},"end":{"line":57,"column":5}},"type":"if","locations":[{"start":{"line":52,"column":4},"end":{"line":57,"column":5}},{"start":{},"end":{}}],"line":52},"3":{"loc":{"start":{"line":80,"column":36},"end":{"line":80,"column":57}},"type":"cond-expr","locations":[{"start":{"line":80,"column":52},"end":{"line":80,"column":53}},{"start":{"line":80,"column":56},"end":{"line":80,"column":57}}],"line":80},"4":{"loc":{"start":{"line":80,"column":59},"end":{"line":80,"column":83}},"type":"binary-expr","locations":[{"start":{"line":80,"column":59},"end":{"line":80,"column":72}},{"start":{"line":80,"column":76},"end":{"line":80,"column":83}}],"line":80},"5":{"loc":{"start":{"line":81,"column":8},"end":{"line":82,"column":23}},"type":"if","locations":[{"start":{"line":81,"column":8},"end":{"line":82,"column":23}},{"start":{"line":82,"column":13},"end":{"line":82,"column":23}}],"line":81}},"s":{"0":0,"1":0,"2":0,"3":0,"4":0,"5":0,"6":0,"7":0,"8":0,"9":0,"10":0,"11":0,"12":0,"13":0,"14":0,"15":0,"16":0,"17":0,"18":0,"19":0,"20":0,"21":0,"22":0,"23":0,"24":0,"25":0,"26":0,"27":0,"28":0,"29":0,"30":0,"31":0,"32":0,"33":0,"34":0,"35":0,"36":0,"37":0,"38":0,"39":0,"40":0,"41":0,"42":0,"43":0,"44":0,"45":0,"46":0,"47":0},"f":{"0":0,"1":0,"2":0,"3":0,"4":0,"5":0,"6":0,"7":0,"8":0},"b":{"0":[0,0],"1":[0,0],"2":[0,0],"3":[0,0],"4":[0,0],"5":[0,0]}}
[...]
2,"column":6},"end":{"line":264,"column":7}},{"start":{},"end":{}}],"line":262},"36":{"loc":{"start":{"line":263,"column":48},"end":{"line":263,"column":89}},"type":"binary-expr","locations":[{"start":{"line":263,"column":48},"end":{"line":263,"column":84}},{"start":{"line":263,"column":88},"end":{"line":263,"column":89}}],"line":263},"37":{"loc":{"start":{"line":268,"column":36},"end":{"line":268,"column":67}},"type":"binary-expr","locations":[{"start":{"line":268,"column":36},"end":{"line":268,"column":62}},{"start":{"line":268,"column":66},"end":{"line":268,"column":67}}],"line":268},"38":{"loc":{"start":{"line":270,"column":6},"end":{"line":272,"column":7}},"type":"if","locations":[{"start":{"line":270,"column":6},"end":{"line":272,"column":7}},{"start":{},"end":{}}],"line":270}},"s":{"0":0,"1":0,"2":0,"3":0,"4":0,"5":0,"6":0,"7":0,"8":0,"9":0,"10":0,"11":0,"12":0,"13":0,"14":0,"15":0,"16":0,"17":0,"18":0,"19":0,"20":0,"21":0,"22":0,"23":0,"24":0,"25":0,"26":0,"27":0,"28":0,"29":0,"30":0,"31":0,"32":0,"33":0,"34":0,"35":0,"36":0,"37":0,"38":0,"39":0,"40":0,"41":0,"42":0,"43":0,"44":0,"45":0,"46":0,"47":0,"48":0,"49":0,"50":0,"51":0,"52":0,"53":0,"54":0,"55":0,"56":0,"57":0,"58":0,"59":0,"60":0,"61":0,"62":0,"63":0,"64":0,"65":0,"66":0,"67":0,"68":0,"69":0,"70":0,"71":0,"72":0,"73":0,"74":0,"75":0,"76":0,"77":0,"78":0,"79":0,"80":0,"81":0,"82":0,"83":0,"84":0,"85":0,"86":0,"87":0,"88":0,"89":0,"90":0,"91":0,"92":0,"93":0,"94":0,"95":0,"96":0,"97":0,"98":0,"99":0,"100":0,"101":0,"102":0,"103":0,"104":0,"105":0,"106":0,"107":0,"108":0,"109":0,"110":0,"111":0,"112":0,"113":0,"114":0,"115":0,"116":0,"117":0,"118":0,"119":0,"120":0,"121":0,"122":0,"123":0,"124":0,"125":0,"126":0,"127":0,"128":0,"129":0,"130":0,"131":0,"132":0,"133":0,"134":0,"135":0,"136":0,"137":0,"138":0,"139":0,"140":0,"141":0,"142":0,"143":0,"144":0,"145":0,"146":0,"147":0,"148":0,"149":0,"150":0,"151":0,"152":0,"153":0,"154":0,"155":0,"156":0,"157":0,"158":0,"159":0,"160":0,"161":0,"162":0,"163":0,"164":0,"165":0,"166":0,"167":0,"168":0,"169":0},"f":{"0":0,"1":0,"2":0,"3":0,"4":0,"5":0,"6":0,"7":0,"8":0,"9":0,"10":0,"11":0},"b":{"0":[0,0],"1":[0,0],"2":[0,0],"3":[0,0],"4":[0,0],"5":[0,0],"6":[0,0],"7":[0,0],"8":[0,0],"9":[0,0],"10":[0,0],"11":[0,0],"12":[0,0],"13":[0,0],"14":[0,0],"15":[0,0],"16":[0,0],"17":[0,0],"18":[0,0],"19":[0,0],"20":[0,0],"21":[0,0],"22":[0,0],"23":[0,0],"24":[0,0],"25":[0,0],"26":[0,0],"27":[0,0],"28":[0,0],"29":[0,0],"30":[0,0],"31":[0,0],"32":[0,0],"33":[0,0],"34":[0,0],"35":[0,0],"36":[0,0],"37":[0,0],"38":[0,0]}}
,"/Users/laiszacarias/casaemordem/server/routes/templates.js": {"path":"/Users/laiszacarias/casaemordem/server/routes/templates.js","statementMap":{"0":{"start":{"line":1,"column":16},"end":{"line":1,"column":34}},"1":{"start":{"line":2,"column":15},"end":{"line":2,"column":31}},"2":{"start":{"line":3,"column":21},"end":{"line":3,"column":54}},"3":{"start":{"line":4,"column":18},"end":{"line":4,"column":48}},"4":{"start":{"line":5,"column":23},"end":{"line":5,"column":52}},"5":{"start":{"line":8,"column":21},"end":{"line":15,"column":1}},"6":{"start":{"line":9,"column":20},"end":{"line":9,"column":65}},"7":{"start":{"line":10,"column":2},"end":{"line":12,"column":3}},"8":{"start":{"line":11,"column":4},"end":{"line":11,"column":68}},"9":{"start":{"line":13,"column":2},"end":{"line":13,"column":33}},"10":{"start":{"line":14,"column":2},"end":{"line":14,"column":9}},"11":{"start":{"line":18,"column":0},"end":{"line":25,"column":3}},"12":{"start":{"line":19,"column":2},"end":{"line":24,"column":3}},"13":{"start":{"line":20,"column":22},"end":{"line":20,"column":73}},"14":{"start":{"line":21,"column":4},"end":{"line":21,"column":24}},"15":{"start":{"line":23,"column":4},"end":{"line":23,"column":51}},"16":{"start":{"line":28,"column":0},"end":{"line":54,"column":3}},"17":{"start":{"line":29,"column":2},"end":{"line":53,"column":3}},"18":{"start":{"line":30,"column":69},"end":{"line":30,"column":77}},"19":{"start":{"line":32,"column":4},"end":{"line":34,"column":5}},"20":{"start":{"line":33,"column":6},"end":{"line":33,"column":72}},"21":{"start":{"line":36,"column":29},"end":{"line":36,"column":71}},"22":{"start":{"line":37,"column":17},"end":{"line":37,"column":37}},"23":{"start":{"line":38,"column":4},"end":{"line":40,"column":5}},"24":{"start":{"line":39,"column":6},"end":{"line":39,"column":68}},"25":{"start":{"line":42,"column":21},"end":{"line":48,"column":6}},"26":{"start":{"line":50,"column":4},"end":{"line":50,"column":35}},"27":{"start":{"line":52,"column":4},"end":{"line":52,"column":51}},"28":{"start":{"line":57,"column":0},"end":{"line":83,"column":3}},"29":{"start":{"line":58,"column":2},"end":{"line":82,"column":3}},"30":{"start":{"line":59,"column":19},"end":{"line":59,"column":29}},"31":{"start":{"line":60,"column":74},"end":{"line":60,"column":82}},"32":{"start":{"line":62,"column":21},"end":{"line":62,"column":52}},"33":{"start":{"line":63,"column":4},"end":{"line":65,"column":5}},"34":{"start":{"line":64,"column":6},"end":{"line":64,"column":72}},"35":{"start":{"line":67,"column":4},"end":{"line":69,"column":5}},"36":{"start":{"line":68,"column":6},"end":{"line":68,"column":63}},"37":{"start":{"line":71,"column":20},"end":{"line":77,"column":6}},"38":{"start":{"line":79,"column":4},"end":{"line":79,"column":22}},"39":{"start":{"line":81,"column":4},"end":{"line":81,"column":51}},"40":{"start":{"line":86,"column":0},"end":{"line":105,"column":3}},"41":{"start":{"line":87,"column":2},"end":{"line":104,"column":3}},"42":{"start":{"line":88,"column":19},"end":{"line":88,"column":29}},"43":{"start":{"line":90,"column":21},"end":{"line":90,"column":52}},"44":{"start":{"line":91,"column":4},"end":{"line":93,"column":5}},"45":{"start":{"line":92,"column":6},"end":{"line":92,"column":72}},"46":{"start":{"line":95,"column":4},"end":{"line":97,"column":5}},"47":{"start":{"line":96,"column":6},"end":{"line":96,"column":63}},"48":{"start":{"line":99,"column":4},"end":{"line":99,"column":34}},"49":{"start":{"line":101,"column":4},"end":{"line":101,"column":47}},"50":{"start":{"line":103,"column":4},"end":{"line":103,"column":51}},"51":{"start":{"line":107,"column":0},"end":{"line":107,"column":24}}},"fnMap":{"0":{"name":"(anonymous_0)","decl":{"start":{"line":8,"column":21},"end":{"line":8,"column":22}},"loc":{"start":{"line":8,"column":47},"end":{"line":15,"column":1}},"line":8},"1":{"name":"(anonymous_1)","decl":{"start":{"line":18,"column":46},"end":{"line":18,"column":47}},"loc":{"start":{"line":18,"column":66},"end":{"line":25,"column":1}},"line":18},"2":{"name":"(anonymous_2)","decl":{"start":{"line":28,"column":47},"end":{"line":28,"column":48}},"loc":{"start":{"line":28,"column":67},"end":{"line":54,"column":1}},"line":28},"3":{"name":"(anonymous_3)","decl":{"start":{"line":57,"column":49},"end":{"line":57,"column":50}},"loc":{"start":{"line":57,"column":69},"end":{"line":83,"column":1}},"line":57},"4":{"name":"(anonymous_4)","decl":{"start":{"line":86,"column":52},"end":{"line":86,"column":53}},"loc":{"start":{"line":86,"column":72},"end":{"line":105,"column":1}},"line":86}},"branchMap":{"0":{"loc":{"start":{"line":10,"column":2},"end":{"line":12,"column":3}},"type":"if","locations":[{"start":{"line":10,"column":2},"end":{"line":12,"column":3}},{"start":{},"end":{}}],"line":10},"1":{"loc":{"start":{"line":32,"column":4},"end":{"line":34,"column":5}},"type":"if","locations":[{"start":{"line":32,"column":4},"end":{"line":34,"column":5}},{"start":{},"end":{}}],"line":32},"2":{"loc":{"start":{"line":32,"column":8},"end":{"line":32,"column":43}},"type":"binary-expr","locations":[{"start":{"line":32,"column":8},"end":{"line":32,"column":20}},{"start":{"line":32,"column":24},"end":{"line":32,"column":43}}],"line":32},"3":{"loc":{"start":{"line":37,"column":17},"end":{"line":37,"column":37}},"type":"binary-expr","locations":[{"start":{"line":37,"column":17},"end":{"line":37,"column":26}},{"start":{"line":37,"column":30},"end":{"line":37,"column":37}}],"line":37},"4":{"loc":{"start":{"line":38,"column":4},"end":{"line":40,"column":5}},"type":"if","locations":[{"start":{"line":38,"column":4},"end":{"line":40,"column":5}},{"start":{},"end":{}}],"line":38},"5":{"loc":{"start":{"line":44,"column":12},"end":{"line":44,"column":27}},"type":"binary-expr","locations":[{"start":{"line":44,"column":12},"end":{"line":44,"column":16}},{"start":{"line":44,"column":20},"end":{"line":44,"column":27}}],"line":44},"6":{"loc":{"start":{"line":47,"column":17},"end":{"line":47,"column":31}},"type":"binary-expr","locations":[{"start":{"line":47,"column":17},"end":{"line":47,"column":26}},{"start":{"line":47,"column":30},"end":{"line":47,"column":31}}],"line":47},"7":{"loc":{"start":{"line":63,"column":4},"end":{"line":65,"column":5}},"type":"if","locations":[{"start":{"line":63,"column":4},"end":{"line":65,"column":5}},{"start":{},"end":{}}],"line":63},"8":{"loc":{"start":{"line":67,"column":4},"end":{"line":69,"column":5}},"type":"if","locations":[{"start":{"line":67,"column":4},"end":{"line":69,"column":5}},{"start":{},"end":{}}],"line":67},"9":{"loc":{"start":{"line":91,"column":4},"end":{"line":93,"column":5}},"type":"if","locations":[{"start":{"line":91,"column":4},"end":{"line":93,"column":5}},{"start":{},"end":{}}],"line":91},"10":{"loc":{"start":{"line":95,"column":4},"end":{"line":97,"column":5}},"type":"if","locations":[{"start":{"line":95,"column":4},"end":{"line":97,"column":5}},{"start":{},"end":{}}],"line":95}},"s":{"0":0,"1":0,"2":0,"3":0,"4":0,"5":0,"6":0,"7":0,"8":0,"9":0,"10":0,"11":0,"12":0,"13":0,"14":0,"15":0,"16":0,"17":0,"18":0,"19":0,"20":0,"21":0,"22":0,"23":0,"24":0,"25":0,"26":0,"27":0,"28":0,"29":0,"30":0,"31":0,"32":0,"33":0,"34":0,"35":0,"36":0,"37":0,"38":0,"39":0,"40":0,"41":0,"42":0,"43":0,"44":0,"45":0,"46":0,"47":0,"48":0,"49":0,"50":0,"51":0},"f":{"0":0,"1":0,"2":0,"3":0,"4":0},"b":{"0":[0,0],"1":[0,0],"2":[0,0],"3":[0,0],"4":[0,0],"5":[0,0],"6":[0,0],"7":[0,0],"8":[0,0],"9":[0,0],"10":[0,0]}}
,"/Users/laiszacarias/casaemordem/server/services/notification.js": {"path":"/Users/laiszacarias/casaemordem/server/services/notification.js","statementMap":{"0":{"start":{"line":1,"column":19},"end":{"line":1,"column":40}},"1":{"start":{"line":2,"column":13},"end":{"line":2,"column":38}},"2":{"start":{"line":3,"column":18},"end":{"line":3,"column":48}},"3":{"start":{"line":4,"column":11},"end":{"line":4,"column":40}},"4":{"start":{"line":8,"column":4},"end":{"line":16,"column":7}},"5":{"start":{"line":20,"column":4},"end":{"line":80,"column":5}},"6":{"start":{"line":21,"column":26},"end":{"line":21,"column":47}},"7":{"start":{"line":23,"column":6},"end":{"line":26,"column":7}},"8":{"start":{"line":24,"column":8},"end":{"line":24,"column":70}},"9":{"start":{"line":25,"column":8},"end":{"line":25,"column":60}},"10":{"start":{"line":28,"column":20},"end":{"line":28,"column":58}},"11":{"start":{"line":30,"column":20},"end":{"line":33,"column":8}},"12":{"start":{"line":35,"column":6},"end":{"line":38,"column":7}},"13":{"start":{"line":36,"column":8},"end":{"line":36,"column":58}},"14":{"start":{"line":37,"column":8},"end":{"line":37,"column":60}},"15":{"start":{"line":40,"column":18},"end":{"line":43,"column":7}},"16":{"start":{"line":45,"column":22},"end":{"line":50,"column":8}},"17":{"start":{"line":46,"column":8},"end":{"line":49,"column":11}},"18":{"start":{"line":47,"column":10},"end":{"line":48,"column":29}},"19":{"start":{"line":47,"column":19},"end":{"line":47,"column":31}},"20":{"start":{"line":48,"column":15},"end":{"line":48,"column":29}},"21":{"start":{"line":52,"column":23},"end":{"line":52,"column":70}},"22":{"start":{"line":52,"column":38},"end":{"line":52,"column":58}},"23":{"start":{"line":53,"column":22},"end":{"line":53,"column":72}},"24":{"start":{"line":54,"column":19},"end":{"line":64,"column":14}},"25":{"start":{"line":66,"column":21},"end":{"line":66,"column":46}},"26":{"start":{"line":66,"column":38},"end":{"line":66,"column":45}},"27":{"start":{"line":68,"column":19},"end":{"line":73,"column":8}},"28":{"start":{"line":75,"column":6},"end":{"line":75,"column":83}},"29":{"start":{"line":76,"column":6},"end":{"line":76,"column":64}},"30":{"start":{"line":78,"column":6},"end":{"line":78,"column":63}},"31":{"start":{"line":79,"column":6},"end":{"line":79,"column":47}},"32":{"start":{"line":84,"column":4},"end":{"line":84,"column":49}},"33":{"start":{"line":86,"column":16},"end":{"line":86,"column":88}},"34":{"start":{"line":87,"column":23},"end":{"line":92,"column":6}},"35":{"start":{"line":88,"column":6},"end":{"line":91,"column":9}},"36":{"start":{"line":89,"column":8},"end":{"line":90,"column":27}},"37":{"start":{"line":89,"column":17},"end":{"line":89,"column":29}},"38":{"start":{"line":90,"column":13},"end":{"line":90,"column":27}},"39":{"start":{"line":94,"column":20},"end":{"line":94,"column":21}},"40":{"start":{"line":95,"column":4},"end":{"line":98,"column":5}},"41":{"start":{"line":96,"column":21},"end":{"line":96,"column":62}},"42":{"start":{"line":97,"column":6},"end":{"line":97,"column":39}},"43":{"start":{"line":97,"column":27},"end":{"line":97,"column":39}},"44":{"start":{"line":100,"column":4},"end":{"line":100,"column":62}},"45":{"start":{"line":101,"column":4},"end":{"line":101,"column":62}},"46":{"start":{"line":105,"column":18},"end":{"line":105,"column":56}},"47":{"start":{"line":106,"column":4},"end":{"line":109,"column":7}},"48":{"start":{"line":113,"column":0},"end":{"line":113,"column":37}}},"fnMap":{"0":{"name":"(anonymous_0)","decl":{"start":{"line":7,"column":2},"end":{"line":7,"column":3}},"loc":{"start":{"line":7,"column":26},"end":{"line":17,"column":3}},"line":7},"1":{"name":"(anonymous_1)","decl":{"start":{"line":19,"column":2},"end":{"line":19,"column":3}},"loc":{"start":{"line":19,"column":43},"end":{"line":81,"column":3}},"line":19},"2":{"name":"(anonymous_2)","decl":{"start":{"line":45,"column":40},"end":{"line":45,"column":41}},"loc":{"start":{"line":45,"column":61},"end":{"line":50,"column":7}},"line":45},"3":{"name":"(anonymous_3)","decl":{"start":{"line":46,"column":35},"end":{"line":46,"column":36}},"loc":{"start":{"line":46,"column":50},"end":{"line":49,"column":9}},"line":46},"4":{"name":"(anonymous_4)","decl":{"start":{"line":52,"column":33},"end":{"line":52,"column":34}},"loc":{"start":{"line":52,"column":38},"end":{"line":52,"column":58}},"line":52},"5":{"name":"(anonymous_5)","decl":{"start":{"line":66,"column":33},"end":{"line":66,"column":34}},"loc":{"start":{"line":66,"column":38},"end":{"line":66,"column":45}},"line":66},"6":{"name":"(anonymous_6)","decl":{"start":{"line":83,"column":2},"end":{"line":83,"column":3}},"loc":{"start":{"line":83,"column":35},"end":{"line":102,"column":3}},"line":83},"7":{"name":"(anonymous_7)","decl":{"start":{"line":87,"column":41},"end":{"line":87,"column":42}},"loc":{"start":{"line":87,"column":62},"end":{"line":92,"column":5}},"line":87},"8":{"name":"(anonymous_8)","decl":{"start":{"line":88,"column":22},"end":{"line":88,"column":23}},"loc":{"start":{"line":88,"column":37},"end":{"line":91,"column":7}},"line":88},"9":{"name":"(anonymous_9)","decl":{"start":{"line":104,"column":2},"end":{"line":104,"column":3}},"loc":{"start":{"line":104,"column":44},"end":{"line":110,"column":3}},"line":104}},"branchMap":{"0":{"loc":{"start":{"line":9,"column":12},"end":{"line":9,"column":53}},"type":"binary-expr","locations":[{"start":{"line":9,"column":12},"end":{"line":9,"column":33}},{"start":{"line":9,"column":37},"end":{"line":9,"column":53}}],"line":9},"1":{"loc":{"start":{"line":10,"column":12},"end":{"line":10,"column":40}},"type":"binary-expr","locations":[{"start":{"line":10,"column":12},"end":{"line":10,"column":33}},{"start":{"line":10,"column":37},"end":{"line":10,"column":40}}],"line":10},"2":{"loc":{"start":{"line":23,"column":6},"end":{"line":26,"column":7}},"type":"if","locations":[{"start":{"line":23,"column":6},"end":{"line":26,"column":7}},{"start":{},"end":{}}],"line":23},"3":{"loc":{"start":{"line":23,"column":10},"end":{"line":23,"column":58}},"type":"binary-expr","locations":[{"start":{"line":23,"column":10},"end":{"line":23,"column":32}},{"start":{"line":23,"column":36},"end":{"line":23,"column":58}}],"line":23},"4":{"loc":{"start":{"line":35,"column":6},"end":{"line":38,"column":7}},"type":"if","locations":[{"start":{"line":35,"column":6},"end":{"line":38,"column":7}},{"start":{},"end":{}}],"line":35},"5":{"loc":{"start":{"line":47,"column":10},"end":{"line":48,"column":29}},"type":"if","locations":[{"start":{"line":47,"column":10},"end":{"line":48,"column":29}},{"start":{"line":48,"column":15},"end":{"line":48,"column":29}}],"line":47},"6":{"loc":{"start":{"line":89,"column":8},"end":{"line":90,"column":27}},"type":"if","locations":[{"start":{"line":89,"column":8},"end":{"line":90,"column":27}},{"start":{"line":90,"column":13},"end":{"line":90,"column":27}}],"line":89},"7":{"loc":{"start":{"line":97,"column":6},"end":{"line":97,"column":39}},"type":"if","locations":[{"start":{"line":97,"column":6},"end":{"line":97,"column":39}},{"start":{},"end":{}}],"line":97}},"s":{"0":0,"1":0,"2":0,"3":0,"4":0,"5":0,"6":0,"7":0,"8":0,"9":0,"10":0,"11":0,"12":0,"13":0,"14":0,"15":0,"16":0,"17":0,"18":0,"19":0,"20":0,"21":0,"22":0,"23":0,"24":0,"25":0,"26":0,"27":0,"28":0,"29":0,"30":0,"31":0,"32":0,"33":0,"34":0,"35":0,"36":0,"37":0,"38":0,"39":0,"40":0,"41":0,"42":0,"43":0,"44":0,"45":0,"46":0,"47":0,"48":0},"f":{"0":0,"1":0,"2":0,"3":0,"4":0,"5":0,"6":0,"7":0,"8":0,"9":0},"b":{"0":[0,0],"1":[0,0],"2":[0,0],"3":[0,0],"4":[0,0],"5":[0,0],"6":[0,0],"7":[0,0]}}
,"/Users/laiszacarias/casaemordem/server/utils/jwt.js": {"path":"/Users/laiszacarias/casaemordem/server/utils/jwt.js","statementMap":{"0":{"start":{"line":1,"column":12},"end":{"line":1,"column":35}},"1":{"start":{"line":3,"column":19},"end":{"line":3,"column":70}},"2":{"start":{"line":8,"column":20},"end":{"line":12,"column":5}},"3":{"start":{"line":14,"column":18},"end":{"line":14,"column":68}},"4":{"start":{"line":15,"column":4},"end":{"line":15,"column":17}},"5":{"start":{"line":20,"column":4},"end":{"line":25,"column":5}},"6":{"start":{"line":21,"column":22},"end":{"line":21,"column":51}},"7":{"start":{"line":22,"column":6},"end":{"line":22,"column":21}},"8":{"start":{"line":24,"column":6},"end":{"line":24,"column":18}},"9":{"start":{"line":30,"column":4},"end":{"line":32,"column":5}},"10":{"start":{"line":31,"column":6},"end":{"line":31,"column":18}},"11":{"start":{"line":33,"column":4},"end":{"line":33,"column":35}},"12":{"start":{"line":37,"column":0},"end":{"line":37,"column":25}}},"fnMap":{"0":{"name":"(anonymous_0)","decl":{"start":{"line":7,"column":2},"end":{"line":7,"column":3}},"loc":{"start":{"line":7,"column":41},"end":{"line":16,"column":3}},"line":7},"1":{"name":"(anonymous_1)","decl":{"start":{"line":19,"column":2},"end":{"line":19,"column":3}},"loc":{"start":{"line":19,"column":28},"end":{"line":26,"column":3}},"line":19},"2":{"name":"(anonymous_2)","decl":{"start":{"line":29,"column":2},"end":{"line":29,"column":3}},"loc":{"start":{"line":29,"column":44},"end":{"line":34,"column":3}},"line":29}},"branchMap":{"0":{"loc":{"start":{"line":3,"column":19},"end":{"line":3,"column":70}},"type":"binary-expr","locations":[{"start":{"line":3,"column":19},"end":{"line":3,"column":41}},{"start":{"line":3,"column":45},"end":{"line":3,"column":70}}],"line":3},"1":{"loc":{"start":{"line":30,"column":4},"end":{"line":32,"column":5}},"type":"if","locations":[{"start":{"line":30,"column":4},"end":{"line":32,"column":5}},{"start":{},"end":{}}],"line":30},"2":{"loc":{"start":{"line":30,"column":8},"end":{"line":30,"column":56}},"type":"binary-expr","locations":[{"start":{"line":30,"column":8},"end":{"line":30,"column":19}},{"start":{"line":30,"column":23},"end":{"line":30,"column":56}}],"line":30}},"s":{"0":0,"1":0,"2":0,"3":0,"4":0,"5":0,"6":0,"7":0,"8":0,"9":0,"10":0,"11":0,"12":0},"f":{"0":0,"1":0,"2":0},"b":{"0":[0,0],"1":[0,0],"2":[0,0]}}
}
