{"/Users/laiszacarias/Projects/casaemordem/server/app.js": {"path":"/Users/laiszacarias/Projects/casaemordem/server/app.js","statementMap":{"0":{"start":{"line":1,"column":0},"end":{"line":1,"column":37}},"1":{"start":{"line":2,"column":0},"end":{"line":2,"column":27}},"2":{"start":{"line":3,"column":16},"end":{"line":3,"column":34}},"3":{"start":{"line":4,"column":19},"end":{"line":4,"column":41}},"4":{"start":{"line":5,"column":13},"end":{"line":5,"column":28}},"5":{"start":{"line":6,"column":11},"end":{"line":6,"column":39}},"6":{"start":{"line":7,"column":19},"end":{"line":7,"column":43}},"7":{"start":{"line":8,"column":24},"end":{"line":8,"column":54}},"8":{"start":{"line":9,"column":23},"end":{"line":9,"column":52}},"9":{"start":{"line":10,"column":19},"end":{"line":10,"column":44}},"10":{"start":{"line":11,"column":27},"end":{"line":11,"column":60}},"11":{"start":{"line":13,"column":12},"end":{"line":13,"column":21}},"12":{"start":{"line":15,"column":0},"end":{"line":15,"column":16}},"13":{"start":{"line":16,"column":0},"end":{"line":16,"column":27}},"14":{"start":{"line":17,"column":0},"end":{"line":17,"column":51}},"15":{"start":{"line":18,"column":0},"end":{"line":18,"column":34}},"16":{"start":{"line":20,"column":0},"end":{"line":20,"column":29}},"17":{"start":{"line":21,"column":0},"end":{"line":21,"column":43}},"18":{"start":{"line":22,"column":0},"end":{"line":22,"column":42}},"19":{"start":{"line":23,"column":0},"end":{"line":23,"column":34}},"20":{"start":{"line":24,"column":0},"end":{"line":24,"column":50}},"21":{"start":{"line":27,"column":0},"end":{"line":29,"column":3}},"22":{"start":{"line":28,"column":2},"end":{"line":28,"column":52}},"23":{"start":{"line":32,"column":0},"end":{"line":34,"column":3}},"24":{"start":{"line":33,"column":2},"end":{"line":33,"column":64}},"25":{"start":{"line":37,"column":0},"end":{"line":72,"column":3}},"26":{"start":{"line":38,"column":21},"end":{"line":38,"column":46}},"27":{"start":{"line":39,"column":2},"end":{"line":41,"column":3}},"28":{"start":{"line":40,"column":4},"end":{"line":40,"column":56}},"29":{"start":{"line":43,"column":16},"end":{"line":43,"column":49}},"30":{"start":{"line":44,"column":18},"end":{"line":44,"column":40}},"31":{"start":{"line":45,"column":18},"end":{"line":45,"column":44}},"32":{"start":{"line":47,"column":2},"end":{"line":49,"column":3}},"33":{"start":{"line":48,"column":4},"end":{"line":48,"column":61}},"34":{"start":{"line":51,"column":35},"end":{"line":51,"column":43}},"35":{"start":{"line":53,"column":13},"end":{"line":53,"column":26}},"36":{"start":{"line":54,"column":15},"end":{"line":54,"column":30}},"37":{"start":{"line":55,"column":18},"end":{"line":55,"column":52}},"38":{"start":{"line":57,"column":19},"end":{"line":57,"column":51}},"39":{"start":{"line":59,"column":2},"end":{"line":59,"column":79}},"40":{"start":{"line":60,"column":2},"end":{"line":62,"column":3}},"41":{"start":{"line":61,"column":4},"end":{"line":61,"column":81}},"42":{"start":{"line":64,"column":2},"end":{"line":64,"column":48}},"43":{"start":{"line":66,"column":2},"end":{"line":66,"column":36}},"44":{"start":{"line":67,"column":2},"end":{"line":69,"column":3}},"45":{"start":{"line":68,"column":4},"end":{"line":68,"column":38}},"46":{"start":{"line":71,"column":2},"end":{"line":71,"column":47}},"47":{"start":{"line":75,"column":0},"end":{"line":92,"column":3}},"48":{"start":{"line":76,"column":21},"end":{"line":76,"column":46}},"49":{"start":{"line":77,"column":2},"end":{"line":79,"column":3}},"50":{"start":{"line":78,"column":4},"end":{"line":78,"column":56}},"51":{"start":{"line":81,"column":16},"end":{"line":81,"column":49}},"52":{"start":{"line":82,"column":18},"end":{"line":82,"column":40}},"53":{"start":{"line":83,"column":18},"end":{"line":83,"column":44}},"54":{"start":{"line":85,"column":2},"end":{"line":87,"column":3}},"55":{"start":{"line":86,"column":4},"end":{"line":86,"column":61}},"56":{"start":{"line":89,"column":2},"end":{"line":91,"column":5}},"57":{"start":{"line":94,"column":0},"end":{"line":94,"column":21}}},"fnMap":{"0":{"name":"(anonymous_0)","decl":{"start":{"line":27,"column":13},"end":{"line":27,"column":14}},"loc":{"start":{"line":27,"column":27},"end":{"line":29,"column":1}},"line":27},"1":{"name":"(anonymous_1)","decl":{"start":{"line":32,"column":23},"end":{"line":32,"column":24}},"loc":{"start":{"line":32,"column":37},"end":{"line":34,"column":1}},"line":32},"2":{"name":"(anonymous_2)","decl":{"start":{"line":37,"column":27},"end":{"line":37,"column":28}},"loc":{"start":{"line":37,"column":41},"end":{"line":72,"column":1}},"line":37},"3":{"name":"(anonymous_3)","decl":{"start":{"line":75,"column":27},"end":{"line":75,"column":28}},"loc":{"start":{"line":75,"column":41},"end":{"line":92,"column":1}},"line":75}},"branchMap":{"0":{"loc":{"start":{"line":39,"column":2},"end":{"line":41,"column":3}},"type":"if","locations":[{"start":{"line":39,"column":2},"end":{"line":41,"column":3}},{"start":{},"end":{}}],"line":39},"1":{"loc":{"start":{"line":47,"column":2},"end":{"line":49,"column":3}},"type":"if","locations":[{"start":{"line":47,"column":2},"end":{"line":49,"column":3}},{"start":{},"end":{}}],"line":47},"2":{"loc":{"start":{"line":60,"column":2},"end":{"line":62,"column":3}},"type":"if","locations":[{"start":{"line":60,"column":2},"end":{"line":62,"column":3}},{"start":{},"end":{}}],"line":60},"3":{"loc":{"start":{"line":67,"column":2},"end":{"line":69,"column":3}},"type":"if","locations":[{"start":{"line":67,"column":2},"end":{"line":69,"column":3}},{"start":{},"end":{}}],"line":67},"4":{"loc":{"start":{"line":77,"column":2},"end":{"line":79,"column":3}},"type":"if","locations":[{"start":{"line":77,"column":2},"end":{"line":79,"column":3}},{"start":{},"end":{}}],"line":77},"5":{"loc":{"start":{"line":85,"column":2},"end":{"line":87,"column":3}},"type":"if","locations":[{"start":{"line":85,"column":2},"end":{"line":87,"column":3}},{"start":{},"end":{}}],"line":85},"6":{"loc":{"start":{"line":90,"column":15},"end":{"line":90,"column":42}},"type":"binary-expr","locations":[{"start":{"line":90,"column":15},"end":{"line":90,"column":36}},{"start":{"line":90,"column":40},"end":{"line":90,"column":42}}],"line":90}},"s":{"0":1,"1":1,"2":1,"3":1,"4":1,"5":1,"6":1,"7":1,"8":1,"9":1,"10":1,"11":1,"12":1,"13":1,"14":1,"15":1,"16":1,"17":1,"18":1,"19":1,"20":1,"21":1,"22":0,"23":1,"24":0,"25":1,"26":0,"27":0,"28":0,"29":0,"30":0,"31":0,"32":0,"33":0,"34":0,"35":0,"36":0,"37":0,"38":0,"39":0,"40":0,"41":0,"42":0,"43":0,"44":0,"45":0,"46":0,"47":1,"48":0,"49":0,"50":0,"51":0,"52":0,"53":0,"54":0,"55":0,"56":0,"57":1},"f":{"0":0,"1":0,"2":0,"3":0},"b":{"0":[0,0],"1":[0,0],"2":[0,0],"3":[0,0],"4":[0,0],"5":[0,0],"6":[0,0]},"_coverageSchema":"1a1c01bbd47fc00a2c39e90264f33305004495a9","hash":"2317b464f2d3e2d970da4147270fab815f00b83d"}
,"/Users/laiszacarias/Projects/casaemordem/server/middleware/auth.js": {"path":"/Users/laiszacarias/Projects/casaemordem/server/middleware/auth.js","statementMap":{"0":{"start":{"line":1,"column":16},"end":{"line":1,"column":39}},"1":{"start":{"line":3,"column":23},"end":{"line":22,"column":1}},"2":{"start":{"line":4,"column":21},"end":{"line":4,"column":46}},"3":{"start":{"line":6,"column":2},"end":{"line":8,"column":3}},"4":{"start":{"line":7,"column":4},"end":{"line":7,"column":62}},"5":{"start":{"line":10,"column":16},"end":{"line":10,"column":58}},"6":{"start":{"line":11,"column":2},"end":{"line":13,"column":3}},"7":{"start":{"line":12,"column":4},"end":{"line":12,"column":61}},"8":{"start":{"line":15,"column":18},"end":{"line":15,"column":44}},"9":{"start":{"line":16,"column":2},"end":{"line":18,"column":3}},"10":{"start":{"line":17,"column":4},"end":{"line":17,"column":73}},"11":{"start":{"line":20,"column":2},"end":{"line":20,"column":21}},"12":{"start":{"line":21,"column":2},"end":{"line":21,"column":9}},"13":{"start":{"line":24,"column":0},"end":{"line":24,"column":32}}},"fnMap":{"0":{"name":"(anonymous_0)","decl":{"start":{"line":3,"column":23},"end":{"line":3,"column":24}},"loc":{"start":{"line":3,"column":43},"end":{"line":22,"column":1}},"line":3}},"branchMap":{"0":{"loc":{"start":{"line":6,"column":2},"end":{"line":8,"column":3}},"type":"if","locations":[{"start":{"line":6,"column":2},"end":{"line":8,"column":3}},{"start":{},"end":{}}],"line":6},"1":{"loc":{"start":{"line":11,"column":2},"end":{"line":13,"column":3}},"type":"if","locations":[{"start":{"line":11,"column":2},"end":{"line":13,"column":3}},{"start":{},"end":{}}],"line":11},"2":{"loc":{"start":{"line":16,"column":2},"end":{"line":18,"column":3}},"type":"if","locations":[{"start":{"line":16,"column":2},"end":{"line":18,"column":3}},{"start":{},"end":{}}],"line":16}},"s":{"0":1,"1":1,"2":10,"3":10,"4":0,"5":10,"6":10,"7":0,"8":10,"9":10,"10":0,"11":10,"12":10,"13":1},"f":{"0":10},"b":{"0":[0,10],"1":[0,10],"2":[0,10]},"_coverageSchema":"1a1c01bbd47fc00a2c39e90264f33305004495a9","hash":"35e7303f7c1e2ac4818f52b798d80afc53de343a"}
,"/Users/laiszacarias/Projects/casaemordem/server/models/Household.js": {"path":"/Users/laiszacarias/Projects/casaemordem/server/models/Household.js","statementMap":{"0":{"start":{"line":1,"column":11},"end":{"line":1,"column":40}},"1":{"start":{"line":5,"column":18},"end":{"line":5,"column":56}},"2":{"start":{"line":6,"column":15},"end":{"line":6,"column":17}},"3":{"start":{"line":7,"column":4},"end":{"line":9,"column":5}},"4":{"start":{"line":7,"column":17},"end":{"line":7,"column":18}},"5":{"start":{"line":8,"column":6},"end":{"line":8,"column":69}},"6":{"start":{"line":10,"column":4},"end":{"line":10,"column":16}},"7":{"start":{"line":14,"column":4},"end":{"line":43,"column":7}},"8":{"start":{"line":15,"column":25},"end":{"line":15,"column":50}},"9":{"start":{"line":17,"column":6},"end":{"line":42,"column":8}},"10":{"start":{"line":21,"column":10},"end":{"line":21,"column":38}},"11":{"start":{"line":21,"column":19},"end":{"line":21,"column":38}},"12":{"start":{"line":23,"column":30},"end":{"line":23,"column":41}},"13":{"start":{"line":25,"column":10},"end":{"line":40,"column":12}},"14":{"start":{"line":29,"column":14},"end":{"line":29,"column":44}},"15":{"start":{"line":29,"column":24},"end":{"line":29,"column":44}},"16":{"start":{"line":31,"column":14},"end":{"line":38,"column":16}},"17":{"start":{"line":35,"column":18},"end":{"line":35,"column":48}},"18":{"start":{"line":35,"column":28},"end":{"line":35,"column":48}},"19":{"start":{"line":36,"column":18},"end":{"line":36,"column":97}},"20":{"start":{"line":47,"column":4},"end":{"line":53,"column":7}},"21":{"start":{"line":48,"column":18},"end":{"line":48,"column":66}},"22":{"start":{"line":49,"column":6},"end":{"line":52,"column":9}},"23":{"start":{"line":50,"column":8},"end":{"line":51,"column":26}},"24":{"start":{"line":50,"column":17},"end":{"line":50,"column":29}},"25":{"start":{"line":51,"column":13},"end":{"line":51,"column":26}},"26":{"start":{"line":57,"column":4},"end":{"line":63,"column":7}},"27":{"start":{"line":58,"column":18},"end":{"line":58,"column":57}},"28":{"start":{"line":59,"column":6},"end":{"line":62,"column":9}},"29":{"start":{"line":60,"column":8},"end":{"line":61,"column":26}},"30":{"start":{"line":60,"column":17},"end":{"line":60,"column":29}},"31":{"start":{"line":61,"column":13},"end":{"line":61,"column":26}},"32":{"start":{"line":67,"column":4},"end":{"line":84,"column":7}},"33":{"start":{"line":68,"column":6},"end":{"line":83,"column":8}},"34":{"start":{"line":72,"column":10},"end":{"line":72,"column":38}},"35":{"start":{"line":72,"column":19},"end":{"line":72,"column":38}},"36":{"start":{"line":74,"column":10},"end":{"line":81,"column":12}},"37":{"start":{"line":78,"column":14},"end":{"line":78,"column":44}},"38":{"start":{"line":78,"column":24},"end":{"line":78,"column":44}},"39":{"start":{"line":79,"column":14},"end":{"line":79,"column":70}},"40":{"start":{"line":88,"column":4},"end":{"line":99,"column":7}},"41":{"start":{"line":89,"column":18},"end":{"line":94,"column":7}},"42":{"start":{"line":95,"column":6},"end":{"line":98,"column":9}},"43":{"start":{"line":96,"column":8},"end":{"line":97,"column":27}},"44":{"start":{"line":96,"column":17},"end":{"line":96,"column":29}},"45":{"start":{"line":97,"column":13},"end":{"line":97,"column":27}},"46":{"start":{"line":103,"column":4},"end":{"line":113,"column":7}},"47":{"start":{"line":104,"column":22},"end":{"line":104,"column":47}},"48":{"start":{"line":105,"column":6},"end":{"line":112,"column":8}},"49":{"start":{"line":109,"column":10},"end":{"line":109,"column":38}},"50":{"start":{"line":109,"column":19},"end":{"line":109,"column":38}},"51":{"start":{"line":110,"column":10},"end":{"line":110,"column":44}},"52":{"start":{"line":117,"column":4},"end":{"line":123,"column":7}},"53":{"start":{"line":118,"column":18},"end":{"line":118,"column":101}},"54":{"start":{"line":119,"column":6},"end":{"line":122,"column":9}},"55":{"start":{"line":120,"column":8},"end":{"line":121,"column":26}},"56":{"start":{"line":120,"column":17},"end":{"line":120,"column":29}},"57":{"start":{"line":121,"column":13},"end":{"line":121,"column":26}},"58":{"start":{"line":127,"column":4},"end":{"line":133,"column":7}},"59":{"start":{"line":128,"column":18},"end":{"line":128,"column":68}},"60":{"start":{"line":129,"column":6},"end":{"line":132,"column":9}},"61":{"start":{"line":130,"column":8},"end":{"line":131,"column":26}},"62":{"start":{"line":130,"column":17},"end":{"line":130,"column":29}},"63":{"start":{"line":131,"column":13},"end":{"line":131,"column":26}},"64":{"start":{"line":137,"column":4},"end":{"line":146,"column":7}},"65":{"start":{"line":138,"column":6},"end":{"line":145,"column":8}},"66":{"start":{"line":142,"column":10},"end":{"line":142,"column":38}},"67":{"start":{"line":142,"column":19},"end":{"line":142,"column":38}},"68":{"start":{"line":143,"column":10},"end":{"line":143,"column":45}},"69":{"start":{"line":150,"column":4},"end":{"line":184,"column":7}},"70":{"start":{"line":152,"column":16},"end":{"line":152,"column":35}},"71":{"start":{"line":153,"column":19},"end":{"line":153,"column":21}},"72":{"start":{"line":155,"column":6},"end":{"line":158,"column":7}},"73":{"start":{"line":156,"column":8},"end":{"line":156,"column":32}},"74":{"start":{"line":157,"column":8},"end":{"line":157,"column":30}},"75":{"start":{"line":159,"column":6},"end":{"line":162,"column":7}},"76":{"start":{"line":160,"column":8},"end":{"line":160,"column":29}},"77":{"start":{"line":161,"column":8},"end":{"line":161,"column":27}},"78":{"start":{"line":163,"column":6},"end":{"line":166,"column":7}},"79":{"start":{"line":164,"column":8},"end":{"line":164,"column":29}},"80":{"start":{"line":165,"column":8},"end":{"line":165,"column":35}},"81":{"start":{"line":169,"column":6},"end":{"line":169,"column":36}},"82":{"start":{"line":170,"column":6},"end":{"line":170,"column":49}},"83":{"start":{"line":171,"column":6},"end":{"line":171,"column":45}},"84":{"start":{"line":173,"column":6},"end":{"line":183,"column":9}},"85":{"start":{"line":174,"column":8},"end":{"line":182,"column":9}},"86":{"start":{"line":175,"column":10},"end":{"line":179,"column":11}},"87":{"start":{"line":176,"column":12},"end":{"line":176,"column":69}},"88":{"start":{"line":178,"column":12},"end":{"line":178,"column":24}},"89":{"start":{"line":181,"column":10},"end":{"line":181,"column":45}},"90":{"start":{"line":188,"column":0},"end":{"line":188,"column":27}}},"fnMap":{"0":{"name":"(anonymous_0)","decl":{"start":{"line":4,"column":2},"end":{"line":4,"column":3}},"loc":{"start":{"line":4,"column":30},"end":{"line":11,"column":3}},"line":4},"1":{"name":"(anonymous_1)","decl":{"start":{"line":13,"column":2},"end":{"line":13,"column":3}},"loc":{"start":{"line":13,"column":38},"end":{"line":44,"column":3}},"line":13},"2":{"name":"(anonymous_2)","decl":{"start":{"line":14,"column":23},"end":{"line":14,"column":24}},"loc":{"start":{"line":14,"column":44},"end":{"line":43,"column":5}},"line":14},"3":{"name":"(anonymous_3)","decl":{"start":{"line":20,"column":8},"end":{"line":20,"column":9}},"loc":{"start":{"line":20,"column":22},"end":{"line":41,"column":9}},"line":20},"4":{"name":"(anonymous_4)","decl":{"start":{"line":28,"column":12},"end":{"line":28,"column":13}},"loc":{"start":{"line":28,"column":27},"end":{"line":39,"column":13}},"line":28},"5":{"name":"(anonymous_5)","decl":{"start":{"line":34,"column":16},"end":{"line":34,"column":17}},"loc":{"start":{"line":34,"column":31},"end":{"line":37,"column":17}},"line":34},"6":{"name":"(anonymous_6)","decl":{"start":{"line":46,"column":2},"end":{"line":46,"column":3}},"loc":{"start":{"line":46,"column":32},"end":{"line":54,"column":3}},"line":46},"7":{"name":"(anonymous_7)","decl":{"start":{"line":47,"column":23},"end":{"line":47,"column":24}},"loc":{"start":{"line":47,"column":44},"end":{"line":53,"column":5}},"line":47},"8":{"name":"(anonymous_8)","decl":{"start":{"line":49,"column":26},"end":{"line":49,"column":27}},"loc":{"start":{"line":49,"column":40},"end":{"line":52,"column":7}},"line":49},"9":{"name":"(anonymous_9)","decl":{"start":{"line":56,"column":2},"end":{"line":56,"column":3}},"loc":{"start":{"line":56,"column":22},"end":{"line":64,"column":3}},"line":56},"10":{"name":"(anonymous_10)","decl":{"start":{"line":57,"column":23},"end":{"line":57,"column":24}},"loc":{"start":{"line":57,"column":44},"end":{"line":63,"column":5}},"line":57},"11":{"name":"(anonymous_11)","decl":{"start":{"line":59,"column":24},"end":{"line":59,"column":25}},"loc":{"start":{"line":59,"column":38},"end":{"line":62,"column":7}},"line":59},"12":{"name":"(anonymous_12)","decl":{"start":{"line":66,"column":2},"end":{"line":66,"column":3}},"loc":{"start":{"line":66,"column":35},"end":{"line":85,"column":3}},"line":66},"13":{"name":"(anonymous_13)","decl":{"start":{"line":67,"column":23},"end":{"line":67,"column":24}},"loc":{"start":{"line":67,"column":44},"end":{"line":84,"column":5}},"line":67},"14":{"name":"(anonymous_14)","decl":{"start":{"line":71,"column":8},"end":{"line":71,"column":9}},"loc":{"start":{"line":71,"column":22},"end":{"line":82,"column":9}},"line":71},"15":{"name":"(anonymous_15)","decl":{"start":{"line":77,"column":12},"end":{"line":77,"column":13}},"loc":{"start":{"line":77,"column":27},"end":{"line":80,"column":13}},"line":77},"16":{"name":"(anonymous_16)","decl":{"start":{"line":87,"column":2},"end":{"line":87,"column":3}},"loc":{"start":{"line":87,"column":33},"end":{"line":100,"column":3}},"line":87},"17":{"name":"(anonymous_17)","decl":{"start":{"line":88,"column":23},"end":{"line":88,"column":24}},"loc":{"start":{"line":88,"column":44},"end":{"line":99,"column":5}},"line":88},"18":{"name":"(anonymous_18)","decl":{"start":{"line":95,"column":33},"end":{"line":95,"column":34}},"loc":{"start":{"line":95,"column":48},"end":{"line":98,"column":7}},"line":95},"19":{"name":"(anonymous_19)","decl":{"start":{"line":102,"column":2},"end":{"line":102,"column":3}},"loc":{"start":{"line":102,"column":37},"end":{"line":114,"column":3}},"line":102},"20":{"name":"(anonymous_20)","decl":{"start":{"line":103,"column":23},"end":{"line":103,"column":24}},"loc":{"start":{"line":103,"column":44},"end":{"line":113,"column":5}},"line":103},"21":{"name":"(anonymous_21)","decl":{"start":{"line":108,"column":8},"end":{"line":108,"column":9}},"loc":{"start":{"line":108,"column":22},"end":{"line":111,"column":9}},"line":108},"22":{"name":"(anonymous_22)","decl":{"start":{"line":116,"column":2},"end":{"line":116,"column":3}},"loc":{"start":{"line":116,"column":30},"end":{"line":124,"column":3}},"line":116},"23":{"name":"(anonymous_23)","decl":{"start":{"line":117,"column":23},"end":{"line":117,"column":24}},"loc":{"start":{"line":117,"column":44},"end":{"line":123,"column":5}},"line":117},"24":{"name":"(anonymous_24)","decl":{"start":{"line":119,"column":28},"end":{"line":119,"column":29}},"loc":{"start":{"line":119,"column":42},"end":{"line":122,"column":7}},"line":119},"25":{"name":"(anonymous_25)","decl":{"start":{"line":126,"column":2},"end":{"line":126,"column":3}},"loc":{"start":{"line":126,"column":56},"end":{"line":134,"column":3}},"line":126},"26":{"name":"(anonymous_26)","decl":{"start":{"line":127,"column":23},"end":{"line":127,"column":24}},"loc":{"start":{"line":127,"column":44},"end":{"line":133,"column":5}},"line":127},"27":{"name":"(anonymous_27)","decl":{"start":{"line":129,"column":42},"end":{"line":129,"column":43}},"loc":{"start":{"line":129,"column":56},"end":{"line":132,"column":7}},"line":129},"28":{"name":"(anonymous_28)","decl":{"start":{"line":136,"column":2},"end":{"line":136,"column":3}},"loc":{"start":{"line":136,"column":70},"end":{"line":147,"column":3}},"line":136},"29":{"name":"(anonymous_29)","decl":{"start":{"line":137,"column":23},"end":{"line":137,"column":24}},"loc":{"start":{"line":137,"column":44},"end":{"line":146,"column":5}},"line":137},"30":{"name":"(anonymous_30)","decl":{"start":{"line":141,"column":8},"end":{"line":141,"column":9}},"loc":{"start":{"line":141,"column":22},"end":{"line":144,"column":9}},"line":141},"31":{"name":"(anonymous_31)","decl":{"start":{"line":149,"column":2},"end":{"line":149,"column":3}},"loc":{"start":{"line":149,"column":73},"end":{"line":185,"column":3}},"line":149},"32":{"name":"(anonymous_32)","decl":{"start":{"line":150,"column":23},"end":{"line":150,"column":24}},"loc":{"start":{"line":150,"column":44},"end":{"line":184,"column":5}},"line":150},"33":{"name":"(anonymous_33)","decl":{"start":{"line":173,"column":26},"end":{"line":173,"column":27}},"loc":{"start":{"line":173,"column":40},"end":{"line":183,"column":7}},"line":173}},"branchMap":{"0":{"loc":{"start":{"line":13,"column":25},"end":{"line":13,"column":36}},"type":"default-arg","locations":[{"start":{"line":13,"column":32},"end":{"line":13,"column":36}}],"line":13},"1":{"loc":{"start":{"line":21,"column":10},"end":{"line":21,"column":38}},"type":"if","locations":[{"start":{"line":21,"column":10},"end":{"line":21,"column":38}},{"start":{},"end":{}}],"line":21},"2":{"loc":{"start":{"line":29,"column":14},"end":{"line":29,"column":44}},"type":"if","locations":[{"start":{"line":29,"column":14},"end":{"line":29,"column":44}},{"start":{},"end":{}}],"line":29},"3":{"loc":{"start":{"line":35,"column":18},"end":{"line":35,"column":48}},"type":"if","locations":[{"start":{"line":35,"column":18},"end":{"line":35,"column":48}},{"start":{},"end":{}}],"line":35},"4":{"loc":{"start":{"line":50,"column":8},"end":{"line":51,"column":26}},"type":"if","locations":[{"start":{"line":50,"column":8},"end":{"line":51,"column":26}},{"start":{"line":51,"column":13},"end":{"line":51,"column":26}}],"line":50},"5":{"loc":{"start":{"line":60,"column":8},"end":{"line":61,"column":26}},"type":"if","locations":[{"start":{"line":60,"column":8},"end":{"line":61,"column":26}},{"start":{"line":61,"column":13},"end":{"line":61,"column":26}}],"line":60},"6":{"loc":{"start":{"line":72,"column":10},"end":{"line":72,"column":38}},"type":"if","locations":[{"start":{"line":72,"column":10},"end":{"line":72,"column":38}},{"start":{},"end":{}}],"line":72},"7":{"loc":{"start":{"line":78,"column":14},"end":{"line":78,"column":44}},"type":"if","locations":[{"start":{"line":78,"column":14},"end":{"line":78,"column":44}},{"start":{},"end":{}}],"line":78},"8":{"loc":{"start":{"line":96,"column":8},"end":{"line":97,"column":27}},"type":"if","locations":[{"start":{"line":96,"column":8},"end":{"line":97,"column":27}},{"start":{"line":97,"column":13},"end":{"line":97,"column":27}}],"line":96},"9":{"loc":{"start":{"line":109,"column":10},"end":{"line":109,"column":38}},"type":"if","locations":[{"start":{"line":109,"column":10},"end":{"line":109,"column":38}},{"start":{},"end":{}}],"line":109},"10":{"loc":{"start":{"line":120,"column":8},"end":{"line":121,"column":26}},"type":"if","locations":[{"start":{"line":120,"column":8},"end":{"line":121,"column":26}},{"start":{"line":121,"column":13},"end":{"line":121,"column":26}}],"line":120},"11":{"loc":{"start":{"line":130,"column":8},"end":{"line":131,"column":26}},"type":"if","locations":[{"start":{"line":130,"column":8},"end":{"line":131,"column":26}},{"start":{"line":131,"column":13},"end":{"line":131,"column":26}}],"line":130},"12":{"loc":{"start":{"line":140,"column":9},"end":{"line":140,"column":24}},"type":"cond-expr","locations":[{"start":{"line":140,"column":19},"end":{"line":140,"column":20}},{"start":{"line":140,"column":23},"end":{"line":140,"column":24}}],"line":140},"13":{"loc":{"start":{"line":142,"column":10},"end":{"line":142,"column":38}},"type":"if","locations":[{"start":{"line":142,"column":10},"end":{"line":142,"column":38}},{"start":{},"end":{}}],"line":142},"14":{"loc":{"start":{"line":155,"column":6},"end":{"line":158,"column":7}},"type":"if","locations":[{"start":{"line":155,"column":6},"end":{"line":158,"column":7}},{"start":{},"end":{}}],"line":155},"15":{"loc":{"start":{"line":159,"column":6},"end":{"line":162,"column":7}},"type":"if","locations":[{"start":{"line":159,"column":6},"end":{"line":162,"column":7}},{"start":{},"end":{}}],"line":159},"16":{"loc":{"start":{"line":159,"column":10},"end":{"line":159,"column":45}},"type":"binary-expr","locations":[{"start":{"line":159,"column":10},"end":{"line":159,"column":29}},{"start":{"line":159,"column":33},"end":{"line":159,"column":45}}],"line":159},"17":{"loc":{"start":{"line":163,"column":6},"end":{"line":166,"column":7}},"type":"if","locations":[{"start":{"line":163,"column":6},"end":{"line":166,"column":7}},{"start":{},"end":{}}],"line":163},"18":{"loc":{"start":{"line":165,"column":20},"end":{"line":165,"column":33}},"type":"binary-expr","locations":[{"start":{"line":165,"column":20},"end":{"line":165,"column":25}},{"start":{"line":165,"column":29},"end":{"line":165,"column":33}}],"line":165},"19":{"loc":{"start":{"line":174,"column":8},"end":{"line":182,"column":9}},"type":"if","locations":[{"start":{"line":174,"column":8},"end":{"line":182,"column":9}},{"start":{"line":180,"column":15},"end":{"line":182,"column":9}}],"line":174},"20":{"loc":{"start":{"line":175,"column":10},"end":{"line":179,"column":11}},"type":"if","locations":[{"start":{"line":175,"column":10},"end":{"line":179,"column":11}},{"start":{"line":177,"column":17},"end":{"line":179,"column":11}}],"line":175}},"s":{"0":1,"1":1,"2":1,"3":1,"4":1,"5":6,"6":1,"7":0,"8":0,"9":0,"10":0,"11":0,"12":0,"13":0,"14":0,"15":0,"16":0,"17":0,"18":0,"19":0,"20":0,"21":0,"22":0,"23":0,"24":0,"25":0,"26":0,"27":0,"28":0,"29":0,"30":0,"31":0,"32":0,"33":0,"34":0,"35":0,"36":0,"37":0,"38":0,"39":0,"40":1,"41":1,"42":1,"43":1,"44":0,"45":1,"46":1,"47":1,"48":1,"49":1,"50":0,"51":1,"52":10,"53":10,"54":10,"55":10,"56":0,"57":10,"58":0,"59":0,"60":0,"61":0,"62":0,"63":0,"64":0,"65":0,"66":0,"67":0,"68":0,"69":0,"70":0,"71":0,"72":0,"73":0,"74":0,"75":0,"76":0,"77":0,"78":0,"79":0,"80":0,"81":0,"82":0,"83":0,"84":0,"85":0,"86":0,"87":0,"88":0,"89":0,"90":1},"f":{"0":1,"1":0,"2":0,"3":0,"4":0,"5":0,"6":0,"7":0,"8":0,"9":0,"10":0,"11":0,"12":0,"13":0,"14":0,"15":0,"16":1,"17":1,"18":1,"19":1,"20":1,"21":1,"22":10,"23":10,"24":10,"25":0,"26":0,"27":0,"28":0,"29":0,"30":0,"31":0,"32":0,"33":0},"b":{"0":[0],"1":[0,0],"2":[0,0],"3":[0,0],"4":[0,0],"5":[0,0],"6":[0,0],"7":[0,0],"8":[0,1],"9":[0,1],"10":[0,10],"11":[0,0],"12":[0,0],"13":[0,0],"14":[0,0],"15":[0,0],"16":[0,0],"17":[0,0],"18":[0,0],"19":[0,0],"20":[0,0]},"_coverageSchema":"1a1c01bbd47fc00a2c39e90264f33305004495a9","hash":"6970baa5155cee455cb77308bebcfb7e732370ed"}
,"/Users/laiszacarias/Projects/casaemordem/server/models/Task.js": {"path":"/Users/laiszacarias/Projects/casaemordem/server/models/Task.js","statementMap":{"0":{"start":{"line":1,"column":11},"end":{"line":1,"column":40}},"1":{"start":{"line":2,"column":21},"end":{"line":2,"column":46}},"2":{"start":{"line":6,"column":4},"end":{"line":12,"column":7}},"3":{"start":{"line":7,"column":18},"end":{"line":7,"column":100}},"4":{"start":{"line":8,"column":6},"end":{"line":11,"column":9}},"5":{"start":{"line":9,"column":8},"end":{"line":10,"column":26}},"6":{"start":{"line":9,"column":17},"end":{"line":9,"column":29}},"7":{"start":{"line":10,"column":13},"end":{"line":10,"column":26}},"8":{"start":{"line":16,"column":4},"end":{"line":22,"column":7}},"9":{"start":{"line":17,"column":18},"end":{"line":17,"column":100}},"10":{"start":{"line":18,"column":6},"end":{"line":21,"column":9}},"11":{"start":{"line":19,"column":8},"end":{"line":20,"column":26}},"12":{"start":{"line":19,"column":17},"end":{"line":19,"column":29}},"13":{"start":{"line":20,"column":13},"end":{"line":20,"column":26}},"14":{"start":{"line":26,"column":4},"end":{"line":109,"column":7}},"15":{"start":{"line":27,"column":6},"end":{"line":108,"column":7}},"16":{"start":{"line":28,"column":26},"end":{"line":28,"column":73}},"17":{"start":{"line":30,"column":8},"end":{"line":32,"column":9}},"18":{"start":{"line":31,"column":10},"end":{"line":31,"column":82}},"19":{"start":{"line":34,"column":22},"end":{"line":34,"column":41}},"20":{"start":{"line":35,"column":20},"end":{"line":35,"column":37}},"21":{"start":{"line":36,"column":30},"end":{"line":36,"column":32}},"22":{"start":{"line":38,"column":8},"end":{"line":80,"column":9}},"23":{"start":{"line":38,"column":21},"end":{"line":38,"column":36}},"24":{"start":{"line":39,"column":28},"end":{"line":39,"column":49}},"25":{"start":{"line":40,"column":23},"end":{"line":40,"column":46}},"26":{"start":{"line":41,"column":24},"end":{"line":41,"column":73}},"27":{"start":{"line":42,"column":22},"end":{"line":42,"column":66}},"28":{"start":{"line":43,"column":30},"end":{"line":43,"column":55}},"29":{"start":{"line":44,"column":28},"end":{"line":44,"column":46}},"30":{"start":{"line":45,"column":29},"end":{"line":45,"column":40}},"31":{"start":{"line":46,"column":30},"end":{"line":46,"column":55}},"32":{"start":{"line":47,"column":30},"end":{"line":47,"column":46}},"33":{"start":{"line":49,"column":10},"end":{"line":79,"column":11}},"34":{"start":{"line":50,"column":33},"end":{"line":50,"column":38}},"35":{"start":{"line":52,"column":12},"end":{"line":63,"column":13}},"36":{"start":{"line":53,"column":14},"end":{"line":53,"column":36}},"37":{"start":{"line":54,"column":19},"end":{"line":63,"column":13}},"38":{"start":{"line":56,"column":34},"end":{"line":56,"column":52}},"39":{"start":{"line":57,"column":14},"end":{"line":57,"column":57}},"40":{"start":{"line":58,"column":19},"end":{"line":63,"column":13}},"41":{"start":{"line":59,"column":31},"end":{"line":59,"column":50}},"42":{"start":{"line":60,"column":14},"end":{"line":60,"column":63}},"43":{"start":{"line":61,"column":19},"end":{"line":63,"column":13}},"44":{"start":{"line":62,"column":14},"end":{"line":62,"column":65}},"45":{"start":{"line":65,"column":12},"end":{"line":78,"column":13}},"46":{"start":{"line":66,"column":31},"end":{"line":66,"column":102}},"47":{"start":{"line":67,"column":14},"end":{"line":67,"column":37}},"48":{"start":{"line":67,"column":28},"end":{"line":67,"column":37}},"49":{"start":{"line":69,"column":14},"end":{"line":77,"column":17}},"50":{"start":{"line":82,"column":8},"end":{"line":84,"column":9}},"51":{"start":{"line":83,"column":10},"end":{"line":83,"column":92}},"52":{"start":{"line":86,"column":26},"end":{"line":89,"column":9}},"53":{"start":{"line":91,"column":24},"end":{"line":91,"column":25}},"54":{"start":{"line":92,"column":8},"end":{"line":103,"column":9}},"55":{"start":{"line":93,"column":10},"end":{"line":102,"column":13}},"56":{"start":{"line":94,"column":12},"end":{"line":101,"column":15}},"57":{"start":{"line":98,"column":14},"end":{"line":98,"column":39}},"58":{"start":{"line":98,"column":23},"end":{"line":98,"column":39}},"59":{"start":{"line":99,"column":14},"end":{"line":99,"column":26}},"60":{"start":{"line":100,"column":14},"end":{"line":100,"column":20}},"61":{"start":{"line":105,"column":8},"end":{"line":105,"column":72}},"62":{"start":{"line":107,"column":8},"end":{"line":107,"column":22}},"63":{"start":{"line":113,"column":4},"end":{"line":143,"column":7}},"64":{"start":{"line":114,"column":16},"end":{"line":114,"column":60}},"65":{"start":{"line":115,"column":21},"end":{"line":115,"column":34}},"66":{"start":{"line":117,"column":6},"end":{"line":120,"column":7}},"67":{"start":{"line":118,"column":8},"end":{"line":118,"column":35}},"68":{"start":{"line":119,"column":8},"end":{"line":119,"column":34}},"69":{"start":{"line":122,"column":6},"end":{"line":125,"column":7}},"70":{"start":{"line":123,"column":8},"end":{"line":123,"column":47}},"71":{"start":{"line":124,"column":8},"end":{"line":124,"column":56}},"72":{"start":{"line":127,"column":6},"end":{"line":130,"column":7}},"73":{"start":{"line":128,"column":8},"end":{"line":128,"column":36}},"74":{"start":{"line":129,"column":8},"end":{"line":129,"column":47}},"75":{"start":{"line":132,"column":6},"end":{"line":135,"column":7}},"76":{"start":{"line":133,"column":8},"end":{"line":133,"column":38}},"77":{"start":{"line":134,"column":8},"end":{"line":134,"column":40}},"78":{"start":{"line":137,"column":6},"end":{"line":137,"column":46}},"79":{"start":{"line":139,"column":6},"end":{"line":142,"column":9}},"80":{"start":{"line":140,"column":8},"end":{"line":141,"column":27}},"81":{"start":{"line":140,"column":17},"end":{"line":140,"column":29}},"82":{"start":{"line":141,"column":13},"end":{"line":141,"column":27}},"83":{"start":{"line":147,"column":4},"end":{"line":153,"column":7}},"84":{"start":{"line":148,"column":18},"end":{"line":148,"column":52}},"85":{"start":{"line":149,"column":6},"end":{"line":152,"column":9}},"86":{"start":{"line":150,"column":8},"end":{"line":151,"column":26}},"87":{"start":{"line":150,"column":17},"end":{"line":150,"column":29}},"88":{"start":{"line":151,"column":13},"end":{"line":151,"column":26}},"89":{"start":{"line":157,"column":4},"end":{"line":184,"column":7}},"90":{"start":{"line":158,"column":6},"end":{"line":183,"column":7}},"91":{"start":{"line":159,"column":21},"end":{"line":159,"column":44}},"92":{"start":{"line":160,"column":8},"end":{"line":162,"column":9}},"93":{"start":{"line":161,"column":10},"end":{"line":161,"column":60}},"94":{"start":{"line":164,"column":26},"end":{"line":164,"column":48}},"95":{"start":{"line":165,"column":28},"end":{"line":165,"column":71}},"96":{"start":{"line":167,"column":20},"end":{"line":171,"column":9}},"97":{"start":{"line":173,"column":8},"end":{"line":180,"column":11}},"98":{"start":{"line":174,"column":10},"end":{"line":174,"column":38}},"99":{"start":{"line":174,"column":19},"end":{"line":174,"column":38}},"100":{"start":{"line":175,"column":10},"end":{"line":179,"column":13}},"101":{"start":{"line":182,"column":8},"end":{"line":182,"column":22}},"102":{"start":{"line":188,"column":4},"end":{"line":198,"column":7}},"103":{"start":{"line":189,"column":18},"end":{"line":192,"column":7}},"104":{"start":{"line":194,"column":6},"end":{"line":197,"column":9}},"105":{"start":{"line":195,"column":8},"end":{"line":195,"column":36}},"106":{"start":{"line":195,"column":17},"end":{"line":195,"column":36}},"107":{"start":{"line":196,"column":8},"end":{"line":196,"column":43}},"108":{"start":{"line":202,"column":4},"end":{"line":208,"column":7}},"109":{"start":{"line":203,"column":18},"end":{"line":203,"column":60}},"110":{"start":{"line":204,"column":6},"end":{"line":207,"column":9}},"111":{"start":{"line":205,"column":8},"end":{"line":205,"column":36}},"112":{"start":{"line":205,"column":17},"end":{"line":205,"column":36}},"113":{"start":{"line":206,"column":8},"end":{"line":206,"column":43}},"114":{"start":{"line":212,"column":4},"end":{"line":218,"column":7}},"115":{"start":{"line":213,"column":18},"end":{"line":213,"column":50}},"116":{"start":{"line":214,"column":6},"end":{"line":217,"column":9}},"117":{"start":{"line":215,"column":8},"end":{"line":215,"column":36}},"118":{"start":{"line":215,"column":17},"end":{"line":215,"column":36}},"119":{"start":{"line":216,"column":8},"end":{"line":216,"column":43}},"120":{"start":{"line":222,"column":4},"end":{"line":236,"column":7}},"121":{"start":{"line":223,"column":18},"end":{"line":230,"column":7}},"122":{"start":{"line":232,"column":6},"end":{"line":235,"column":9}},"123":{"start":{"line":233,"column":8},"end":{"line":234,"column":26}},"124":{"start":{"line":233,"column":17},"end":{"line":233,"column":29}},"125":{"start":{"line":234,"column":13},"end":{"line":234,"column":26}},"126":{"start":{"line":240,"column":4},"end":{"line":261,"column":7}},"127":{"start":{"line":241,"column":18},"end":{"line":255,"column":7}},"128":{"start":{"line":257,"column":6},"end":{"line":260,"column":9}},"129":{"start":{"line":258,"column":8},"end":{"line":259,"column":27}},"130":{"start":{"line":258,"column":17},"end":{"line":258,"column":29}},"131":{"start":{"line":259,"column":13},"end":{"line":259,"column":27}},"132":{"start":{"line":265,"column":4},"end":{"line":285,"column":7}},"133":{"start":{"line":266,"column":18},"end":{"line":279,"column":7}},"134":{"start":{"line":281,"column":6},"end":{"line":284,"column":9}},"135":{"start":{"line":282,"column":8},"end":{"line":283,"column":26}},"136":{"start":{"line":282,"column":17},"end":{"line":282,"column":29}},"137":{"start":{"line":283,"column":13},"end":{"line":283,"column":26}},"138":{"start":{"line":289,"column":4},"end":{"line":307,"column":7}},"139":{"start":{"line":290,"column":26},"end":{"line":290,"column":42}},"140":{"start":{"line":291,"column":24},"end":{"line":291,"column":43}},"141":{"start":{"line":292,"column":22},"end":{"line":292,"column":54}},"142":{"start":{"line":293,"column":22},"end":{"line":293,"column":49}},"143":{"start":{"line":295,"column":18},"end":{"line":301,"column":7}},"144":{"start":{"line":303,"column":6},"end":{"line":306,"column":9}},"145":{"start":{"line":304,"column":8},"end":{"line":305,"column":27}},"146":{"start":{"line":304,"column":17},"end":{"line":304,"column":29}},"147":{"start":{"line":305,"column":13},"end":{"line":305,"column":27}},"148":{"start":{"line":311,"column":4},"end":{"line":377,"column":7}},"149":{"start":{"line":312,"column":6},"end":{"line":376,"column":7}},"150":{"start":{"line":313,"column":28},"end":{"line":316,"column":10}},"151":{"start":{"line":318,"column":8},"end":{"line":320,"column":9}},"152":{"start":{"line":319,"column":10},"end":{"line":319,"column":91}},"153":{"start":{"line":322,"column":27},"end":{"line":322,"column":29}},"154":{"start":{"line":323,"column":8},"end":{"line":327,"column":9}},"155":{"start":{"line":324,"column":28},"end":{"line":324,"column":60}},"156":{"start":{"line":325,"column":10},"end":{"line":325,"column":65}},"157":{"start":{"line":325,"column":38},"end":{"line":325,"column":65}},"158":{"start":{"line":326,"column":10},"end":{"line":326,"column":43}},"159":{"start":{"line":329,"column":27},"end":{"line":329,"column":29}},"160":{"start":{"line":330,"column":8},"end":{"line":335,"column":9}},"161":{"start":{"line":330,"column":21},"end":{"line":330,"column":42}},"162":{"start":{"line":331,"column":28},"end":{"line":331,"column":38}},"163":{"start":{"line":332,"column":26},"end":{"line":332,"column":55}},"164":{"start":{"line":333,"column":10},"end":{"line":333,"column":65}},"165":{"start":{"line":333,"column":38},"end":{"line":333,"column":65}},"166":{"start":{"line":334,"column":10},"end":{"line":334,"column":46}},"167":{"start":{"line":337,"column":24},"end":{"line":337,"column":25}},"168":{"start":{"line":338,"column":26},"end":{"line":341,"column":9}},"169":{"start":{"line":343,"column":8},"end":{"line":371,"column":9}},"170":{"start":{"line":344,"column":10},"end":{"line":344,"column":47}},"171":{"start":{"line":344,"column":38},"end":{"line":344,"column":47}},"172":{"start":{"line":346,"column":35},"end":{"line":346,"column":56}},"173":{"start":{"line":347,"column":35},"end":{"line":347,"column":56}},"174":{"start":{"line":349,"column":10},"end":{"line":370,"column":11}},"175":{"start":{"line":350,"column":12},"end":{"line":369,"column":13}},"176":{"start":{"line":351,"column":14},"end":{"line":357,"column":15}},"177":{"start":{"line":352,"column":33},"end":{"line":352,"column":108}},"178":{"start":{"line":353,"column":16},"end":{"line":353,"column":39}},"179":{"start":{"line":353,"column":30},"end":{"line":353,"column":39}},"180":{"start":{"line":355,"column":33},"end":{"line":355,"column":111}},"181":{"start":{"line":356,"column":16},"end":{"line":356,"column":39}},"182":{"start":{"line":356,"column":30},"end":{"line":356,"column":39}},"183":{"start":{"line":359,"column":14},"end":{"line":368,"column":17}},"184":{"start":{"line":360,"column":16},"end":{"line":367,"column":19}},"185":{"start":{"line":364,"column":18},"end":{"line":364,"column":43}},"186":{"start":{"line":364,"column":27},"end":{"line":364,"column":43}},"187":{"start":{"line":365,"column":18},"end":{"line":365,"column":30}},"188":{"start":{"line":366,"column":18},"end":{"line":366,"column":24}},"189":{"start":{"line":373,"column":8},"end":{"line":373,"column":73}},"190":{"start":{"line":375,"column":8},"end":{"line":375,"column":22}},"191":{"start":{"line":381,"column":0},"end":{"line":381,"column":22}}},"fnMap":{"0":{"name":"(anonymous_0)","decl":{"start":{"line":5,"column":2},"end":{"line":5,"column":3}},"loc":{"start":{"line":5,"column":65},"end":{"line":13,"column":3}},"line":5},"1":{"name":"(anonymous_1)","decl":{"start":{"line":6,"column":23},"end":{"line":6,"column":24}},"loc":{"start":{"line":6,"column":44},"end":{"line":12,"column":5}},"line":6},"2":{"name":"(anonymous_2)","decl":{"start":{"line":8,"column":54},"end":{"line":8,"column":55}},"loc":{"start":{"line":8,"column":68},"end":{"line":11,"column":7}},"line":8},"3":{"name":"(anonymous_3)","decl":{"start":{"line":15,"column":2},"end":{"line":15,"column":3}},"loc":{"start":{"line":15,"column":69},"end":{"line":23,"column":3}},"line":15},"4":{"name":"(anonymous_4)","decl":{"start":{"line":16,"column":23},"end":{"line":16,"column":24}},"loc":{"start":{"line":16,"column":44},"end":{"line":22,"column":5}},"line":16},"5":{"name":"(anonymous_5)","decl":{"start":{"line":18,"column":55},"end":{"line":18,"column":56}},"loc":{"start":{"line":18,"column":69},"end":{"line":21,"column":7}},"line":18},"6":{"name":"(anonymous_6)","decl":{"start":{"line":25,"column":2},"end":{"line":25,"column":3}},"loc":{"start":{"line":25,"column":64},"end":{"line":110,"column":3}},"line":25},"7":{"name":"(anonymous_7)","decl":{"start":{"line":26,"column":23},"end":{"line":26,"column":24}},"loc":{"start":{"line":26,"column":50},"end":{"line":109,"column":5}},"line":26},"8":{"name":"(anonymous_8)","decl":{"start":{"line":93,"column":28},"end":{"line":93,"column":29}},"loc":{"start":{"line":93,"column":42},"end":{"line":102,"column":11}},"line":93},"9":{"name":"(anonymous_9)","decl":{"start":{"line":97,"column":15},"end":{"line":97,"column":16}},"loc":{"start":{"line":97,"column":29},"end":{"line":101,"column":13}},"line":97},"10":{"name":"(anonymous_10)","decl":{"start":{"line":112,"column":2},"end":{"line":112,"column":3}},"loc":{"start":{"line":112,"column":52},"end":{"line":144,"column":3}},"line":112},"11":{"name":"(anonymous_11)","decl":{"start":{"line":113,"column":23},"end":{"line":113,"column":24}},"loc":{"start":{"line":113,"column":44},"end":{"line":143,"column":5}},"line":113},"12":{"name":"(anonymous_12)","decl":{"start":{"line":139,"column":26},"end":{"line":139,"column":27}},"loc":{"start":{"line":139,"column":41},"end":{"line":142,"column":7}},"line":139},"13":{"name":"(anonymous_13)","decl":{"start":{"line":146,"column":2},"end":{"line":146,"column":3}},"loc":{"start":{"line":146,"column":22},"end":{"line":154,"column":3}},"line":146},"14":{"name":"(anonymous_14)","decl":{"start":{"line":147,"column":23},"end":{"line":147,"column":24}},"loc":{"start":{"line":147,"column":44},"end":{"line":153,"column":5}},"line":147},"15":{"name":"(anonymous_15)","decl":{"start":{"line":149,"column":24},"end":{"line":149,"column":25}},"loc":{"start":{"line":149,"column":38},"end":{"line":152,"column":7}},"line":149},"16":{"name":"(anonymous_16)","decl":{"start":{"line":156,"column":2},"end":{"line":156,"column":3}},"loc":{"start":{"line":156,"column":28},"end":{"line":185,"column":3}},"line":156},"17":{"name":"(anonymous_17)","decl":{"start":{"line":157,"column":23},"end":{"line":157,"column":24}},"loc":{"start":{"line":157,"column":50},"end":{"line":184,"column":5}},"line":157},"18":{"name":"(anonymous_18)","decl":{"start":{"line":173,"column":50},"end":{"line":173,"column":51}},"loc":{"start":{"line":173,"column":64},"end":{"line":180,"column":9}},"line":173},"19":{"name":"(anonymous_19)","decl":{"start":{"line":187,"column":2},"end":{"line":187,"column":3}},"loc":{"start":{"line":187,"column":57},"end":{"line":199,"column":3}},"line":187},"20":{"name":"(anonymous_20)","decl":{"start":{"line":188,"column":23},"end":{"line":188,"column":24}},"loc":{"start":{"line":188,"column":44},"end":{"line":198,"column":5}},"line":188},"21":{"name":"(anonymous_21)","decl":{"start":{"line":194,"column":53},"end":{"line":194,"column":54}},"loc":{"start":{"line":194,"column":67},"end":{"line":197,"column":7}},"line":194},"22":{"name":"(anonymous_22)","decl":{"start":{"line":201,"column":2},"end":{"line":201,"column":3}},"loc":{"start":{"line":201,"column":32},"end":{"line":209,"column":3}},"line":201},"23":{"name":"(anonymous_23)","decl":{"start":{"line":202,"column":23},"end":{"line":202,"column":24}},"loc":{"start":{"line":202,"column":44},"end":{"line":208,"column":5}},"line":202},"24":{"name":"(anonymous_24)","decl":{"start":{"line":204,"column":33},"end":{"line":204,"column":34}},"loc":{"start":{"line":204,"column":47},"end":{"line":207,"column":7}},"line":204},"25":{"name":"(anonymous_25)","decl":{"start":{"line":211,"column":2},"end":{"line":211,"column":3}},"loc":{"start":{"line":211,"column":20},"end":{"line":219,"column":3}},"line":211},"26":{"name":"(anonymous_26)","decl":{"start":{"line":212,"column":23},"end":{"line":212,"column":24}},"loc":{"start":{"line":212,"column":44},"end":{"line":218,"column":5}},"line":212},"27":{"name":"(anonymous_27)","decl":{"start":{"line":214,"column":24},"end":{"line":214,"column":25}},"loc":{"start":{"line":214,"column":38},"end":{"line":217,"column":7}},"line":214},"28":{"name":"(anonymous_28)","decl":{"start":{"line":221,"column":2},"end":{"line":221,"column":3}},"loc":{"start":{"line":221,"column":51},"end":{"line":237,"column":3}},"line":221},"29":{"name":"(anonymous_29)","decl":{"start":{"line":222,"column":23},"end":{"line":222,"column":24}},"loc":{"start":{"line":222,"column":44},"end":{"line":236,"column":5}},"line":222},"30":{"name":"(anonymous_30)","decl":{"start":{"line":232,"column":53},"end":{"line":232,"column":54}},"loc":{"start":{"line":232,"column":67},"end":{"line":235,"column":7}},"line":232},"31":{"name":"(anonymous_31)","decl":{"start":{"line":239,"column":2},"end":{"line":239,"column":3}},"loc":{"start":{"line":239,"column":59},"end":{"line":262,"column":3}},"line":239},"32":{"name":"(anonymous_32)","decl":{"start":{"line":240,"column":23},"end":{"line":240,"column":24}},"loc":{"start":{"line":240,"column":44},"end":{"line":261,"column":5}},"line":240},"33":{"name":"(anonymous_33)","decl":{"start":{"line":257,"column":53},"end":{"line":257,"column":54}},"loc":{"start":{"line":257,"column":68},"end":{"line":260,"column":7}},"line":257},"34":{"name":"(anonymous_34)","decl":{"start":{"line":264,"column":2},"end":{"line":264,"column":3}},"loc":{"start":{"line":264,"column":71},"end":{"line":286,"column":3}},"line":264},"35":{"name":"(anonymous_35)","decl":{"start":{"line":265,"column":23},"end":{"line":265,"column":24}},"loc":{"start":{"line":265,"column":44},"end":{"line":285,"column":5}},"line":265},"36":{"name":"(anonymous_36)","decl":{"start":{"line":281,"column":67},"end":{"line":281,"column":68}},"loc":{"start":{"line":281,"column":81},"end":{"line":284,"column":7}},"line":281},"37":{"name":"(anonymous_37)","decl":{"start":{"line":288,"column":2},"end":{"line":288,"column":3}},"loc":{"start":{"line":288,"column":40},"end":{"line":308,"column":3}},"line":288},"38":{"name":"(anonymous_38)","decl":{"start":{"line":289,"column":23},"end":{"line":289,"column":24}},"loc":{"start":{"line":289,"column":44},"end":{"line":307,"column":5}},"line":289},"39":{"name":"(anonymous_39)","decl":{"start":{"line":303,"column":53},"end":{"line":303,"column":54}},"loc":{"start":{"line":303,"column":68},"end":{"line":306,"column":7}},"line":303},"40":{"name":"(anonymous_40)","decl":{"start":{"line":310,"column":2},"end":{"line":310,"column":3}},"loc":{"start":{"line":310,"column":85},"end":{"line":378,"column":3}},"line":310},"41":{"name":"(anonymous_41)","decl":{"start":{"line":311,"column":23},"end":{"line":311,"column":24}},"loc":{"start":{"line":311,"column":50},"end":{"line":377,"column":5}},"line":311},"42":{"name":"(anonymous_42)","decl":{"start":{"line":359,"column":32},"end":{"line":359,"column":33}},"loc":{"start":{"line":359,"column":46},"end":{"line":368,"column":15}},"line":359},"43":{"name":"(anonymous_43)","decl":{"start":{"line":363,"column":19},"end":{"line":363,"column":20}},"loc":{"start":{"line":363,"column":33},"end":{"line":367,"column":17}},"line":363}},"branchMap":{"0":{"loc":{"start":{"line":9,"column":8},"end":{"line":10,"column":26}},"type":"if","locations":[{"start":{"line":9,"column":8},"end":{"line":10,"column":26}},{"start":{"line":10,"column":13},"end":{"line":10,"column":26}}],"line":9},"1":{"loc":{"start":{"line":19,"column":8},"end":{"line":20,"column":26}},"type":"if","locations":[{"start":{"line":19,"column":8},"end":{"line":20,"column":26}},{"start":{"line":20,"column":13},"end":{"line":20,"column":26}}],"line":19},"2":{"loc":{"start":{"line":30,"column":8},"end":{"line":32,"column":9}},"type":"if","locations":[{"start":{"line":30,"column":8},"end":{"line":32,"column":9}},{"start":{},"end":{}}],"line":30},"3":{"loc":{"start":{"line":52,"column":12},"end":{"line":63,"column":13}},"type":"if","locations":[{"start":{"line":52,"column":12},"end":{"line":63,"column":13}},{"start":{"line":54,"column":19},"end":{"line":63,"column":13}}],"line":52},"4":{"loc":{"start":{"line":54,"column":19},"end":{"line":63,"column":13}},"type":"if","locations":[{"start":{"line":54,"column":19},"end":{"line":63,"column":13}},{"start":{"line":58,"column":19},"end":{"line":63,"column":13}}],"line":54},"5":{"loc":{"start":{"line":58,"column":19},"end":{"line":63,"column":13}},"type":"if","locations":[{"start":{"line":58,"column":19},"end":{"line":63,"column":13}},{"start":{"line":61,"column":19},"end":{"line":63,"column":13}}],"line":58},"6":{"loc":{"start":{"line":59,"column":31},"end":{"line":59,"column":50}},"type":"cond-expr","locations":[{"start":{"line":59,"column":45},"end":{"line":59,"column":46}},{"start":{"line":59,"column":49},"end":{"line":59,"column":50}}],"line":59},"7":{"loc":{"start":{"line":61,"column":19},"end":{"line":63,"column":13}},"type":"if","locations":[{"start":{"line":61,"column":19},"end":{"line":63,"column":13}},{"start":{},"end":{}}],"line":61},"8":{"loc":{"start":{"line":65,"column":12},"end":{"line":78,"column":13}},"type":"if","locations":[{"start":{"line":65,"column":12},"end":{"line":78,"column":13}},{"start":{},"end":{}}],"line":65},"9":{"loc":{"start":{"line":67,"column":14},"end":{"line":67,"column":37}},"type":"if","locations":[{"start":{"line":67,"column":14},"end":{"line":67,"column":37}},{"start":{},"end":{}}],"line":67},"10":{"loc":{"start":{"line":73,"column":22},"end":{"line":73,"column":43}},"type":"binary-expr","locations":[{"start":{"line":73,"column":22},"end":{"line":73,"column":35}},{"start":{"line":73,"column":39},"end":{"line":73,"column":43}}],"line":73},"11":{"loc":{"start":{"line":82,"column":8},"end":{"line":84,"column":9}},"type":"if","locations":[{"start":{"line":82,"column":8},"end":{"line":84,"column":9}},{"start":{},"end":{}}],"line":82},"12":{"loc":{"start":{"line":98,"column":14},"end":{"line":98,"column":39}},"type":"if","locations":[{"start":{"line":98,"column":14},"end":{"line":98,"column":39}},{"start":{},"end":{}}],"line":98},"13":{"loc":{"start":{"line":112,"column":38},"end":{"line":112,"column":50}},"type":"default-arg","locations":[{"start":{"line":112,"column":48},"end":{"line":112,"column":50}}],"line":112},"14":{"loc":{"start":{"line":117,"column":6},"end":{"line":120,"column":7}},"type":"if","locations":[{"start":{"line":117,"column":6},"end":{"line":120,"column":7}},{"start":{},"end":{}}],"line":117},"15":{"loc":{"start":{"line":122,"column":6},"end":{"line":125,"column":7}},"type":"if","locations":[{"start":{"line":122,"column":6},"end":{"line":125,"column":7}},{"start":{},"end":{}}],"line":122},"16":{"loc":{"start":{"line":122,"column":10},"end":{"line":122,"column":46}},"type":"binary-expr","locations":[{"start":{"line":122,"column":10},"end":{"line":122,"column":27}},{"start":{"line":122,"column":31},"end":{"line":122,"column":46}}],"line":122},"17":{"loc":{"start":{"line":127,"column":6},"end":{"line":130,"column":7}},"type":"if","locations":[{"start":{"line":127,"column":6},"end":{"line":130,"column":7}},{"start":{},"end":{}}],"line":127},"18":{"loc":{"start":{"line":129,"column":20},"end":{"line":129,"column":45}},"type":"cond-expr","locations":[{"start":{"line":129,"column":40},"end":{"line":129,"column":41}},{"start":{"line":129,"column":44},"end":{"line":129,"column":45}}],"line":129},"19":{"loc":{"start":{"line":132,"column":6},"end":{"line":135,"column":7}},"type":"if","locations":[{"start":{"line":132,"column":6},"end":{"line":135,"column":7}},{"start":{},"end":{}}],"line":132},"20":{"loc":{"start":{"line":140,"column":8},"end":{"line":141,"column":27}},"type":"if","locations":[{"start":{"line":140,"column":8},"end":{"line":141,"column":27}},{"start":{"line":141,"column":13},"end":{"line":141,"column":27}}],"line":140},"21":{"loc":{"start":{"line":150,"column":8},"end":{"line":151,"column":26}},"type":"if","locations":[{"start":{"line":150,"column":8},"end":{"line":151,"column":26}},{"start":{"line":151,"column":13},"end":{"line":151,"column":26}}],"line":150},"22":{"loc":{"start":{"line":160,"column":8},"end":{"line":162,"column":9}},"type":"if","locations":[{"start":{"line":160,"column":8},"end":{"line":162,"column":9}},{"start":{},"end":{}}],"line":160},"23":{"loc":{"start":{"line":164,"column":26},"end":{"line":164,"column":48}},"type":"cond-expr","locations":[{"start":{"line":164,"column":43},"end":{"line":164,"column":44}},{"start":{"line":164,"column":47},"end":{"line":164,"column":48}}],"line":164},"24":{"loc":{"start":{"line":165,"column":28},"end":{"line":165,"column":71}},"type":"cond-expr","locations":[{"start":{"line":165,"column":40},"end":{"line":165,"column":64}},{"start":{"line":165,"column":67},"end":{"line":165,"column":71}}],"line":165},"25":{"loc":{"start":{"line":174,"column":10},"end":{"line":174,"column":38}},"type":"if","locations":[{"start":{"line":174,"column":10},"end":{"line":174,"column":38}},{"start":{},"end":{}}],"line":174},"26":{"loc":{"start":{"line":195,"column":8},"end":{"line":195,"column":36}},"type":"if","locations":[{"start":{"line":195,"column":8},"end":{"line":195,"column":36}},{"start":{},"end":{}}],"line":195},"27":{"loc":{"start":{"line":205,"column":8},"end":{"line":205,"column":36}},"type":"if","locations":[{"start":{"line":205,"column":8},"end":{"line":205,"column":36}},{"start":{},"end":{}}],"line":205},"28":{"loc":{"start":{"line":215,"column":8},"end":{"line":215,"column":36}},"type":"if","locations":[{"start":{"line":215,"column":8},"end":{"line":215,"column":36}},{"start":{},"end":{}}],"line":215},"29":{"loc":{"start":{"line":233,"column":8},"end":{"line":234,"column":26}},"type":"if","locations":[{"start":{"line":233,"column":8},"end":{"line":234,"column":26}},{"start":{"line":234,"column":13},"end":{"line":234,"column":26}}],"line":233},"30":{"loc":{"start":{"line":258,"column":8},"end":{"line":259,"column":27}},"type":"if","locations":[{"start":{"line":258,"column":8},"end":{"line":259,"column":27}},{"start":{"line":259,"column":13},"end":{"line":259,"column":27}}],"line":258},"31":{"loc":{"start":{"line":282,"column":8},"end":{"line":283,"column":26}},"type":"if","locations":[{"start":{"line":282,"column":8},"end":{"line":283,"column":26}},{"start":{"line":283,"column":13},"end":{"line":283,"column":26}}],"line":282},"32":{"loc":{"start":{"line":304,"column":8},"end":{"line":305,"column":27}},"type":"if","locations":[{"start":{"line":304,"column":8},"end":{"line":305,"column":27}},{"start":{"line":305,"column":13},"end":{"line":305,"column":27}}],"line":304},"33":{"loc":{"start":{"line":318,"column":8},"end":{"line":320,"column":9}},"type":"if","locations":[{"start":{"line":318,"column":8},"end":{"line":320,"column":9}},{"start":{},"end":{}}],"line":318},"34":{"loc":{"start":{"line":325,"column":10},"end":{"line":325,"column":65}},"type":"if","locations":[{"start":{"line":325,"column":10},"end":{"line":325,"column":65}},{"start":{},"end":{}}],"line":325},"35":{"loc":{"start":{"line":333,"column":10},"end":{"line":333,"column":65}},"type":"if","locations":[{"start":{"line":333,"column":10},"end":{"line":333,"column":65}},{"start":{},"end":{}}],"line":333},"36":{"loc":{"start":{"line":344,"column":10},"end":{"line":344,"column":47}},"type":"if","locations":[{"start":{"line":344,"column":10},"end":{"line":344,"column":47}},{"start":{},"end":{}}],"line":344},"37":{"loc":{"start":{"line":351,"column":14},"end":{"line":357,"column":15}},"type":"if","locations":[{"start":{"line":351,"column":14},"end":{"line":357,"column":15}},{"start":{"line":354,"column":21},"end":{"line":357,"column":15}}],"line":351},"38":{"loc":{"start":{"line":353,"column":16},"end":{"line":353,"column":39}},"type":"if","locations":[{"start":{"line":353,"column":16},"end":{"line":353,"column":39}},{"start":{},"end":{}}],"line":353},"39":{"loc":{"start":{"line":356,"column":16},"end":{"line":356,"column":39}},"type":"if","locations":[{"start":{"line":356,"column":16},"end":{"line":356,"column":39}},{"start":{},"end":{}}],"line":356},"40":{"loc":{"start":{"line":364,"column":18},"end":{"line":364,"column":43}},"type":"if","locations":[{"start":{"line":364,"column":18},"end":{"line":364,"column":43}},{"start":{},"end":{}}],"line":364}},"s":{"0":1,"1":1,"2":0,"3":0,"4":0,"5":0,"6":0,"7":0,"8":4,"9":4,"10":4,"11":4,"12":0,"13":4,"14":0,"15":0,"16":0,"17":0,"18":0,"19":0,"20":0,"21":0,"22":0,"23":0,"24":0,"25":0,"26":0,"27":0,"28":0,"29":0,"30":0,"31":0,"32":0,"33":0,"34":0,"35":0,"36":0,"37":0,"38":0,"39":0,"40":0,"41":0,"42":0,"43":0,"44":0,"45":0,"46":0,"47":0,"48":0,"49":0,"50":0,"51":0,"52":0,"53":0,"54":0,"55":0,"56":0,"57":0,"58":0,"59":0,"60":0,"61":0,"62":0,"63":1,"64":1,"65":1,"66":1,"67":1,"68":1,"69":1,"70":0,"71":0,"72":1,"73":0,"74":0,"75":1,"76":0,"77":0,"78":1,"79":1,"80":1,"81":0,"82":1,"83":2,"84":2,"85":2,"86":2,"87":0,"88":2,"89":1,"90":1,"91":1,"92":1,"93":0,"94":1,"95":1,"96":1,"97":1,"98":1,"99":0,"100":1,"101":0,"102":0,"103":0,"104":0,"105":0,"106":0,"107":0,"108":0,"109":0,"110":0,"111":0,"112":0,"113":0,"114":0,"115":0,"116":0,"117":0,"118":0,"119":0,"120":0,"121":0,"122":0,"123":0,"124":0,"125":0,"126":0,"127":0,"128":0,"129":0,"130":0,"131":0,"132":0,"133":0,"134":0,"135":0,"136":0,"137":0,"138":0,"139":0,"140":0,"141":0,"142":0,"143":0,"144":0,"145":0,"146":0,"147":0,"148":0,"149":0,"150":0,"151":0,"152":0,"153":0,"154":0,"155":0,"156":0,"157":0,"158":0,"159":0,"160":0,"161":0,"162":0,"163":0,"164":0,"165":0,"166":0,"167":0,"168":0,"169":0,"170":0,"171":0,"172":0,"173":0,"174":0,"175":0,"176":0,"177":0,"178":0,"179":0,"180":0,"181":0,"182":0,"183":0,"184":0,"185":0,"186":0,"187":0,"188":0,"189":0,"190":0,"191":1},"f":{"0":0,"1":0,"2":0,"3":4,"4":4,"5":4,"6":0,"7":0,"8":0,"9":0,"10":1,"11":1,"12":1,"13":2,"14":2,"15":2,"16":1,"17":1,"18":1,"19":0,"20":0,"21":0,"22":0,"23":0,"24":0,"25":0,"26":0,"27":0,"28":0,"29":0,"30":0,"31":0,"32":0,"33":0,"34":0,"35":0,"36":0,"37":0,"38":0,"39":0,"40":0,"41":0,"42":0,"43":0},"b":{"0":[0,0],"1":[0,4],"2":[0,0],"3":[0,0],"4":[0,0],"5":[0,0],"6":[0,0],"7":[0,0],"8":[0,0],"9":[0,0],"10":[0,0],"11":[0,0],"12":[0,0],"13":[0],"14":[1,0],"15":[0,1],"16":[1,0],"17":[0,1],"18":[0,0],"19":[0,1],"20":[0,1],"21":[0,2],"22":[0,1],"23":[0,1],"24":[1,0],"25":[0,1],"26":[0,0],"27":[0,0],"28":[0,0],"29":[0,0],"30":[0,0],"31":[0,0],"32":[0,0],"33":[0,0],"34":[0,0],"35":[0,0],"36":[0,0],"37":[0,0],"38":[0,0],"39":[0,0],"40":[0,0]},"_coverageSchema":"1a1c01bbd47fc00a2c39e90264f33305004495a9","hash":"d8f1404df511f98df257b0dcc00be4f5e2b3d255"}
,"/Users/laiszacarias/Projects/casaemordem/server/models/TaskTemplate.js": {"path":"/Users/laiszacarias/Projects/casaemordem/server/models/TaskTemplate.js","statementMap":{"0":{"start":{"line":1,"column":11},"end":{"line":1,"column":40}},"1":{"start":{"line":5,"column":4},"end":{"line":27,"column":7}},"2":{"start":{"line":6,"column":71},"end":{"line":6,"column":75}},"3":{"start":{"line":7,"column":24},"end":{"line":7,"column":39}},"4":{"start":{"line":9,"column":18},"end":{"line":12,"column":7}},"5":{"start":{"line":14,"column":6},"end":{"line":26,"column":9}},"6":{"start":{"line":15,"column":8},"end":{"line":15,"column":36}},"7":{"start":{"line":15,"column":17},"end":{"line":15,"column":36}},"8":{"start":{"line":16,"column":8},"end":{"line":25,"column":11}},"9":{"start":{"line":31,"column":4},"end":{"line":41,"column":7}},"10":{"start":{"line":32,"column":18},"end":{"line":36,"column":7}},"11":{"start":{"line":37,"column":6},"end":{"line":40,"column":9}},"12":{"start":{"line":38,"column":8},"end":{"line":39,"column":27}},"13":{"start":{"line":38,"column":17},"end":{"line":38,"column":29}},"14":{"start":{"line":39,"column":13},"end":{"line":39,"column":27}},"15":{"start":{"line":45,"column":4},"end":{"line":51,"column":7}},"16":{"start":{"line":46,"column":18},"end":{"line":46,"column":61}},"17":{"start":{"line":47,"column":6},"end":{"line":50,"column":9}},"18":{"start":{"line":48,"column":8},"end":{"line":49,"column":26}},"19":{"start":{"line":48,"column":17},"end":{"line":48,"column":29}},"20":{"start":{"line":49,"column":13},"end":{"line":49,"column":26}},"21":{"start":{"line":55,"column":4},"end":{"line":72,"column":7}},"22":{"start":{"line":56,"column":76},"end":{"line":56,"column":80}},"23":{"start":{"line":58,"column":18},"end":{"line":66,"column":7}},"24":{"start":{"line":68,"column":6},"end":{"line":71,"column":9}},"25":{"start":{"line":69,"column":8},"end":{"line":69,"column":36}},"26":{"start":{"line":69,"column":17},"end":{"line":69,"column":36}},"27":{"start":{"line":70,"column":8},"end":{"line":70,"column":33}},"28":{"start":{"line":76,"column":4},"end":{"line":82,"column":7}},"29":{"start":{"line":77,"column":18},"end":{"line":77,"column":72}},"30":{"start":{"line":78,"column":6},"end":{"line":81,"column":9}},"31":{"start":{"line":79,"column":8},"end":{"line":79,"column":36}},"32":{"start":{"line":79,"column":17},"end":{"line":79,"column":36}},"33":{"start":{"line":80,"column":8},"end":{"line":80,"column":39}},"34":{"start":{"line":86,"column":4},"end":{"line":95,"column":7}},"35":{"start":{"line":87,"column":18},"end":{"line":90,"column":7}},"36":{"start":{"line":91,"column":6},"end":{"line":94,"column":9}},"37":{"start":{"line":92,"column":8},"end":{"line":93,"column":27}},"38":{"start":{"line":92,"column":17},"end":{"line":92,"column":29}},"39":{"start":{"line":93,"column":13},"end":{"line":93,"column":27}},"40":{"start":{"line":99,"column":0},"end":{"line":99,"column":30}}},"fnMap":{"0":{"name":"(anonymous_0)","decl":{"start":{"line":4,"column":2},"end":{"line":4,"column":3}},"loc":{"start":{"line":4,"column":35},"end":{"line":28,"column":3}},"line":4},"1":{"name":"(anonymous_1)","decl":{"start":{"line":5,"column":23},"end":{"line":5,"column":24}},"loc":{"start":{"line":5,"column":44},"end":{"line":27,"column":5}},"line":5},"2":{"name":"(anonymous_2)","decl":{"start":{"line":14,"column":116},"end":{"line":14,"column":117}},"loc":{"start":{"line":14,"column":130},"end":{"line":26,"column":7}},"line":14},"3":{"name":"(anonymous_3)","decl":{"start":{"line":30,"column":2},"end":{"line":30,"column":3}},"loc":{"start":{"line":30,"column":38},"end":{"line":42,"column":3}},"line":30},"4":{"name":"(anonymous_4)","decl":{"start":{"line":31,"column":23},"end":{"line":31,"column":24}},"loc":{"start":{"line":31,"column":44},"end":{"line":41,"column":5}},"line":31},"5":{"name":"(anonymous_5)","decl":{"start":{"line":37,"column":33},"end":{"line":37,"column":34}},"loc":{"start":{"line":37,"column":48},"end":{"line":40,"column":7}},"line":37},"6":{"name":"(anonymous_6)","decl":{"start":{"line":44,"column":2},"end":{"line":44,"column":3}},"loc":{"start":{"line":44,"column":22},"end":{"line":52,"column":3}},"line":44},"7":{"name":"(anonymous_7)","decl":{"start":{"line":45,"column":23},"end":{"line":45,"column":24}},"loc":{"start":{"line":45,"column":44},"end":{"line":51,"column":5}},"line":45},"8":{"name":"(anonymous_8)","decl":{"start":{"line":47,"column":24},"end":{"line":47,"column":25}},"loc":{"start":{"line":47,"column":38},"end":{"line":50,"column":7}},"line":47},"9":{"name":"(anonymous_9)","decl":{"start":{"line":54,"column":2},"end":{"line":54,"column":3}},"loc":{"start":{"line":54,"column":26},"end":{"line":73,"column":3}},"line":54},"10":{"name":"(anonymous_10)","decl":{"start":{"line":55,"column":23},"end":{"line":55,"column":24}},"loc":{"start":{"line":55,"column":44},"end":{"line":72,"column":5}},"line":55},"11":{"name":"(anonymous_11)","decl":{"start":{"line":68,"column":83},"end":{"line":68,"column":84}},"loc":{"start":{"line":68,"column":97},"end":{"line":71,"column":7}},"line":68},"12":{"name":"(anonymous_12)","decl":{"start":{"line":75,"column":2},"end":{"line":75,"column":3}},"loc":{"start":{"line":75,"column":20},"end":{"line":83,"column":3}},"line":75},"13":{"name":"(anonymous_13)","decl":{"start":{"line":76,"column":23},"end":{"line":76,"column":24}},"loc":{"start":{"line":76,"column":44},"end":{"line":82,"column":5}},"line":76},"14":{"name":"(anonymous_14)","decl":{"start":{"line":78,"column":24},"end":{"line":78,"column":25}},"loc":{"start":{"line":78,"column":38},"end":{"line":81,"column":7}},"line":78},"15":{"name":"(anonymous_15)","decl":{"start":{"line":85,"column":2},"end":{"line":85,"column":3}},"loc":{"start":{"line":85,"column":54},"end":{"line":96,"column":3}},"line":85},"16":{"name":"(anonymous_16)","decl":{"start":{"line":86,"column":23},"end":{"line":86,"column":24}},"loc":{"start":{"line":86,"column":44},"end":{"line":95,"column":5}},"line":86},"17":{"name":"(anonymous_17)","decl":{"start":{"line":91,"column":44},"end":{"line":91,"column":45}},"loc":{"start":{"line":91,"column":59},"end":{"line":94,"column":7}},"line":91}},"branchMap":{"0":{"loc":{"start":{"line":7,"column":24},"end":{"line":7,"column":39}},"type":"binary-expr","locations":[{"start":{"line":7,"column":24},"end":{"line":7,"column":28}},{"start":{"line":7,"column":32},"end":{"line":7,"column":39}}],"line":7},"1":{"loc":{"start":{"line":14,"column":45},"end":{"line":14,"column":64}},"type":"binary-expr","locations":[{"start":{"line":14,"column":45},"end":{"line":14,"column":56}},{"start":{"line":14,"column":60},"end":{"line":14,"column":64}}],"line":14},"2":{"loc":{"start":{"line":14,"column":66},"end":{"line":14,"column":86}},"type":"binary-expr","locations":[{"start":{"line":14,"column":66},"end":{"line":14,"column":75}},{"start":{"line":14,"column":79},"end":{"line":14,"column":86}}],"line":14},"3":{"loc":{"start":{"line":14,"column":88},"end":{"line":14,"column":102}},"type":"binary-expr","locations":[{"start":{"line":14,"column":88},"end":{"line":14,"column":97}},{"start":{"line":14,"column":101},"end":{"line":14,"column":102}}],"line":14},"4":{"loc":{"start":{"line":15,"column":8},"end":{"line":15,"column":36}},"type":"if","locations":[{"start":{"line":15,"column":8},"end":{"line":15,"column":36}},{"start":{},"end":{}}],"line":15},"5":{"loc":{"start":{"line":20,"column":16},"end":{"line":20,"column":31}},"type":"binary-expr","locations":[{"start":{"line":20,"column":16},"end":{"line":20,"column":20}},{"start":{"line":20,"column":24},"end":{"line":20,"column":31}}],"line":20},"6":{"loc":{"start":{"line":21,"column":23},"end":{"line":21,"column":42}},"type":"binary-expr","locations":[{"start":{"line":21,"column":23},"end":{"line":21,"column":34}},{"start":{"line":21,"column":38},"end":{"line":21,"column":42}}],"line":21},"7":{"loc":{"start":{"line":22,"column":21},"end":{"line":22,"column":41}},"type":"binary-expr","locations":[{"start":{"line":22,"column":21},"end":{"line":22,"column":30}},{"start":{"line":22,"column":34},"end":{"line":22,"column":41}}],"line":22},"8":{"loc":{"start":{"line":23,"column":21},"end":{"line":23,"column":35}},"type":"binary-expr","locations":[{"start":{"line":23,"column":21},"end":{"line":23,"column":30}},{"start":{"line":23,"column":34},"end":{"line":23,"column":35}}],"line":23},"9":{"loc":{"start":{"line":38,"column":8},"end":{"line":39,"column":27}},"type":"if","locations":[{"start":{"line":38,"column":8},"end":{"line":39,"column":27}},{"start":{"line":39,"column":13},"end":{"line":39,"column":27}}],"line":38},"10":{"loc":{"start":{"line":48,"column":8},"end":{"line":49,"column":26}},"type":"if","locations":[{"start":{"line":48,"column":8},"end":{"line":49,"column":26}},{"start":{"line":49,"column":13},"end":{"line":49,"column":26}}],"line":48},"11":{"loc":{"start":{"line":69,"column":8},"end":{"line":69,"column":36}},"type":"if","locations":[{"start":{"line":69,"column":8},"end":{"line":69,"column":36}},{"start":{},"end":{}}],"line":69},"12":{"loc":{"start":{"line":79,"column":8},"end":{"line":79,"column":36}},"type":"if","locations":[{"start":{"line":79,"column":8},"end":{"line":79,"column":36}},{"start":{},"end":{}}],"line":79},"13":{"loc":{"start":{"line":92,"column":8},"end":{"line":93,"column":27}},"type":"if","locations":[{"start":{"line":92,"column":8},"end":{"line":93,"column":27}},{"start":{"line":93,"column":13},"end":{"line":93,"column":27}}],"line":92}},"s":{"0":1,"1":1,"2":1,"3":1,"4":1,"5":1,"6":1,"7":0,"8":1,"9":1,"10":1,"11":1,"12":1,"13":0,"14":1,"15":0,"16":0,"17":0,"18":0,"19":0,"20":0,"21":0,"22":0,"23":0,"24":0,"25":0,"26":0,"27":0,"28":0,"29":0,"30":0,"31":0,"32":0,"33":0,"34":0,"35":0,"36":0,"37":0,"38":0,"39":0,"40":1},"f":{"0":1,"1":1,"2":1,"3":1,"4":1,"5":1,"6":0,"7":0,"8":0,"9":0,"10":0,"11":0,"12":0,"13":0,"14":0,"15":0,"16":0,"17":0},"b":{"0":[1,0],"1":[1,1],"2":[1,0],"3":[1,1],"4":[0,1],"5":[1,0],"6":[1,1],"7":[1,0],"8":[1,1],"9":[0,1],"10":[0,0],"11":[0,0],"12":[0,0],"13":[0,0]},"_coverageSchema":"1a1c01bbd47fc00a2c39e90264f33305004495a9","hash":"9e7c6e0f9eeb55a023240fa48cccac77ef495c48"}
,"/Users/laiszacarias/Projects/casaemordem/server/models/User.js": {"path":"/Users/laiszacarias/Projects/casaemordem/server/models/User.js","statementMap":{"0":{"start":{"line":1,"column":15},"end":{"line":1,"column":34}},"1":{"start":{"line":2,"column":11},"end":{"line":2,"column":40}},"2":{"start":{"line":5,"column":16},"end":{"line":5,"column":54}},"3":{"start":{"line":6,"column":13},"end":{"line":6,"column":15}},"4":{"start":{"line":7,"column":2},"end":{"line":9,"column":3}},"5":{"start":{"line":7,"column":15},"end":{"line":7,"column":16}},"6":{"start":{"line":8,"column":4},"end":{"line":8,"column":67}},"7":{"start":{"line":10,"column":2},"end":{"line":10,"column":14}},"8":{"start":{"line":16,"column":4},"end":{"line":72,"column":7}},"9":{"start":{"line":17,"column":25},"end":{"line":17,"column":27}},"10":{"start":{"line":18,"column":6},"end":{"line":71,"column":9}},"11":{"start":{"line":19,"column":8},"end":{"line":19,"column":36}},"12":{"start":{"line":19,"column":17},"end":{"line":19,"column":36}},"13":{"start":{"line":21,"column":20},"end":{"line":24,"column":9}},"14":{"start":{"line":26,"column":8},"end":{"line":70,"column":11}},"15":{"start":{"line":27,"column":10},"end":{"line":69,"column":11}},"16":{"start":{"line":28,"column":12},"end":{"line":32,"column":13}},"17":{"start":{"line":29,"column":14},"end":{"line":29,"column":63}},"18":{"start":{"line":31,"column":14},"end":{"line":31,"column":26}},"19":{"start":{"line":34,"column":27},"end":{"line":34,"column":38}},"20":{"start":{"line":36,"column":31},"end":{"line":36,"column":51}},"21":{"start":{"line":37,"column":34},"end":{"line":37,"column":54}},"22":{"start":{"line":38,"column":36},"end":{"line":41,"column":13}},"23":{"start":{"line":43,"column":12},"end":{"line":68,"column":15}},"24":{"start":{"line":44,"column":14},"end":{"line":67,"column":15}},"25":{"start":{"line":45,"column":16},"end":{"line":45,"column":63}},"26":{"start":{"line":46,"column":16},"end":{"line":46,"column":64}},"27":{"start":{"line":48,"column":36},"end":{"line":48,"column":47}},"28":{"start":{"line":50,"column":33},"end":{"line":52,"column":17}},"29":{"start":{"line":53,"column":16},"end":{"line":66,"column":19}},"30":{"start":{"line":54,"column":18},"end":{"line":57,"column":19}},"31":{"start":{"line":55,"column":20},"end":{"line":55,"column":81}},"32":{"start":{"line":56,"column":20},"end":{"line":56,"column":75}},"33":{"start":{"line":58,"column":18},"end":{"line":65,"column":20}},"34":{"start":{"line":62,"column":22},"end":{"line":62,"column":79}},"35":{"start":{"line":62,"column":32},"end":{"line":62,"column":79}},"36":{"start":{"line":63,"column":22},"end":{"line":63,"column":97}},"37":{"start":{"line":77,"column":4},"end":{"line":83,"column":7}},"38":{"start":{"line":78,"column":18},"end":{"line":78,"column":55}},"39":{"start":{"line":79,"column":6},"end":{"line":82,"column":9}},"40":{"start":{"line":80,"column":8},"end":{"line":81,"column":26}},"41":{"start":{"line":80,"column":17},"end":{"line":80,"column":29}},"42":{"start":{"line":81,"column":13},"end":{"line":81,"column":26}},"43":{"start":{"line":88,"column":4},"end":{"line":94,"column":7}},"44":{"start":{"line":89,"column":18},"end":{"line":89,"column":58}},"45":{"start":{"line":90,"column":6},"end":{"line":93,"column":9}},"46":{"start":{"line":91,"column":8},"end":{"line":92,"column":26}},"47":{"start":{"line":91,"column":17},"end":{"line":91,"column":29}},"48":{"start":{"line":92,"column":13},"end":{"line":92,"column":26}},"49":{"start":{"line":99,"column":4},"end":{"line":105,"column":7}},"50":{"start":{"line":100,"column":18},"end":{"line":100,"column":70}},"51":{"start":{"line":101,"column":6},"end":{"line":104,"column":9}},"52":{"start":{"line":102,"column":8},"end":{"line":103,"column":26}},"53":{"start":{"line":102,"column":17},"end":{"line":102,"column":29}},"54":{"start":{"line":103,"column":13},"end":{"line":103,"column":26}},"55":{"start":{"line":110,"column":4},"end":{"line":115,"column":7}},"56":{"start":{"line":111,"column":6},"end":{"line":114,"column":9}},"57":{"start":{"line":112,"column":8},"end":{"line":113,"column":30}},"58":{"start":{"line":112,"column":17},"end":{"line":112,"column":29}},"59":{"start":{"line":113,"column":13},"end":{"line":113,"column":30}},"60":{"start":{"line":120,"column":4},"end":{"line":131,"column":7}},"61":{"start":{"line":121,"column":25},"end":{"line":121,"column":27}},"62":{"start":{"line":122,"column":6},"end":{"line":130,"column":9}},"63":{"start":{"line":123,"column":8},"end":{"line":123,"column":36}},"64":{"start":{"line":123,"column":17},"end":{"line":123,"column":36}},"65":{"start":{"line":125,"column":20},"end":{"line":125,"column":69}},"66":{"start":{"line":126,"column":8},"end":{"line":129,"column":11}},"67":{"start":{"line":127,"column":10},"end":{"line":128,"column":25}},"68":{"start":{"line":127,"column":19},"end":{"line":127,"column":31}},"69":{"start":{"line":128,"column":15},"end":{"line":128,"column":25}},"70":{"start":{"line":136,"column":4},"end":{"line":142,"column":7}},"71":{"start":{"line":137,"column":18},"end":{"line":137,"column":73}},"72":{"start":{"line":138,"column":6},"end":{"line":141,"column":9}},"73":{"start":{"line":139,"column":8},"end":{"line":140,"column":48}},"74":{"start":{"line":139,"column":17},"end":{"line":139,"column":29}},"75":{"start":{"line":140,"column":13},"end":{"line":140,"column":48}},"76":{"start":{"line":147,"column":4},"end":{"line":153,"column":7}},"77":{"start":{"line":148,"column":18},"end":{"line":148,"column":52}},"78":{"start":{"line":149,"column":6},"end":{"line":152,"column":9}},"79":{"start":{"line":150,"column":8},"end":{"line":151,"column":26}},"80":{"start":{"line":150,"column":17},"end":{"line":150,"column":29}},"81":{"start":{"line":151,"column":13},"end":{"line":151,"column":26}},"82":{"start":{"line":157,"column":0},"end":{"line":157,"column":22}}},"fnMap":{"0":{"name":"generateInviteCode","decl":{"start":{"line":4,"column":9},"end":{"line":4,"column":27}},"loc":{"start":{"line":4,"column":30},"end":{"line":11,"column":1}},"line":4},"1":{"name":"(anonymous_1)","decl":{"start":{"line":15,"column":2},"end":{"line":15,"column":3}},"loc":{"start":{"line":15,"column":57},"end":{"line":73,"column":3}},"line":15},"2":{"name":"(anonymous_2)","decl":{"start":{"line":16,"column":23},"end":{"line":16,"column":24}},"loc":{"start":{"line":16,"column":44},"end":{"line":72,"column":5}},"line":16},"3":{"name":"(anonymous_3)","decl":{"start":{"line":18,"column":40},"end":{"line":18,"column":41}},"loc":{"start":{"line":18,"column":65},"end":{"line":71,"column":7}},"line":18},"4":{"name":"(anonymous_4)","decl":{"start":{"line":26,"column":62},"end":{"line":26,"column":63}},"loc":{"start":{"line":26,"column":76},"end":{"line":70,"column":9}},"line":26},"5":{"name":"(anonymous_5)","decl":{"start":{"line":43,"column":73},"end":{"line":43,"column":74}},"loc":{"start":{"line":43,"column":87},"end":{"line":68,"column":13}},"line":43},"6":{"name":"(anonymous_6)","decl":{"start":{"line":53,"column":56},"end":{"line":53,"column":57}},"loc":{"start":{"line":53,"column":65},"end":{"line":66,"column":17}},"line":53},"7":{"name":"(anonymous_7)","decl":{"start":{"line":61,"column":20},"end":{"line":61,"column":21}},"loc":{"start":{"line":61,"column":30},"end":{"line":64,"column":21}},"line":61},"8":{"name":"(anonymous_8)","decl":{"start":{"line":76,"column":2},"end":{"line":76,"column":3}},"loc":{"start":{"line":76,"column":28},"end":{"line":84,"column":3}},"line":76},"9":{"name":"(anonymous_9)","decl":{"start":{"line":77,"column":23},"end":{"line":77,"column":24}},"loc":{"start":{"line":77,"column":44},"end":{"line":83,"column":5}},"line":77},"10":{"name":"(anonymous_10)","decl":{"start":{"line":79,"column":27},"end":{"line":79,"column":28}},"loc":{"start":{"line":79,"column":41},"end":{"line":82,"column":7}},"line":79},"11":{"name":"(anonymous_11)","decl":{"start":{"line":87,"column":2},"end":{"line":87,"column":3}},"loc":{"start":{"line":87,"column":34},"end":{"line":95,"column":3}},"line":87},"12":{"name":"(anonymous_12)","decl":{"start":{"line":88,"column":23},"end":{"line":88,"column":24}},"loc":{"start":{"line":88,"column":44},"end":{"line":94,"column":5}},"line":88},"13":{"name":"(anonymous_13)","decl":{"start":{"line":90,"column":30},"end":{"line":90,"column":31}},"loc":{"start":{"line":90,"column":44},"end":{"line":93,"column":7}},"line":90},"14":{"name":"(anonymous_14)","decl":{"start":{"line":98,"column":2},"end":{"line":98,"column":3}},"loc":{"start":{"line":98,"column":22},"end":{"line":106,"column":3}},"line":98},"15":{"name":"(anonymous_15)","decl":{"start":{"line":99,"column":23},"end":{"line":99,"column":24}},"loc":{"start":{"line":99,"column":44},"end":{"line":105,"column":5}},"line":99},"16":{"name":"(anonymous_16)","decl":{"start":{"line":101,"column":24},"end":{"line":101,"column":25}},"loc":{"start":{"line":101,"column":38},"end":{"line":104,"column":7}},"line":101},"17":{"name":"(anonymous_17)","decl":{"start":{"line":109,"column":2},"end":{"line":109,"column":3}},"loc":{"start":{"line":109,"column":50},"end":{"line":116,"column":3}},"line":109},"18":{"name":"(anonymous_18)","decl":{"start":{"line":110,"column":23},"end":{"line":110,"column":24}},"loc":{"start":{"line":110,"column":44},"end":{"li
[...]
s/notification.js","statementMap":{"0":{"start":{"line":1,"column":19},"end":{"line":1,"column":40}},"1":{"start":{"line":2,"column":14},"end":{"line":2,"column":30}},"2":{"start":{"line":3,"column":13},"end":{"line":3,"column":38}},"3":{"start":{"line":4,"column":18},"end":{"line":4,"column":48}},"4":{"start":{"line":5,"column":11},"end":{"line":5,"column":40}},"5":{"start":{"line":7,"column":27},"end":{"line":13,"column":1}},"6":{"start":{"line":8,"column":14},"end":{"line":8,"column":24}},"7":{"start":{"line":9,"column":15},"end":{"line":9,"column":32}},"8":{"start":{"line":10,"column":16},"end":{"line":10,"column":59}},"9":{"start":{"line":11,"column":14},"end":{"line":11,"column":52}},"10":{"start":{"line":12,"column":2},"end":{"line":12,"column":35}},"11":{"start":{"line":17,"column":4},"end":{"line":31,"column":7}},"12":{"start":{"line":35,"column":21},"end":{"line":35,"column":57}},"13":{"start":{"line":36,"column":4},"end":{"line":38,"column":5}},"14":{"start":{"line":37,"column":6},"end":{"line":37,"column":42}},"15":{"start":{"line":39,"column":4},"end":{"line":39,"column":62}},"16":{"start":{"line":43,"column":21},"end":{"line":43,"column":57}},"17":{"start":{"line":44,"column":4},"end":{"line":46,"column":5}},"18":{"start":{"line":45,"column":6},"end":{"line":45,"column":56}},"19":{"start":{"line":47,"column":4},"end":{"line":47,"column":52}},"20":{"start":{"line":51,"column":24},"end":{"line":51,"column":45}},"21":{"start":{"line":52,"column":17},"end":{"line":52,"column":38}},"22":{"start":{"line":53,"column":17},"end":{"line":53,"column":72}},"23":{"start":{"line":54,"column":4},"end":{"line":54,"column":53}},"24":{"start":{"line":58,"column":4},"end":{"line":91,"column":7}},"25":{"start":{"line":59,"column":21},"end":{"line":59,"column":47}},"26":{"start":{"line":60,"column":19},"end":{"line":60,"column":69}},"27":{"start":{"line":61,"column":19},"end":{"line":61,"column":62}},"28":{"start":{"line":63,"column":22},"end":{"line":73,"column":7}},"29":{"start":{"line":75,"column":18},"end":{"line":85,"column":8}},"30":{"start":{"line":76,"column":19},"end":{"line":76,"column":21}},"31":{"start":{"line":77,"column":8},"end":{"line":77,"column":49}},"32":{"start":{"line":77,"column":34},"end":{"line":77,"column":47}},"33":{"start":{"line":78,"column":8},"end":{"line":84,"column":11}},"34":{"start":{"line":79,"column":10},"end":{"line":83,"column":11}},"35":{"start":{"line":80,"column":12},"end":{"line":80,"column":68}},"36":{"start":{"line":82,"column":12},"end":{"line":82,"column":77}},"37":{"start":{"line":87,"column":6},"end":{"line":87,"column":30}},"38":{"start":{"line":88,"column":6},"end":{"line":88,"column":91}},"39":{"start":{"line":88,"column":32},"end":{"line":88,"column":46}},"40":{"start":{"line":88,"column":47},"end":{"line":88,"column":87}},"41":{"start":{"line":89,"column":6},"end":{"line":89,"column":22}},"42":{"start":{"line":90,"column":6},"end":{"line":90,"column":16}},"43":{"start":{"line":95,"column":4},"end":{"line":110,"column":5}},"44":{"start":{"line":96,"column":6},"end":{"line":98,"column":7}},"45":{"start":{"line":97,"column":8},"end":{"line":97,"column":72}},"46":{"start":{"line":100,"column":24},"end":{"line":100,"column":97}},"47":{"start":{"line":102,"column":22},"end":{"line":102,"column":58}},"48":{"start":{"line":103,"column":19},"end":{"line":103,"column":233}},"49":{"start":{"line":105,"column":6},"end":{"line":105,"column":57}},"50":{"start":{"line":106,"column":6},"end":{"line":106,"column":25}},"51":{"start":{"line":108,"column":6},"end":{"line":108,"column":64}},"52":{"start":{"line":109,"column":6},"end":{"line":109,"column":48}},"53":{"start":{"line":114,"column":4},"end":{"line":155,"column":5}},"54":{"start":{"line":115,"column":6},"end":{"line":118,"column":7}},"55":{"start":{"line":116,"column":8},"end":{"line":116,"column":48}},"56":{"start":{"line":117,"column":8},"end":{"line":117,"column":60}},"57":{"start":{"line":120,"column":20},"end":{"line":120,"column":40}},"58":{"start":{"line":121,"column":20},"end":{"line":124,"column":8}},"59":{"start":{"line":126,"column":6},"end":{"line":129,"column":7}},"60":{"start":{"line":127,"column":8},"end":{"line":127,"column":58}},"61":{"start":{"line":128,"column":8},"end":{"line":128,"column":60}},"62":{"start":{"line":131,"column":18},"end":{"line":131,"column":84}},"63":{"start":{"line":132,"column":22},"end":{"line":137,"column":8}},"64":{"start":{"line":133,"column":8},"end":{"line":136,"column":11}},"65":{"start":{"line":134,"column":10},"end":{"line":135,"column":29}},"66":{"start":{"line":134,"column":19},"end":{"line":134,"column":31}},"67":{"start":{"line":135,"column":15},"end":{"line":135,"column":29}},"68":{"start":{"line":139,"column":23},"end":{"line":139,"column":70}},"69":{"start":{"line":139,"column":38},"end":{"line":139,"column":58}},"70":{"start":{"line":140,"column":22},"end":{"line":140,"column":88}},"71":{"start":{"line":141,"column":19},"end":{"line":141,"column":166}},"72":{"start":{"line":143,"column":21},"end":{"line":143,"column":46}},"73":{"start":{"line":143,"column":38},"end":{"line":143,"column":45}},"74":{"start":{"line":144,"column":19},"end":{"line":148,"column":8}},"75":{"start":{"line":150,"column":6},"end":{"line":150,"column":83}},"76":{"start":{"line":151,"column":6},"end":{"line":151,"column":64}},"77":{"start":{"line":153,"column":6},"end":{"line":153,"column":63}},"78":{"start":{"line":154,"column":6},"end":{"line":154,"column":47}},"79":{"start":{"line":159,"column":4},"end":{"line":159,"column":49}},"80":{"start":{"line":160,"column":16},"end":{"line":160,"column":88}},"81":{"start":{"line":161,"column":23},"end":{"line":166,"column":6}},"82":{"start":{"line":162,"column":6},"end":{"line":165,"column":9}},"83":{"start":{"line":163,"column":8},"end":{"line":164,"column":27}},"84":{"start":{"line":163,"column":17},"end":{"line":163,"column":29}},"85":{"start":{"line":164,"column":13},"end":{"line":164,"column":27}},"86":{"start":{"line":168,"column":20},"end":{"line":168,"column":21}},"87":{"start":{"line":169,"column":4},"end":{"line":172,"column":5}},"88":{"start":{"line":170,"column":21},"end":{"line":170,"column":62}},"89":{"start":{"line":171,"column":6},"end":{"line":171,"column":39}},"90":{"start":{"line":171,"column":27},"end":{"line":171,"column":39}},"91":{"start":{"line":174,"column":4},"end":{"line":174,"column":62}},"92":{"start":{"line":175,"column":4},"end":{"line":175,"column":62}},"93":{"start":{"line":179,"column":18},"end":{"line":179,"column":38}},"94":{"start":{"line":180,"column":4},"end":{"line":183,"column":7}},"95":{"start":{"line":187,"column":4},"end":{"line":202,"column":5}},"96":{"start":{"line":188,"column":6},"end":{"line":190,"column":7}},"97":{"start":{"line":189,"column":8},"end":{"line":189,"column":72}},"98":{"start":{"line":192,"column":25},"end":{"line":192,"column":99}},"99":{"start":{"line":194,"column":22},"end":{"line":194,"column":69}},"100":{"start":{"line":195,"column":19},"end":{"line":195,"column":200}},"101":{"start":{"line":197,"column":6},"end":{"line":197,"column":59}},"102":{"start":{"line":198,"column":6},"end":{"line":198,"column":25}},"103":{"start":{"line":200,"column":6},"end":{"line":200,"column":65}},"104":{"start":{"line":201,"column":6},"end":{"line":201,"column":47}},"105":{"start":{"line":206,"column":0},"end":{"line":206,"column":37}}},"fnMap":{"0":{"name":"(anonymous_0)","decl":{"start":{"line":7,"column":27},"end":{"line":7,"column":28}},"loc":{"start":{"line":7,"column":33},"end":{"line":13,"column":1}},"line":7},"1":{"name":"(anonymous_1)","decl":{"start":{"line":16,"column":2},"end":{"line":16,"column":3}},"loc":{"start":{"line":16,"column":26},"end":{"line":32,"column":3}},"line":16},"2":{"name":"(anonymous_2)","decl":{"start":{"line":34,"column":2},"end":{"line":34,"column":3}},"loc":{"start":{"line":34,"column":29},"end":{"line":40,"column":3}},"line":34},"3":{"name":"(anonymous_3)","decl":{"start":{"line":42,"column":2},"end":{"line":42,"column":3}},"loc":{"start":{"line":42,"column":48},"end":{"line":48,"column":3}},"line":42},"4":{"name":"(anonymous_4)","decl":{"start":{"line":50,"column":2},"end":{"line":50,"column":3}},"loc":{"start":{"line":50,"column":51},"end":{"line":55,"column":3}},"line":50},"5":{"name":"(anonymous_5)","decl":{"start":{"line":57,"column":2},"end":{"line":57,"column":3}},"loc":{"start":{"line":57,"column":53},"end":{"line":92,"column":3}},"line":57},"6":{"name":"(anonymous_6)","decl":{"start":{"line":58,"column":23},"end":{"line":58,"column":24}},"loc":{"start":{"line":58,"column":44},"end":{"line":91,"column":5}},"line":58},"7":{"name":"(anonymous_7)","decl":{"start":{"line":75,"column":41},"end":{"line":75,"column":42}},"loc":{"start":{"line":75,"column":50},"end":{"line":85,"column":7}},"line":75},"8":{"name":"(anonymous_8)","decl":{"start":{"line":77,"column":23},"end":{"line":77,"column":24}},"loc":{"start":{"line":77,"column":34},"end":{"line":77,"column":47}},"line":77},"9":{"name":"(anonymous_9)","decl":{"start":{"line":78,"column":22},"end":{"line":78,"column":23}},"loc":{"start":{"line":78,"column":28},"end":{"line":84,"column":9}},"line":78},"10":{"name":"(anonymous_10)","decl":{"start":{"line":88,"column":24},"end":{"line":88,"column":25}},"loc":{"start":{"line":88,"column":30},"end":{"line":88,"column":89}},"line":88},"11":{"name":"(anonymous_11)","decl":{"start":{"line":94,"column":2},"end":{"line":94,"column":3}},"loc":{"start":{"line":94,"column":57},"end":{"line":111,"column":3}},"line":94},"12":{"name":"(anonymous_12)","decl":{"start":{"line":113,"column":2},"end":{"line":113,"column":3}},"loc":{"start":{"line":113,"column":43},"end":{"line":156,"column":3}},"line":113},"13":{"name":"(anonymous_13)","decl":{"start":{"line":132,"column":40},"end":{"line":132,"column":41}},"loc":{"start":{"line":132,"column":61},"end":{"line":137,"column":7}},"line":132},"14":{"name":"(anonymous_14)","decl":{"start":{"line":133,"column":35},"end":{"line":133,"column":36}},"loc":{"start":{"line":133,"column":50},"end":{"line":136,"column":9}},"line":133},"15":{"name":"(anonymous_15)","decl":{"start":{"line":139,"column":33},"end":{"line":139,"column":34}},"loc":{"start":{"line":139,"column":38},"end":{"line":139,"column":58}},"line":139},"16":{"name":"(anonymous_16)","decl":{"start":{"line":143,"column":33},"end":{"line":143,"column":34}},"loc":{"start":{"line":143,"column":38},"end":{"line":143,"column":45}},"line":143},"17":{"name":"(anonymous_17)","decl":{"start":{"line":158,"column":2},"end":{"line":158,"column":3}},"loc":{"start":{"line":158,"column":35},"end":{"line":176,"column":3}},"line":158},"18":{"name":"(anonymous_18)","decl":{"start":{"line":161,"column":41},"end":{"line":161,"column":42}},"loc":{"start":{"line":161,"column":62},"end":{"line":166,"column":5}},"line":161},"19":{"name":"(anonymous_19)","decl":{"start":{"line":162,"column":22},"end":{"line":162,"column":23}},"loc":{"start":{"line":162,"column":37},"end":{"line":165,"column":7}},"line":162},"20":{"name":"(anonymous_20)","decl":{"start":{"line":178,"column":2},"end":{"line":178,"column":3}},"loc":{"start":{"line":178,"column":44},"end":{"line":184,"column":3}},"line":178},"21":{"name":"(anonymous_21)","decl":{"start":{"line":186,"column":2},"end":{"line":186,"column":3}},"loc":{"start":{"line":186,"column":64},"end":{"line":203,"column":3}},"line":186}},"branchMap":{"0":{"loc":{"start":{"line":18,"column":12},"end":{"line":18,"column":53}},"type":"binary-expr","locations":[{"start":{"line":18,"column":12},"end":{"line":18,"column":33}},{"start":{"line":18,"column":37},"end":{"line":18,"column":53}}],"line":18},"1":{"loc":{"start":{"line":19,"column":12},"end":{"line":19,"column":50}},"type":"binary-expr","locations":[{"start":{"line":19,"column":12},"end":{"line":19,"column":43}},{"start":{"line":19,"column":47},"end":{"line":19,"column":50}}],"line":19},"2":{"loc":{"start":{"line":35,"column":21},"end":{"line":35,"column":57}},"type":"binary-expr","locations":[{"start":{"line":35,"column":21},"end":{"line":35,"column":47}},{"start":{"line":35,"column":51},"end":{"line":35,"column":57}}],"line":35},"3":{"loc":{"start":{"line":36,"column":4},"end":{"line":38,"column":5}},"type":"if","locations":[{"start":{"line":36,"column":4},"end":{"line":38,"column":5}},{"start":{},"end":{}}],"line":36},"4":{"loc":{"start":{"line":39,"column":14},"end":{"line":39,"column":60}},"type":"binary-expr","locations":[{"start":{"line":39,"column":14},"end":{"line":39,"column":35}},{"start":{"line":39,"column":39},"end":{"line":39,"column":60}}],"line":39},"5":{"loc":{"start":{"line":43,"column":21},"end":{"line":43,"column":57}},"type":"binary-expr","locations":[{"start":{"line":43,"column":21},"end":{"line":43,"column":47}},{"start":{"line":43,"column":51},"end":{"line":43,"column":57}}],"line":43},"6":{"loc":{"start":{"line":44,"column":4},"end":{"line":46,"column":5}},"type":"if","locations":[{"start":{"line":44,"column":4},"end":{"line":46,"column":5}},{"start":{},"end":{}}],"line":44},"7":{"loc":{"start":{"line":60,"column":19},"end":{"line":60,"column":69}},"type":"binary-expr","locations":[{"start":{"line":60,"column":19},"end":{"line":60,"column":42}},{"start":{"line":60,"column":46},"end":{"line":60,"column":69}}],"line":60},"8":{"loc":{"start":{"line":79,"column":10},"end":{"line":83,"column":11}},"type":"if","locations":[{"start":{"line":79,"column":10},"end":{"line":83,"column":11}},{"start":{"line":81,"column":17},"end":{"line":83,"column":11}}],"line":79},"9":{"loc":{"start":{"line":79,"column":14},"end":{"line":79,"column":59}},"type":"binary-expr","locations":[{"start":{"line":79,"column":14},"end":{"line":79,"column":35}},{"start":{"line":79,"column":39},"end":{"line":79,"column":59}}],"line":79},"10":{"loc":{"start":{"line":96,"column":6},"end":{"line":98,"column":7}},"type":"if","locations":[{"start":{"line":96,"column":6},"end":{"line":98,"column":7}},{"start":{},"end":{}}],"line":96},"11":{"loc":{"start":{"line":100,"column":27},"end":{"line":100,"column":75}},"type":"binary-expr","locations":[{"start":{"line":100,"column":27},"end":{"line":100,"column":48}},{"start":{"line":100,"column":52},"end":{"line":100,"column":75}}],"line":100},"12":{"loc":{"start":{"line":115,"column":6},"end":{"line":118,"column":7}},"type":"if","locations":[{"start":{"line":115,"column":6},"end":{"line":118,"column":7}},{"start":{},"end":{}}],"line":115},"13":{"loc":{"start":{"line":126,"column":6},"end":{"line":129,"column":7}},"type":"if","locations":[{"start":{"line":126,"column":6},"end":{"line":129,"column":7}},{"start":{},"end":{}}],"line":126},"14":{"loc":{"start":{"line":134,"column":10},"end":{"line":135,"column":29}},"type":"if","locations":[{"start":{"line":134,"column":10},"end":{"line":135,"column":29}},{"start":{"line":135,"column":15},"end":{"line":135,"column":29}}],"line":134},"15":{"loc":{"start":{"line":163,"column":8},"end":{"line":164,"column":27}},"type":"if","locations":[{"start":{"line":163,"column":8},"end":{"line":164,"column":27}},{"start":{"line":164,"column":13},"end":{"line":164,"column":27}}],"line":163},"16":{"loc":{"start":{"line":171,"column":6},"end":{"line":171,"column":39}},"type":"if","locations":[{"start":{"line":171,"column":6},"end":{"line":171,"column":39}},{"start":{},"end":{}}],"line":171},"17":{"loc":{"start":{"line":188,"column":6},"end":{"line":190,"column":7}},"type":"if","locations":[{"start":{"line":188,"column":6},"end":{"line":190,"column":7}},{"start":{},"end":{}}],"line":188},"18":{"loc":{"start":{"line":192,"column":28},"end":{"line":192,"column":76}},"type":"binary-expr","locations":[{"start":{"line":192,"column":28},"end":{"line":192,"column":49}},{"start":{"line":192,"column":53},"end":{"line":192,"column":76}}],"line":192}},"s":{"0":1,"1":1,"2":1,"3":1,"4":1,"5":1,"6":0,"7":0,"8":0,"9":0,"10":0,"11":0,"12":0,"13":0,"14":0,"15":0,"16":0,"17":0,"18":0,"19":0,"20":0,"21":0,"22":0,"23":0,"24":0,"25":0,"26":0,"27":0,"28":0,"29":0,"30":0,"31":0,"32":0,"33":0,"34":0,"35":0,"36":0,"37":0,"38":0,"39":0,"40":0,"41":0,"42":0,"43":0,"44":0,"45":0,"46":0,"47":0,"48":0,"49":0,"50":0,"51":0,"52":0,"53":0,"54":0,"55":0,"56":0,"57":0,"58":0,"59":0,"60":0,"61":0,"62":0,"63":0,"64":0,"65":0,"66":0,"67":0,"68":0,"69":0,"70":0,"71":0,"72":0,"73":0,"74":0,"75":0,"76":0,"77":0,"78":0,"79":0,"80":0,"81":0,"82":0,"83":0,"84":0,"85":0,"86":0,"87":0,"88":0,"89":0,"90":0,"91":0,"92":0,"93":0,"94":0,"95":0,"96":0,"97":0,"98":0,"99":0,"100":0,"101":0,"102":0,"103":0,"104":0,"105":1},"f":{"0":0,"1":0,"2":0,"3":0,"4":0,"5":0,"6":0,"7":0,"8":0,"9":0,"10":0,"11":0,"12":0,"13":0,"14":0,"15":0,"16":0,"17":0,"18":0,"19":0,"20":0,"21":0},"b":{"0":[0,0],"1":[0,0],"2":[0,0],"3":[0,0],"4":[0,0],"5":[0,0],"6":[0,0],"7":[0,0],"8":[0,0],"9":[0,0],"10":[0,0],"11":[0,0],"12":[0,0],"13":[0,0],"14":[0,0],"15":[0,0],"16":[0,0],"17":[0,0],"18":[0,0]},"_coverageSchema":"1a1c01bbd47fc00a2c39e90264f33305004495a9","hash":"a2b6c05fcd2caef2fe3c39c5ef9d09b17d6592f0"}
,"/Users/laiszacarias/Projects/casaemordem/server/utils/jwt.js": {"path":"/Users/laiszacarias/Projects/casaemordem/server/utils/jwt.js","statementMap":{"0":{"start":{"line":1,"column":12},"end":{"line":1,"column":35}},"1":{"start":{"line":3,"column":19},"end":{"line":3,"column":41}},"2":{"start":{"line":5,"column":0},"end":{"line":7,"column":1}},"3":{"start":{"line":6,"column":2},"end":{"line":6,"column":103}},"4":{"start":{"line":12,"column":20},"end":{"line":17,"column":5}},"5":{"start":{"line":19,"column":18},"end":{"line":19,"column":62}},"6":{"start":{"line":20,"column":4},"end":{"line":20,"column":17}},"7":{"start":{"line":25,"column":4},"end":{"line":30,"column":5}},"8":{"start":{"line":26,"column":22},"end":{"line":26,"column":51}},"9":{"start":{"line":27,"column":6},"end":{"line":27,"column":21}},"10":{"start":{"line":29,"column":6},"end":{"line":29,"column":18}},"11":{"start":{"line":35,"column":4},"end":{"line":37,"column":5}},"12":{"start":{"line":36,"column":6},"end":{"line":36,"column":18}},"13":{"start":{"line":38,"column":4},"end":{"line":38,"column":35}},"14":{"start":{"line":42,"column":0},"end":{"line":42,"column":25}}},"fnMap":{"0":{"name":"(anonymous_0)","decl":{"start":{"line":11,"column":2},"end":{"line":11,"column":3}},"loc":{"start":{"line":11,"column":73},"end":{"line":21,"column":3}},"line":11},"1":{"name":"(anonymous_1)","decl":{"start":{"line":24,"column":2},"end":{"line":24,"column":3}},"loc":{"start":{"line":24,"column":28},"end":{"line":31,"column":3}},"line":24},"2":{"name":"(anonymous_2)","decl":{"start":{"line":34,"column":2},"end":{"line":34,"column":3}},"loc":{"start":{"line":34,"column":44},"end":{"line":39,"column":3}},"line":34}},"branchMap":{"0":{"loc":{"start":{"line":5,"column":0},"end":{"line":7,"column":1}},"type":"if","locations":[{"start":{"line":5,"column":0},"end":{"line":7,"column":1}},{"start":{},"end":{}}],"line":5},"1":{"loc":{"start":{"line":11,"column":41},"end":{"line":11,"column":53}},"type":"default-arg","locations":[{"start":{"line":11,"column":51},"end":{"line":11,"column":53}}],"line":11},"2":{"loc":{"start":{"line":11,"column":55},"end":{"line":11,"column":71}},"type":"default-arg","locations":[{"start":{"line":11,"column":67},"end":{"line":11,"column":71}}],"line":11},"3":{"loc":{"start":{"line":35,"column":4},"end":{"line":37,"column":5}},"type":"if","locations":[{"start":{"line":35,"column":4},"end":{"line":37,"column":5}},{"start":{},"end":{}}],"line":35},"4":{"loc":{"start":{"line":35,"column":8},"end":{"line":35,"column":56}},"type":"binary-expr","locations":[{"start":{"line":35,"column":8},"end":{"line":35,"column":19}},{"start":{"line":35,"column":23},"end":{"line":35,"column":56}}],"line":35}},"s":{"0":1,"1":1,"2":1,"3":0,"4":6,"5":6,"6":6,"7":10,"8":10,"9":10,"10":0,"11":10,"12":0,"13":10,"14":1},"f":{"0":6,"1":10,"2":10},"b":{"0":[0,1],"1":[6],"2":[6],"3":[0,10],"4":[10,10]},"_coverageSchema":"1a1c01bbd47fc00a2c39e90264f33305004495a9","hash":"fd6e1ca8356ac9cfab7de679c60acdc4b5b336be"}
}
