TN:
SF:server/app.js
FN:27,(anonymous_0)
FN:32,(anonymous_1)
FN:37,(anonymous_2)
FN:75,(anonymous_3)
FNF:4
FNH:0
FNDA:0,(anonymous_0)
FNDA:0,(anonymous_1)
FNDA:0,(anonymous_2)
FNDA:0,(anonymous_3)
DA:1,1
DA:2,1
DA:3,1
DA:4,1
DA:5,1
DA:6,1
DA:7,1
DA:8,1
DA:9,1
DA:10,1
DA:11,1
DA:13,1
DA:15,1
DA:16,1
DA:17,1
DA:18,1
DA:20,1
DA:21,1
DA:22,1
DA:23,1
DA:24,1
DA:27,1
DA:28,0
DA:32,1
DA:33,0
DA:37,1
DA:38,0
DA:39,0
DA:40,0
DA:43,0
DA:44,0
DA:45,0
DA:47,0
DA:48,0
DA:51,0
DA:53,0
DA:54,0
DA:55,0
DA:57,0
DA:59,0
DA:60,0
DA:61,0
DA:64,0
DA:66,0
DA:67,0
DA:68,0
DA:71,0
DA:75,1
DA:76,0
DA:77,0
DA:78,0
DA:81,0
DA:82,0
DA:83,0
DA:85,0
DA:86,0
DA:89,0
DA:94,1
LF:58
LH:26
BRDA:39,0,0,0
BRDA:39,0,1,0
BRDA:47,1,0,0
BRDA:47,1,1,0
BRDA:60,2,0,0
BRDA:60,2,1,0
BRDA:67,3,0,0
BRDA:67,3,1,0
BRDA:77,4,0,0
BRDA:77,4,1,0
BRDA:85,5,0,0
BRDA:85,5,1,0
BRDA:90,6,0,0
BRDA:90,6,1,0
BRF:14
BRH:0
end_of_record
TN:
SF:server/middleware/auth.js
FN:3,(anonymous_0)
FNF:1
FNH:1
FNDA:10,(anonymous_0)
DA:1,1
DA:3,1
DA:4,10
DA:6,10
DA:7,0
DA:10,10
DA:11,10
DA:12,0
DA:15,10
DA:16,10
DA:17,0
DA:20,10
DA:21,10
DA:24,1
LF:14
LH:11
BRDA:6,0,0,0
BRDA:6,0,1,10
BRDA:11,1,0,0
BRDA:11,1,1,10
BRDA:16,2,0,0
BRDA:16,2,1,10
BRF:6
BRH:3
end_of_record
TN:
SF:server/models/Household.js
FN:4,(anonymous_0)
FN:13,(anonymous_1)
FN:14,(anonymous_2)
FN:20,(anonymous_3)
FN:28,(anonymous_4)
FN:34,(anonymous_5)
FN:46,(anonymous_6)
FN:47,(anonymous_7)
FN:49,(anonymous_8)
FN:56,(anonymous_9)
FN:57,(anonymous_10)
FN:59,(anonymous_11)
FN:66,(anonymous_12)
FN:67,(anonymous_13)
FN:71,(anonymous_14)
FN:77,(anonymous_15)
FN:87,(anonymous_16)
FN:88,(anonymous_17)
FN:95,(anonymous_18)
FN:102,(anonymous_19)
FN:103,(anonymous_20)
FN:108,(anonymous_21)
FN:116,(anonymous_22)
FN:117,(anonymous_23)
FN:119,(anonymous_24)
FN:126,(anonymous_25)
FN:127,(anonymous_26)
FN:129,(anonymous_27)
FN:136,(anonymous_28)
FN:137,(anonymous_29)
FN:141,(anonymous_30)
FN:149,(anonymous_31)
FN:150,(anonymous_32)
FN:173,(anonymous_33)
FNF:34
FNH:10
FNDA:1,(anonymous_0)
FNDA:0,(anonymous_1)
FNDA:0,(anonymous_2)
FNDA:0,(anonymous_3)
FNDA:0,(anonymous_4)
FNDA:0,(anonymous_5)
FNDA:0,(anonymous_6)
FNDA:0,(anonymous_7)
FNDA:0,(anonymous_8)
FNDA:0,(anonymous_9)
FNDA:0,(anonymous_10)
FNDA:0,(anonymous_11)
FNDA:0,(anonymous_12)
FNDA:0,(anonymous_13)
FNDA:0,(anonymous_14)
FNDA:0,(anonymous_15)
FNDA:1,(anonymous_16)
FNDA:1,(anonymous_17)
FNDA:1,(anonymous_18)
FNDA:1,(anonymous_19)
FNDA:1,(anonymous_20)
FNDA:1,(anonymous_21)
FNDA:10,(anonymous_22)
FNDA:10,(anonymous_23)
FNDA:10,(anonymous_24)
FNDA:0,(anonymous_25)
FNDA:0,(anonymous_26)
FNDA:0,(anonymous_27)
FNDA:0,(anonymous_28)
FNDA:0,(anonymous_29)
FNDA:0,(anonymous_30)
FNDA:0,(anonymous_31)
FNDA:0,(anonymous_32)
FNDA:0,(anonymous_33)
DA:1,1
DA:5,1
DA:6,1
DA:7,1
DA:8,6
DA:10,1
DA:14,0
DA:15,0
DA:17,0
DA:21,0
DA:23,0
DA:25,0
DA:29,0
DA:31,0
DA:35,0
DA:36,0
DA:47,0
DA:48,0
DA:49,0
DA:50,0
DA:51,0
DA:57,0
DA:58,0
DA:59,0
DA:60,0
DA:61,0
DA:67,0
DA:68,0
DA:72,0
DA:74,0
DA:78,0
DA:79,0
DA:88,1
DA:89,1
DA:95,1
DA:96,1
DA:97,1
DA:103,1
DA:104,1
DA:105,1
DA:109,1
DA:110,1
DA:117,10
DA:118,10
DA:119,10
DA:120,10
DA:121,10
DA:127,0
DA:128,0
DA:129,0
DA:130,0
DA:131,0
DA:137,0
DA:138,0
DA:142,0
DA:143,0
DA:150,0
DA:152,0
DA:153,0
DA:155,0
DA:156,0
DA:157,0
DA:159,0
DA:160,0
DA:161,0
DA:163,0
DA:164,0
DA:165,0
DA:169,0
DA:170,0
DA:171,0
DA:173,0
DA:174,0
DA:175,0
DA:176,0
DA:178,0
DA:181,0
DA:188,1
LF:78
LH:22
BRDA:13,0,0,0
BRDA:21,1,0,0
BRDA:21,1,1,0
BRDA:29,2,0,0
BRDA:29,2,1,0
BRDA:35,3,0,0
BRDA:35,3,1,0
BRDA:50,4,0,0
BRDA:50,4,1,0
BRDA:60,5,0,0
BRDA:60,5,1,0
BRDA:72,6,0,0
BRDA:72,6,1,0
BRDA:78,7,0,0
BRDA:78,7,1,0
BRDA:96,8,0,0
BRDA:96,8,1,1
BRDA:109,9,0,0
BRDA:109,9,1,1
BRDA:120,10,0,0
BRDA:120,10,1,10
BRDA:130,11,0,0
BRDA:130,11,1,0
BRDA:140,12,0,0
BRDA:140,12,1,0
BRDA:142,13,0,0
BRDA:142,13,1,0
BRDA:155,14,0,0
BRDA:155,14,1,0
BRDA:159,15,0,0
BRDA:159,15,1,0
BRDA:159,16,0,0
BRDA:159,16,1,0
BRDA:163,17,0,0
BRDA:163,17,1,0
BRDA:165,18,0,0
BRDA:165,18,1,0
BRDA:174,19,0,0
BRDA:174,19,1,0
BRDA:175,20,0,0
BRDA:175,20,1,0
BRF:41
BRH:3
end_of_record
TN:
SF:server/models/Task.js
FN:5,(anonymous_0)
FN:6,(anonymous_1)
FN:8,(anonymous_2)
FN:15,(anonymous_3)
FN:16,(anonymous_4)
FN:18,(anonymous_5)
FN:25,(anonymous_6)
FN:26,(anonymous_7)
FN:93,(anonymous_8)
FN:97,(anonymous_9)
FN:112,(anonymous_10)
FN:113,(anonymous_11)
FN:139,(anonymous_12)
FN:146,(anonymous_13)
FN:147,(anonymous_14)
FN:149,(anonymous_15)
FN:156,(anonymous_16)
FN:157,(anonymous_17)
FN:173,(anonymous_18)
FN:187,(anonymous_19)
FN:188,(anonymous_20)
FN:194,(anonymous_21)
FN:201,(anonymous_22)
FN:202,(anonymous_23)
FN:204,(anonymous_24)
FN:211,(anonymous_25)
FN:212,(anonymous_26)
FN:214,(anonymous_27)
FN:221,(anonymous_28)
FN:222,(anonymous_29)
FN:232,(anonymous_30)
FN:239,(anonymous_31)
FN:240,(anonymous_32)
FN:257,(anonymous_33)
FN:264,(anonymous_34)
FN:265,(anonymous_35)
FN:281,(anonymous_36)
FN:288,(anonymous_37)
FN:289,(anonymous_38)
FN:303,(anonymous_39)
FN:310,(anonymous_40)
FN:311,(anonymous_41)
FN:359,(anonymous_42)
FN:363,(anonymous_43)
FNF:44
FNH:12
FNDA:0,(anonymous_0)
FNDA:0,(anonymous_1)
FNDA:0,(anonymous_2)
FNDA:4,(anonymous_3)
FNDA:4,(anonymous_4)
FNDA:4,(anonymous_5)
FNDA:0,(anonymous_6)
FNDA:0,(anonymous_7)
FNDA:0,(anonymous_8)
FNDA:0,(anonymous_9)
FNDA:1,(anonymous_10)
FNDA:1,(anonymous_11)
FNDA:1,(anonymous_12)
FNDA:2,(anonymous_13)
FNDA:2,(anonymous_14)
FNDA:2,(anonymous_15)
FNDA:1,(anonymous_16)
FNDA:1,(anonymous_17)
FNDA:1,(anonymous_18)
FNDA:0,(anonymous_19)
FNDA:0,(anonymous_20)
FNDA:0,(anonymous_21)
FNDA:0,(anonymous_22)
FNDA:0,(anonymous_23)
FNDA:0,(anonymous_24)
FNDA:0,(anonymous_25)
FNDA:0,(anonymous_26)
FNDA:0,(anonymous_27)
FNDA:0,(anonymous_28)
FNDA:0,(anonymous_29)
FNDA:0,(anonymous_30)
FNDA:0,(anonymous_31)
FNDA:0,(anonymous_32)
FNDA:0,(anonymous_33)
FNDA:0,(anonymous_34)
FNDA:0,(anonymous_35)
FNDA:0,(anonymous_36)
FNDA:0,(anonymous_37)
FNDA:0,(anonymous_38)
FNDA:0,(anonymous_39)
FNDA:0,(anonymous_40)
FNDA:0,(anonymous_41)
FNDA:0,(anonymous_42)
FNDA:0,(anonymous_43)
DA:1,1
DA:2,1
DA:6,0
DA:7,0
DA:8,0
DA:9,0
DA:10,0
DA:16,4
DA:17,4
DA:18,4
DA:19,4
DA:20,4
DA:26,0
DA:27,0
DA:28,0
DA:30,0
DA:31,0
DA:34,0
DA:35,0
DA:36,0
DA:38,0
DA:39,0
DA:40,0
DA:41,0
DA:42,0
DA:43,0
DA:44,0
DA:45,0
DA:46,0
DA:47,0
DA:49,0
DA:50,0
DA:52,0
DA:53,0
DA:54,0
DA:56,0
DA:57,0
DA:58,0
DA:59,0
DA:60,0
DA:61,0
DA:62,0
DA:65,0
DA:66,0
DA:67,0
DA:69,0
DA:82,0
DA:83,0
DA:86,0
DA:91,0
DA:92,0
DA:93,0
DA:94,0
DA:98,0
DA:99,0
DA:100,0
DA:105,0
DA:107,0
DA:113,1
DA:114,1
DA:115,1
DA:117,1
DA:118,1
DA:119,1
DA:122,1
DA:123,0
DA:124,0
DA:127,1
DA:128,0
DA:129,0
DA:132,1
DA:133,0
DA:134,0
DA:137,1
DA:139,1
DA:140,1
DA:141,1
DA:147,2
DA:148,2
DA:149,2
DA:150,2
DA:151,2
DA:157,1
DA:158,1
DA:159,1
DA:160,1
DA:161,0
DA:164,1
DA:165,1
DA:167,1
DA:173,1
DA:174,1
DA:175,1
DA:182,0
DA:188,0
DA:189,0
DA:194,0
DA:195,0
DA:196,0
DA:202,0
DA:203,0
DA:204,0
DA:205,0
DA:206,0
DA:212,0
DA:213,0
DA:214,0
DA:215,0
DA:216,0
DA:222,0
DA:223,0
DA:232,0
DA:233,0
DA:234,0
DA:240,0
DA:241,0
DA:257,0
DA:258,0
DA:259,0
DA:265,0
DA:266,0
DA:281,0
DA:282,0
DA:283,0
DA:289,0
DA:290,0
DA:291,0
DA:292,0
DA:293,0
DA:295,0
DA:303,0
DA:304,0
DA:305,0
DA:311,0
DA:312,0
DA:313,0
DA:318,0
DA:319,0
DA:322,0
DA:323,0
DA:324,0
DA:325,0
DA:326,0
DA:329,0
DA:330,0
DA:331,0
DA:332,0
DA:333,0
DA:334,0
DA:337,0
DA:338,0
DA:343,0
DA:344,0
DA:346,0
DA:347,0
DA:349,0
DA:350,0
DA:351,0
DA:352,0
DA:353,0
DA:355,0
DA:356,0
DA:359,0
DA:360,0
DA:364,0
DA:365,0
DA:366,0
DA:373,0
DA:375,0
DA:381,1
LF:170
LH:36
BRDA:9,0,0,0
BRDA:9,0,1,0
BRDA:19,1,0,0
BRDA:19,1,1,4
BRDA:30,2,0,0
BRDA:30,2,1,0
BRDA:52,3,0,0
BRDA:52,3,1,0
BRDA:54,4,0,0
BRDA:54,4,1,0
BRDA:58,5,0,0
BRDA:58,5,1,0
BRDA:59,6,0,0
BRDA:59,6,1,0
BRDA:61,7,0,0
BRDA:61,7,1,0
BRDA:65,8,0,0
BRDA:65,8,1,0
BRDA:67,9,0,0
BRDA:67,9,1,0
BRDA:73,10,0,0
BRDA:73,10,1,0
BRDA:82,11,0,0
BRDA:82,11,1,0
BRDA:98,12,0,0
BRDA:98,12,1,0
BRDA:112,13,0,0
BRDA:117,14,0,1
BRDA:117,14,1,0
BRDA:122,15,0,0
BRDA:122,15,1,1
BRDA:122,16,0,1
BRDA:122,16,1,0
BRDA:127,17,0,0
BRDA:127,17,1,1
BRDA:129,18,0,0
BRDA:129,18,1,0
BRDA:132,19,0,0
BRDA:132,19,1,1
BRDA:140,20,0,0
BRDA:140,20,1,1
BRDA:150,21,0,0
BRDA:150,21,1,2
BRDA:160,22,0,0
BRDA:160,22,1,1
BRDA:164,23,0,0
BRDA:164,23,1,1
BRDA:165,24,0,1
BRDA:165,24,1,0
BRDA:174,25,0,0
BRDA:174,25,1,1
BRDA:195,26,0,0
BRDA:195,26,1,0
BRDA:205,27,0,0
BRDA:205,27,1,0
BRDA:215,28,0,0
BRDA:215,28,1,0
BRDA:233,29,0,0
BRDA:233,29,1,0
BRDA:258,30,0,0
BRDA:258,30,1,0
BRDA:282,31,0,0
BRDA:282,31,1,0
BRDA:304,32,0,0
BRDA:304,32,1,0
BRDA:318,33,0,0
BRDA:318,33,1,0
BRDA:325,34,0,0
BRDA:325,34,1,0
BRDA:333,35,0,0
BRDA:333,35,1,0
BRDA:344,36,0,0
BRDA:344,36,1,0
BRDA:351,37,0,0
BRDA:351,37,1,0
BRDA:353,38,0,0
BRDA:353,38,1,0
BRDA:356,39,0,0
BRDA:356,39,1,0
BRDA:364,40,0,0
BRDA:364,40,1,0
BRF:81
BRH:12
end_of_record
TN:
SF:server/models/TaskTemplate.js
FN:4,(anonymous_0)
FN:5,(anonymous_1)
FN:14,(anonymous_2)
FN:30,(anonymous_3)
FN:31,(anonymous_4)
FN:37,(anonymous_5)
FN:44,(anonymous_6)
FN:45,(anonymous_7)
FN:47,(anonymous_8)
FN:54,(anonymous_9)
FN:55,(anonymous_10)
FN:68,(anonymous_11)
FN:75,(anonymous_12)
FN:76,(anonymous_13)
FN:78,(anonymous_14)
FN:85,(anonymous_15)
FN:86,(anonymous_16)
FN:91,(anonymous_17)
FNF:18
FNH:6
FNDA:1,(anonymous_0)
FNDA:1,(anonymous_1)
FNDA:1,(anonymous_2)
FNDA:1,(anonymous_3)
FNDA:1,(anonymous_4)
FNDA:1,(anonymous_5)
FNDA:0,(anonymous_6)
FNDA:0,(anonymous_7)
FNDA:0,(anonymous_8)
FNDA:0,(anonymous_9)
FNDA:0,(anonymous_10)
FNDA:0,(anonymous_11)
FNDA:0,(anonymous_12)
FNDA:0,(anonymous_13)
FNDA:0,(anonymous_14)
FNDA:0,(anonymous_15)
FNDA:0,(anonymous_16)
FNDA:0,(anonymous_17)
DA:1,1
DA:5,1
DA:6,1
DA:7,1
DA:9,1
DA:14,1
DA:15,1
DA:16,1
DA:31,1
DA:32,1
DA:37,1
DA:38,1
DA:39,1
DA:45,0
DA:46,0
DA:47,0
DA:48,0
DA:49,0
DA:55,0
DA:56,0
DA:58,0
DA:68,0
DA:69,0
DA:70,0
DA:76,0
DA:77,0
DA:78,0
DA:79,0
DA:80,0
DA:86,0
DA:87,0
DA:91,0
DA:92,0
DA:93,0
DA:99,1
LF:35
LH:14
BRDA:7,0,0,1
BRDA:7,0,1,0
BRDA:14,1,0,1
BRDA:14,1,1,1
BRDA:14,2,0,1
BRDA:14,2,1,0
BRDA:14,3,0,1
BRDA:14,3,1,1
BRDA:15,4,0,0
BRDA:15,4,1,1
BRDA:20,5,0,1
BRDA:20,5,1,0
BRDA:21,6,0,1
BRDA:21,6,1,1
BRDA:22,7,0,1
BRDA:22,7,1,0
BRDA:23,8,0,1
BRDA:23,8,1,1
BRDA:38,9,0,0
BRDA:38,9,1,1
BRDA:48,10,0,0
BRDA:48,10,1,0
BRDA:69,11,0,0
BRDA:69,11,1,0
BRDA:79,12,0,0
BRDA:79,12,1,0
BRDA:92,13,0,0
BRDA:92,13,1,0
BRF:28
BRH:14
end_of_record
TN:
SF:server/models/User.js
FN:4,generateInviteCode
FN:15,(anonymous_1)
FN:16,(anonymous_2)
FN:18,(anonymous_3)
FN:26,(anonymous_4)
FN:43,(anonymous_5)
FN:53,(anonymous_6)
FN:61,(anonymous_7)
FN:76,(anonymous_8)
FN:77,(anonymous_9)
FN:79,(anonymous_10)
FN:87,(anonymous_11)
FN:88,(anonymous_12)
FN:90,(anonymous_13)
FN:98,(anonymous_14)
FN:99,(anonymous_15)
FN:101,(anonymous_16)
FN:109,(anonymous_17)
FN:110,(anonymous_18)
FN:111,(anonymous_19)
FN:119,(anonymous_20)
FN:120,(anonymous_21)
FN:122,(anonymous_22)
FN:126,(anonymous_23)
FN:135,(anonymous_24)
FN:136,(anonymous_25)
FN:138,(anonymous_26)
FN:146,(anonymous_27)
FN:147,(anonymous_28)
FN:149,(anonymous_29)
FNF:30
FNH:14
FNDA:2,generateInviteCode
FNDA:2,(anonymous_1)
FNDA:2,(anonymous_2)
FNDA:2,(anonymous_3)
FNDA:2,(anonymous_4)
FNDA:2,(anonymous_5)
FNDA:2,(anonymous_6)
FNDA:2,(anonymous_7)
FNDA:5,(anonymous_8)
FNDA:5,(anonymous_9)
FNDA:5,(anonymous_10)
FNDA:0,(anonymous_11)
FNDA:0,(anonymous_12)
FNDA:0,(anonymous_13)
FNDA:0,(anonymous_14)
FNDA:0,(anonymous_15)
FNDA:0,(anonymous_16)
FNDA:5,(anonymous_17)
FNDA:5,(anonymous_18)
FNDA:5,(anonymous_19)
FNDA:0,(anonymous_20)
FNDA:0,(anonymous_21)
FNDA:0,(anonymous_22)
FNDA:0,(anonymous_23)
FNDA:0,(anonymous_24)
FNDA:0,(anonymous_25)
FNDA:0,(anonymous_26)
FNDA:0,(anonymous_27)
FNDA:0,(anonymous_28)
FNDA:0,(anonymous_29)
DA:1,1
DA:2,1
DA:5,2
DA:6,2
DA:7,2
DA:8,12
DA:10,2
DA:16,2
DA:17,2
DA:18,2
DA:19,2
DA:21,2
DA:26,2
DA:27,2
DA:28,0
DA:29,0
DA:31,0
DA:34,2
DA:36,2
DA:37,2
DA:38,2
DA:43,2
DA:44,2
DA:45,0
DA:46,0
DA:48,2
DA:50,2
DA:53,2
DA:54,2
DA:55,0
DA:56,0
DA:58,2
DA:62,2
DA:63,2
DA:77,5
DA:78,5
DA:79,5
DA:80,5
DA:81,5
DA:88,0
DA:89,0
DA:90,0
DA:91,0
DA:92,0
DA:99,0
DA:100,0
DA:101,0
DA:102,0
DA:103,0
DA:110,5
DA:111,5
DA:112,5
DA:113,5
DA:120,0
DA:121,0
DA:122,0
DA:123,0
DA:125,0
DA:126,0
DA:127,0
DA:128,0
DA:136,0
DA:137,0
DA:138,0
DA:139,0
DA:140,0
DA:147,0
DA:148,0
DA:149,0
DA:150,0
DA:151,0
DA:157,1
LF:72
LH:37
BRDA:15,0,0,2
BRDA:19,1,0,0
BRDA:19,1,1,2
BRDA:27,2,0,0
BRDA:27,2,1,2
BRDA:28,3,0,0
BRDA:28,3,1,0
BRDA:44,4,0,0
BRDA:44,4,1,2
BRDA:54,5,0,0
BRDA:54,5,1,2
BRDA:62,6,0,0
BRDA:62,6,1,2
BRDA:80,7,0,0
BRDA:80,7,1,5
BRDA:91,8,0,0
BRDA:91,8,1,0
BRDA:102,9,0,0
BRDA:102,9,1,0
BRDA:112,10,0,0
BRDA:112,10,1,5
BRDA:123,11,0,0
BRDA:123,11,1,0
BRDA:127,12,0,0
BRDA:127,12,1,0
BRDA:138,13,0,0
BRDA:138,13,1,0
BRDA:139,14,0,0
BRDA:139,14,1,0
BRDA:150,15,0,0
BRDA:150,15,1,0
BRF:31
BRH:8
end_of_record
TN:
SF:server/routes/auth.js
FN:10,(anonymous_0)
FN:28,(anonymous_1)
FN:29,(anonymous_2)
FN:31,(anonymous_3)
FN:32,(anonymous_4)
FN:50,(anonymous_5)
FN:84,(anonymous_6)
FN:89,(anonymous_7)
FN:124,(anonymous_8)
FN:156,(anonymous_9)
FN:178,(anonymous_10)
FNF:11
FNH:2
FNDA:2,(anonymous_0)
FNDA:0,(anonymous_1)
FNDA:0,(anonymous_2)
FNDA:0,(anonymous_3)
FNDA:0,(anonymous_4)
FNDA:5,(anonymous_5)
FNDA:0,(anonymous_6)
FNDA:0,(anonymous_7)
FNDA:0,(anonymous_8)
FNDA:0,(anonymous_9)
FNDA:0,(anonymous_10)
DA:1,1
DA:2,1
DA:3,1
DA:4,1
DA:5,1
DA:6,1
DA:7,1
DA:10,1
DA:11,2
DA:12,2
DA:14,2
DA:15,0
DA:18,2
DA:19,0
DA:22,2
DA:24,2
DA:25,0
DA:26,0
DA:27,0
DA:28,0
DA:29,0
DA:31,0
DA:32,0
DA:37,2
DA:39,2
DA:45,0
DA:50,1
DA:51,5
DA:52,5
DA:54,5
DA:55,0
DA:59,5
DA:60,5
DA:61,0
DA:65,5
DA:66,5
DA:67,1
DA:71,4
DA:73,4
DA:79,0
DA:84,1
DA:85,0
DA:89,1
DA:90,0
DA:91,0
DA:93,0
DA:94,0
DA:98,0
DA:99,0
DA:101,0
DA:105,0
DA:108,0
DA:110,0
DA:111,0
DA:113,0
DA:119,0
DA:124,1
DA:125,0
DA:126,0
DA:128,0
DA:129,0
DA:132,0
DA:133,0
DA:137,0
DA:138,0
DA:139,0
DA:142,0
DA:143,0
DA:147,0
DA:149,0
DA:151,0
DA:156,1
DA:157,0
DA:158,0
DA:159,0
DA:162,0
DA:163,0
DA:164,0
DA:167,0
DA:168,0
DA:169,0
DA:172,0
DA:178,1
DA:179,0
DA:180,0
DA:181,0
DA:182,0
DA:185,0
DA:186,0
DA:187,0
DA:188,0
DA:191,0
DA:192,0
DA:194,0
DA:196,0
DA:200,1
LF:96
LH:33
BRDA:14,0,0,0
BRDA:14,0,1,2
BRDA:14,1,0,2
BRDA:14,1,1,2
BRDA:14,1,2,2
BRDA:18,2,0,0
BRDA:18,2,1,2
BRDA:24,3,0,0
BRDA:24,3,1,2
BRDA:26,4,0,0
BRDA:26,4,1,0
BRDA:29,5,0,0
BRDA:29,5,1,0
BRDA:32,6,0,0
BRDA:32,6,1,0
BRDA:54,7,0,0
BRDA:54,7,1,5
BRDA:54,8,0,5
BRDA:54,8,1,5
BRDA:60,9,0,0
BRDA:60,9,1,5
BRDA:66,10,0,1
BRDA:66,10,1,4
BRDA:93,11,0,0
BRDA:93,11,1,0
BRDA:99,12,0,0
BRDA:99,12,1,0
BRDA:110,13,0,0
BRDA:110,13,1,0
BRDA:128,14,0,0
BRDA:128,14,1,0
BRDA:128,15,0,0
BRDA:128,15,1,0
BRDA:132,16,0,0
BRDA:132,16,1,0
BRDA:138,17,0,0
BRDA:138,17,1,0
BRDA:142,18,0,0
BRDA:142,18,1,0
BRDA:158,19,0,0
BRDA:158,19,1,0
BRDA:163,20,0,0
BRDA:163,20,1,0
BRDA:168,21,0,0
BRDA:168,21,1,0
BRDA:181,22,0,0
BRDA:181,22,1,0
BRDA:187,23,0,0
BRDA:187,23,1,0
BRF:49
BRH:12
end_of_record
TN:
SF:server/routes/households.js
FN:8,(anonymous_0)
FN:28,(anonymous_1)
FN:45,(anonymous_2)
FN:70,(anonymous_3)
FN:94,(anonymous_4)
FN:128,(anonymous_5)
FN:159,(anonymous_6)
FN:171,(anonymous_7)
FN:195,(anonymous_8)
FNF:9
FNH:3
FNDA:1,(anonymous_0)
FNDA:1,(anonymous_1)
FNDA:0,(anonymous_2)
FNDA:1,(anonymous_3)
FNDA:0,(anonymous_4)
FNDA:0,(anonymous_5)
FNDA:0,(anonymous_6)
FNDA:0,(anonymous_7)
FNDA:0,(anonymous_8)
DA:1,1
DA:2,1
DA:3,1
DA:4,1
DA:5,1
DA:8,1
DA:9,1
DA:10,1
DA:12,1
DA:13,0
DA:16,1
DA:18,1
DA:28,1
DA:40,0
DA:45,1
DA:46,0
DA:47,0
DA:49,0
DA:50,0
DA:53,0
DA:54,0
DA:56,0
DA:65,0
DA:70,1
DA:71,1
DA:72,1
DA:74,1
DA:75,0
DA:78,1
DA:79,0
DA:82,1
DA:84,1
DA:89,0
DA:94,1
DA:95,0
DA:96,0
DA:98,0
DA:99,0
DA:102,0
DA:103,0
DA:106,0
DA:107,0
DA:108,0
DA:111,0
DA:117,0
DA:118,0
DA:120,0
DA:123,0
DA:128,1
DA:129,0
DA:130,0
DA:132,0
DA:133,0
DA:136,0
DA:138,0
DA:139,0
DA:142,0
DA:144,0
DA:145,0
DA:148,0
DA:150,0
DA:152,0
DA:159,0
DA:166,0
DA:171,1
DA:172,0
DA:173,0
DA:175,0
DA:176,0
DA:179,0
DA:180,0
DA:183,0
DA:184,0
DA:186,0
DA:188,0
DA:190,0
DA:195,1
DA:196,0
DA:197,0
DA:199,0
DA:200,0
DA:204,0
DA:205,0
DA:206,0
DA:209,0
DA:210,0
DA:213,0
DA:214,0
DA:215,0
DA:216,0
DA:220,0
DA:222,0
DA:223,0
DA:226,0
DA:228,0
DA:232,1
LF:96
LH:25
BRDA:12,0,0,0
BRDA:12,0,1,1
BRDA:49,1,0,0
BRDA:49,1,1,0
BRDA:54,2,0,0
BRDA:54,2,1,0
BRDA:74,3,0,0
BRDA:74,3,1,1
BRDA:78,4,0,0
BRDA:78,4,1,1
BRDA:98,5,0,0
BRDA:98,5,1,0
BRDA:102,6,0,0
BRDA:102,6,1,0
BRDA:107,7,0,0
BRDA:107,7,1,0
BRDA:117,8,0,0
BRDA:117,8,1,0
BRDA:120,9,0,0
BRDA:120,9,1,0
BRDA:132,10,0,0
BRDA:132,10,1,0
BRDA:138,11,0,0
BRDA:138,11,1,0
BRDA:144,12,0,0
BRDA:144,12,1,0
BRDA:175,13,0,0
BRDA:175,13,1,0
BRDA:179,14,0,0
BRDA:179,14,1,0
BRDA:188,15,0,0
BRDA:188,15,1,0
BRDA:199,16,0,0
BRDA:199,16,1,0
BRDA:205,17,0,0
BRDA:205,17,1,0
BRDA:205,18,0,0
BRDA:205,18,1,0
BRDA:213,19,0,0
BRDA:213,19,1,0
BRDA:213,20,0,0
BRDA:213,20,1,0
BRDA:215,21,0,0
BRDA:215,21,1,0
BRDA:222,22,0,0
BRDA:222,22,1,0
BRDA:222,23,0,0
BRDA:222,23,1,0
BRF:48
BRH:3
end_of_record
TN:
SF:server/routes/notifications.js
FN:8,(anonymous_0)
FN:18,(anonymous_1)
FN:31,(anonymous_2)
FN:41,(anonymous_3)
FN:45,(anonymous_4)
FN:46,(anonymous_5)
FN:71,(anonymous_6)
FN:81,(anonymous_7)
FN:82,(anonymous_8)
FNF:9
FNH:0
FNDA:0,(anonymous_0)
FNDA:0,(anonymous_1)
FNDA:0,(anonymous_2)
FNDA:0,(anonymous_3)
FNDA:0,(anonymous_4)
FNDA:0,(anonymous_5)
FNDA:0,(anonymous_6)
FNDA:0,(anonymous_7)
FNDA:0,(anonymous_8)
DA:1,1
DA:2,1
DA:3,1
DA:4,1
DA:5,1
DA:6,1
DA:8,1
DA:9,0
DA:10,0
DA:11,0
DA:13,0
DA:14,0
DA:18,1
DA:19,0
DA:20,0
DA:21,0
DA:26,0
DA:31,1
DA:32,0
DA:33,0
DA:34,0
DA:36,0
DA:41,1
DA:42,0
DA:43,0
DA:44,0
DA:45,0
DA:46,0
DA:47,0
DA:48,0
DA:52,0
DA:53,0
DA:60,0
DA:66,0
DA:71,1
DA:72,0
DA:73,0
DA:74,0
DA:76,0
DA:81,0
DA:82,0
DA:83,0
DA:84,0
DA:88,0
DA:90,0
DA:94,1
LF:46
LH:12
BRDA:10,0,0,0
BRDA:10,0,1,0
BRDA:47,1,0,0
BRDA:47,1,1,0
BRDA:52,2,0,0
BRDA:52,2,1,0
BRDA:63,3,0,0
BRDA:63,3,1,0
BRDA:82,4,0,0
BRDA:82,4,1,0
BRDA:82,5,0,0
BRDA:82,5,1,0
BRDA:82,6,0,0
BRDA:82,6,1,0
BRDA:83,7,0,0
BRDA:83,7,1,0
BRF:16
BRH:0
end_of_record
TN:
SF:server/routes/tasks.js
FN:8,(anonymous_0)
FN:15,(anonymous_1)
FN:25,(anonymous_2)
FN:45,(anonymous_3)
FN:54,(anonymous_4)
FN:82,(anonymous_5)
FN:103,(anonymous_6)
FN:126,(anonymous_7)
FN:174,(anonymous_8)
FN:195,(anonymous_9)
FN:212,(anonymous_10)
FN:233,(anonymous_11)
FN:260,(anonymous_12)
FN:283,(anonymous_13)
FNF:14
FNH:5
FNDA:0,(anonymous_0)
FNDA:6,(anonymous_1)
FNDA:4,(anonymous_2)
FNDA:3,(anonymous_3)
FNDA:0,(anonymous_4)
FNDA:1,(anonymous_5)
FNDA:0,(anonymous_6)
FNDA:0,(anonymous_7)
FNDA:1,(anonymous_8)
FNDA:0,(anonymous_9)
FNDA:0,(anonymous_10)
FNDA:0,(anonymous_11)
FNDA:0,(anonymous_12)
FNDA:0,(anonymous_13)
DA:1,1
DA:2,1
DA:3,1
DA:4,1
DA:5,1
DA:8,1
DA:9,0
DA:10,0
DA:11,0
DA:12,0
DA:15,1
DA:16,6
DA:17,6
DA:18,0
DA:20,6
DA:21,6
DA:25,1
DA:26,4
DA:27,4
DA:28,4
DA:29,0
DA:32,4
DA:34,4
DA:35,4
DA:36,1
DA:39,3
DA:44,3
DA:45,3
DA:46,3
DA:47,3
DA:50,0
DA:54,1
DA:55,0
DA:58,0
DA:59,0
DA:60,0
DA:61,0
DA:62,0
DA:63,0
DA:64,0
DA:65,0
DA:66,0
DA:67,0
DA:68,0
DA:69,0
DA:70,0
DA:71,0
DA:72,0
DA:75,0
DA:82,1
DA:83,1
DA:84,1
DA:86,1
DA:87,1
DA:88,1
DA:89,0
DA:90,0
DA:92,1
DA:93,1
DA:95,1
DA:96,1
DA:98,0
DA:103,1
DA:104,0
DA:105,0
DA:109,0
DA:110,0
DA:111,0
DA:113,0
DA:114,0
DA:115,0
DA:118,0
DA:119,0
DA:121,0
DA:126,1
DA:127,0
DA:128,0
DA:131,0
DA:133,0
DA:134,0
DA:135,0
DA:136,0
DA:137,0
DA:138,0
DA:139,0
DA:140,0
DA:141,0
DA:142,0
DA:143,0
DA:144,0
DA:145,0
DA:146,0
DA:147,0
DA:150,0
DA:151,0
DA:152,0
DA:153,0
DA:154,0
DA:155,0
DA:156,0
DA:157,0
DA:158,0
DA:159,0
DA:160,0
DA:161,0
DA:162,0
DA:163,0
DA:166,0
DA:167,0
DA:169,0
DA:174,1
DA:175,1
DA:176,1
DA:178,1
DA:179,1
DA:180,0
DA:183,1
DA:184,0
DA:187,1
DA:188,1
DA:190,0
DA:195,1
DA:196,0
DA:197,0
DA:199,0
DA:200,0
DA:201,0
DA:203,0
DA:204,0
DA:207,0
DA:212,1
DA:213,0
DA:214,0
DA:215,0
DA:217,0
DA:218,0
DA:221,0
DA:222,0
DA:225,0
DA:226,0
DA:228,0
DA:233,1
DA:234,0
DA:235,0
DA:238,0
DA:239,0
DA:240,0
DA:242,0
DA:243,0
DA:244,0
DA:247,0
DA:248,0
DA:250,0
DA:255,0
DA:260,1
DA:261,0
DA:262,0
DA:263,0
DA:266,0
DA:267,0
DA:268,0
DA:270,0
DA:271,0
DA:272,0
DA:275,0
DA:276,0
DA:278,0
DA:283,1
DA:284,0
DA:285,0
DA:287,0
DA:288,0
DA:289,0
DA:290,0
DA:291,0
DA:294,0
DA:296,0
DA:303,0
DA:304,0
DA:305,0
DA:308,0
DA:309,0
DA:310,0
DA:312,0
DA:313,0
DA:317,0
DA:319,0
DA:323,1
LF:188
LH:51
BRDA:17,0,0,0
BRDA:17,0,1,6
BRDA:28,1,0,0
BRDA:28,1,1,4
BRDA:28,2,0,4
BRDA:28,2,1,4
BRDA:32,3,0,4
BRDA:32,3,1,0
BRDA:35,4,0,1
BRDA:35,4,1,3
BRDA:45,5,0,3
BRDA:45,5,1,2
BRDA:45,6,0,3
BRDA:45,6,1,3
BRDA:46,7,0,0
BRDA:46,7,1,3
BRDA:58,8,0,0
BRDA:58,8,1,0
BRDA:63,9,0,0
BRDA:63,9,1,0
BRDA:65,10,0,0
BRDA:65,10,1,0
BRDA:70,11,0,0
BRDA:70,11,1,0
BRDA:87,12,0,1
BRDA:87,12,1,0
BRDA:88,13,0,0
BRDA:88,13,1,1
BRDA:88,14,0,1
BRDA:88,14,1,0
BRDA:92,15,0,0
BRDA:92,15,1,1
BRDA:93,16,0,0
BRDA:93,16,1,1
BRDA:109,17,0,0
BRDA:109,17,1,0
BRDA:109,18,0,0
BRDA:109,18,1,0
BRDA:113,19,0,0
BRDA:113,19,1,0
BRDA:133,20,0,0
BRDA:133,20,1,0
BRDA:138,21,0,0
BRDA:138,21,1,0
BRDA:145,22,0,0
BRDA:145,22,1,0
BRDA:150,23,0,0
BRDA:150,23,1,0
BRDA:155,24,0,0
BRDA:155,24,1,0
BRDA:162,25,0,0
BRDA:162,25,1,0
BRDA:179,26,0,0
BRDA:179,26,1,1
BRDA:183,27,0,0
BRDA:183,27,1,1
BRDA:199,28,0,0
BRDA:199,28,1,0
BRDA:199,29,0,0
BRDA:199,29,1,0
BRDA:217,30,0,0
BRDA:217,30,1,0
BRDA:221,31,0,0
BRDA:221,31,1,0
BRDA:238,32,0,0
BRDA:238,32,1,0
BRDA:238,33,0,0
BRDA:238,33,1,0
BRDA:242,34,0,0
BRDA:242,34,1,0
BRDA:266,35,0,0
BRDA:266,35,1,0
BRDA:266,36,0,0
BRDA:266,36,1,0
BRDA:270,37,0,0
BRDA:270,37,1,0
BRDA:287,38,0,0
BRDA:287,38,1,0
BRDA:304,39,0,0
BRDA:304,39,1,0
BRDA:305,40,0,0
BRDA:305,40,1,0
BRDA:310,41,0,0
BRDA:310,41,1,0
BRDA:312,42,0,0
BRDA:312,42,1,0
BRF:86
BRH:19
end_of_record
TN:
SF:server/routes/templates.js
FN:8,(anonymous_0)
FN:18,(anonymous_1)
FN:28,(anonymous_2)
FN:57,(anonymous_3)
FN:86,(anonymous_4)
FNF:5
FNH:3
FNDA:2,(anonymous_0)
FNDA:1,(anonymous_1)
FNDA:1,(anonymous_2)
FNDA:0,(anonymous_3)
FNDA:0,(anonymous_4)
DA:1,1
DA:2,1
DA:3,1
DA:4,1
DA:5,1
DA:8,1
DA:9,2
DA:10,2
DA:11,0
DA:13,2
DA:14,2
DA:18,1
DA:19,1
DA:20,1
DA:21,1
DA:23,0
DA:28,1
DA:29,1
DA:30,1
DA:32,1
DA:33,0
DA:36,1
DA:37,1
DA:38,1
DA:39,0
DA:42,1
DA:50,1
DA:52,0
DA:57,1
DA:58,0
DA:59,0
DA:60,0
DA:62,0
DA:63,0
DA:64,0
DA:67,0
DA:68,0
DA:71,0
DA:79,0
DA:81,0
DA:86,1
DA:87,0
DA:88,0
DA:90,0
DA:91,0
DA:92,0
DA:95,0
DA:96,0
DA:99,0
DA:101,0
DA:103,0
DA:107,1
LF:52
LH:26
BRDA:10,0,0,0
BRDA:10,0,1,2
BRDA:32,1,0,0
BRDA:32,1,1,1
BRDA:32,2,0,1
BRDA:32,2,1,1
BRDA:37,3,0,1
BRDA:37,3,1,0
BRDA:38,4,0,0
BRDA:38,4,1,1
BRDA:44,5,0,1
BRDA:44,5,1,0
BRDA:47,6,0,1
BRDA:47,6,1,1
BRDA:63,7,0,0
BRDA:63,7,1,0
BRDA:67,8,0,0
BRDA:67,8,1,0
BRDA:91,9,0,0
BRDA:91,9,1,0
BRDA:95,10,0,0
BRDA:95,10,1,0
BRF:22
BRH:9
end_of_record
TN:
SF:server/services/notification.js
FN:7,(anonymous_0)
FN:16,(anonymous_1)
FN:34,(anonymous_2)
FN:42,(anonymous_3)
FN:50,(anonymous_4)
FN:57,(anonymous_5)
FN:58,(anonymous_6)
FN:75,(anonymous_7)
FN:77,(anonymous_8)
FN:78,(anonymous_9)
FN:88,(anonymous_10)
FN:94,(anonymous_11)
FN:113,(anonymous_12)
FN:132,(anonymous_13)
FN:133,(anonymous_14)
FN:139,(anonymous_15)
FN:143,(anonymous_16)
FN:158,(anonymous_17)
FN:161,(anonymous_18)
FN:162,(anonymous_19)
FN:178,(anonymous_20)
FN:186,(anonymous_21)
FNF:22
FNH:0
FNDA:0,(anonymous_0)
FNDA:0,(anonymous_1)
FNDA:0,(anonymous_2)
FNDA:0,(anonymous_3)
FNDA:0,(anonymous_4)
FNDA:0,(anonymous_5)
FNDA:0,(anonymous_6)
FNDA:0,(anonymous_7)
FNDA:0,(anonymous_8)
FNDA:0,(anonymous_9)
FNDA:0,(anonymous_10)
FNDA:0,(anonymous_11)
FNDA:0,(anonymous_12)
FNDA:0,(anonymous_13)
FNDA:0,(anonymous_14)
FNDA:0,(anonymous_15)
FNDA:0,(anonymous_16)
FNDA:0,(anonymous_17)
FNDA:0,(anonymous_18)
FNDA:0,(anonymous_19)
FNDA:0,(anonymous_20)
FNDA:0,(anonymous_21)
DA:1,1
DA:2,1
DA:3,1
DA:4,1
DA:5,1
DA:7,1
DA:8,0
DA:9,0
DA:10,0
DA:11,0
DA:12,0
DA:17,0
DA:35,0
DA:36,0
DA:37,0
DA:39,0
DA:43,0
DA:44,0
DA:45,0
DA:47,0
DA:51,0
DA:52,0
DA:53,0
DA:54,0
DA:58,0
DA:59,0
DA:60,0
DA:61,0
DA:63,0
DA:75,0
DA:76,0
DA:77,0
DA:78,0
DA:79,0
DA:80,0
DA:82,0
DA:87,0
DA:88,0
DA:89,0
DA:90,0
DA:95,0
DA:96,0
DA:97,0
DA:100,0
DA:102,0
DA:103,0
DA:105,0
DA:106,0
DA:108,0
DA:109,0
DA:114,0
DA:115,0
DA:116,0
DA:117,0
DA:120,0
DA:121,0
DA:126,0
DA:127,0
DA:128,0
DA:131,0
DA:132,0
DA:133,0
DA:134,0
DA:135,0
DA:139,0
DA:140,0
DA:141,0
DA:143,0
DA:144,0
DA:150,0
DA:151,0
DA:153,0
DA:154,0
DA:159,0
DA:160,0
DA:161,0
DA:162,0
DA:163,0
DA:164,0
DA:168,0
DA:169,0
DA:170,0
DA:171,0
DA:174,0
DA:175,0
DA:179,0
DA:180,0
DA:187,0
DA:188,0
DA:189,0
DA:192,0
DA:194,0
DA:195,0
DA:197,0
DA:198,0
DA:200,0
DA:201,0
DA:206,1
LF:98
LH:7
BRDA:18,0,0,0
BRDA:18,0,1,0
BRDA:19,1,0,0
BRDA:19,1,1,0
BRDA:35,2,0,0
BRDA:35,2,1,0
BRDA:36,3,0,0
BRDA:36,3,1,0
BRDA:39,4,0,0
BRDA:39,4,1,0
BRDA:43,5,0,0
BRDA:43,5,1,0
BRDA:44,6,0,0
BRDA:44,6,1,0
BRDA:60,7,0,0
BRDA:60,7,1,0
BRDA:79,8,0,0
BRDA:79,8,1,0
BRDA:79,9,0,0
BRDA:79,9,1,0
BRDA:96,10,0,0
BRDA:96,10,1,0
BRDA:100,11,0,0
BRDA:100,11,1,0
BRDA:115,12,0,0
BRDA:115,12,1,0
BRDA:126,13,0,0
BRDA:126,13,1,0
BRDA:134,14,0,0
BRDA:134,14,1,0
BRDA:163,15,0,0
BRDA:163,15,1,0
BRDA:171,16,0,0
BRDA:171,16,1,0
BRDA:188,17,0,0
BRDA:188,17,1,0
BRDA:192,18,0,0
BRDA:192,18,1,0
BRF:38
BRH:0
end_of_record
TN:
SF:server/utils/jwt.js
FN:11,(anonymous_0)
FN:24,(anonymous_1)
FN:34,(anonymous_2)
FNF:3
FNH:3
FNDA:6,(anonymous_0)
FNDA:10,(anonymous_1)
FNDA:10,(anonymous_2)
DA:1,1
DA:3,1
DA:5,1
DA:6,0
DA:12,6
DA:19,6
DA:20,6
DA:25,10
DA:26,10
DA:27,10
DA:29,0
DA:35,10
DA:36,0
DA:38,10
DA:42,1
LF:15
LH:12
BRDA:5,0,0,0
BRDA:5,0,1,1
BRDA:11,1,0,6
BRDA:11,2,0,6
BRDA:35,3,0,0
BRDA:35,3,1,10
BRDA:35,4,0,10
BRDA:35,4,1,10
BRF:8
BRH:6
end_of_record
